<?xml version="1.0" encoding="utf-8"?>
<TestRun id="05c2f49b-94b5-4680-82fd-667fdc629269" name="@MAIN-HOME-PC 2025-06-24 23:16:47" xmlns="http://microsoft.com/schemas/VisualStudio/TeamTest/2010">
  <Times creation="2025-06-24T23:16:47.8076589+10:00" queuing="2025-06-24T23:16:47.8076589+10:00" start="2025-06-24T23:16:46.3698360+10:00" finish="2025-06-24T23:17:04.5682636+10:00" />
  <TestSettings name="default" id="bb17c444-f324-4a27-92ce-1ee5da7cd71d">
    <Deployment runDeploymentRoot="_MAIN-HOME-PC_2025-06-24_23_16_47" />
  </TestSettings>
  <Results>
    <UnitTestResult executionId="cffced3a-f519-4ae4-9a51-e31dcf4e5c9d" testId="344faad3-993b-6569-070e-23e579a86adc" testName="core.jarvis.api.tests.Security.EssentialSecurityValidationTests.PasswordPolicy_MustEnforceStrength_ToProtectKittens" computerName="MAIN-HOME-PC" duration="00:00:00.0003888" startTime="2025-06-24T23:16:48.3847542+10:00" endTime="2025-06-24T23:16:48.3847543+10:00" testType="13cdc9d9-ddb5-4fa4-a97d-d965ccfc6d4b" outcome="Passed" testListId="8c84fa94-04c1-424b-9868-57a2d4851a1d" relativeResultsDirectory="cffced3a-f519-4ae4-9a51-e31dcf4e5c9d" />
    <UnitTestResult executionId="731fba9c-dd5a-4974-a4b1-2c3ad4af64c3" testId="23887283-d4ab-1433-13dd-8c54e277998c" testName="core.jarvis.api.tests.Security.TimingAttackTests.ConstantTimeEquals_ShouldHaveConsistentTiming" computerName="MAIN-HOME-PC" duration="00:00:00.0125352" startTime="2025-06-24T23:16:49.7918256+10:00" endTime="2025-06-24T23:16:49.7918257+10:00" testType="13cdc9d9-ddb5-4fa4-a97d-d965ccfc6d4b" outcome="Passed" testListId="8c84fa94-04c1-424b-9868-57a2d4851a1d" relativeResultsDirectory="731fba9c-dd5a-4974-a4b1-2c3ad4af64c3" />
    <UnitTestResult executionId="7998c061-2f41-48d9-88de-af23e43043b5" testId="328960f7-f3c3-c259-5f98-15a998132eff" testName="core.jarvis.api.tests.Security.TimingAttackTests.TimingProtection_ComprehensiveValidation" computerName="MAIN-HOME-PC" duration="00:00:00.1388339" startTime="2025-06-24T23:16:47.7378401+10:00" endTime="2025-06-24T23:16:47.7379748+10:00" testType="13cdc9d9-ddb5-4fa4-a97d-d965ccfc6d4b" outcome="Passed" testListId="8c84fa94-04c1-424b-9868-57a2d4851a1d" relativeResultsDirectory="7998c061-2f41-48d9-88de-af23e43043b5" />
    <UnitTestResult executionId="8cdd882e-5800-4b0a-8b0d-b55c7e7b7078" testId="f58477e8-0346-be6d-14f8-d9167f605aba" testName="core.jarvis.api.tests.Functions.SwaggerFunctionsTests.RenderOpenApiDocument_ShouldReturnCorrectContentType(extension: &quot;yaml&quot;, expectedContentType: &quot;text/yaml&quot;)" computerName="MAIN-HOME-PC" duration="00:00:00.0089497" startTime="2025-06-24T23:16:47.8418800+10:00" endTime="2025-06-24T23:16:47.8418800+10:00" testType="13cdc9d9-ddb5-4fa4-a97d-d965ccfc6d4b" outcome="Passed" testListId="8c84fa94-04c1-424b-9868-57a2d4851a1d" relativeResultsDirectory="8cdd882e-5800-4b0a-8b0d-b55c7e7b7078" />
    <UnitTestResult executionId="60a4e86c-1ea3-4498-a948-d127b7b21839" testId="cd4bea3e-8c6c-5933-752c-085581bebeb0" testName="core.jarvis.api.tests.Unit.Services.TokenServiceTests.ValidateToken_With_Wrong_Issuer_Should_Return_Null" computerName="MAIN-HOME-PC" duration="00:00:00.0003268" startTime="2025-06-24T23:16:48.3923152+10:00" endTime="2025-06-24T23:16:48.3923152+10:00" testType="13cdc9d9-ddb5-4fa4-a97d-d965ccfc6d4b" outcome="Passed" testListId="8c84fa94-04c1-424b-9868-57a2d4851a1d" relativeResultsDirectory="60a4e86c-1ea3-4498-a948-d127b7b21839" />
    <UnitTestResult executionId="3e312dfe-f8f2-4733-8217-f28f20d4a232" testId="b7989615-8e75-26eb-df6f-03184ebdc65e" testName="core.jarvis.api.tests.Security.ApiPenetrationTests.JWT_MustBeImmuneToManipulation" computerName="MAIN-HOME-PC" duration="00:00:00.1549055" startTime="2025-06-24T23:16:48.2244187+10:00" endTime="2025-06-24T23:16:48.2244187+10:00" testType="13cdc9d9-ddb5-4fa4-a97d-d965ccfc6d4b" outcome="Passed" testListId="8c84fa94-04c1-424b-9868-57a2d4851a1d" relativeResultsDirectory="3e312dfe-f8f2-4733-8217-f28f20d4a232" />
    <UnitTestResult executionId="aa2a1cf4-1c28-4e2b-8d64-774af3af395c" testId="5685fbde-686d-5dd3-4b98-033e19d69cd1" testName="core.jarvis.api.tests.Integration.Security.CoreSecurityValidationTests.SecurityAudit_MustLogAllEvents" computerName="MAIN-HOME-PC" duration="00:00:00.0469274" startTime="2025-06-24T23:16:48.3447897+10:00" endTime="2025-06-24T23:16:48.3447897+10:00" testType="13cdc9d9-ddb5-4fa4-a97d-d965ccfc6d4b" outcome="Passed" testListId="8c84fa94-04c1-424b-9868-57a2d4851a1d" relativeResultsDirectory="aa2a1cf4-1c28-4e2b-8d64-774af3af395c" />
    <UnitTestResult executionId="cece8641-6137-4d74-9466-551b1647b123" testId="d4799eea-c13f-bdcb-7a6d-32f1194386ad" testName="core.jarvis.api.tests.Security.ApiPenetrationTests.Sessions_MustRegenerateOnAuth" computerName="MAIN-HOME-PC" duration="00:00:00.2151995" startTime="2025-06-24T23:16:48.5819245+10:00" endTime="2025-06-24T23:16:48.5819245+10:00" testType="13cdc9d9-ddb5-4fa4-a97d-d965ccfc6d4b" outcome="Passed" testListId="8c84fa94-04c1-424b-9868-57a2d4851a1d" relativeResultsDirectory="cece8641-6137-4d74-9466-551b1647b123" />
    <UnitTestResult executionId="ee44ab47-72d9-404e-9de8-25a5afc21fc8" testId="46ef6f2b-b5f8-f07d-5e66-c94cd87ca722" testName="core.jarvis.api.tests.Functions.SwaggerFunctionsTests.RenderOpenApiDocument_ShouldIncludeAllSchemas" computerName="MAIN-HOME-PC" duration="00:00:00.0010000" startTime="2025-06-24T23:16:47.8511859+10:00" endTime="2025-06-24T23:16:47.8511862+10:00" testType="13cdc9d9-ddb5-4fa4-a97d-d965ccfc6d4b" outcome="NotExecuted" testListId="8c84fa94-04c1-424b-9868-57a2d4851a1d" relativeResultsDirectory="ee44ab47-72d9-404e-9de8-25a5afc21fc8">
      <Output>
        <ErrorInfo>
          <Message>Schema validation needs update after ECS refactoring</Message>
        </ErrorInfo>
      </Output>
    </UnitTestResult>
    <UnitTestResult executionId="d1d6dbae-2afa-4451-ae98-6417e5828127" testId="6ccd858a-848b-7c06-8a81-bdff7c720780" testName="core.jarvis.api.tests.Functions.SwaggerFunctionsTests.RenderOpenApiDocument_Yaml_ShouldReturnValidYamlDocument" computerName="MAIN-HOME-PC" duration="00:00:00.0019714" startTime="2025-06-24T23:16:47.8488558+10:00" endTime="2025-06-24T23:16:47.8488560+10:00" testType="13cdc9d9-ddb5-4fa4-a97d-d965ccfc6d4b" outcome="Passed" testListId="8c84fa94-04c1-424b-9868-57a2d4851a1d" relativeResultsDirectory="d1d6dbae-2afa-4451-ae98-6417e5828127" />
    <UnitTestResult executionId="192d3ea2-5aa0-4f8f-a640-c8bd3755148a" testId="d79fed56-affa-14da-8ec4-5102cba1b4a6" testName="core.jarvis.api.tests.Unit.Services.TokenServiceTests.ValidateToken_With_Invalid_Token_Should_Return_Null" computerName="MAIN-HOME-PC" duration="00:00:00.0002370" startTime="2025-06-24T23:16:48.3899409+10:00" endTime="2025-06-24T23:16:48.3899410+10:00" testType="13cdc9d9-ddb5-4fa4-a97d-d965ccfc6d4b" outcome="Passed" testListId="8c84fa94-04c1-424b-9868-57a2d4851a1d" relativeResultsDirectory="192d3ea2-5aa0-4f8f-a640-c8bd3755148a" />
    <UnitTestResult executionId="5613c166-b22f-46ba-b6a9-1f08f8a53412" testId="2f775ddc-70d7-92b7-3647-546b58ec57a8" testName="core.jarvis.api.tests.Unit.Services.TokenServiceTests.HashRefreshToken_Should_Create_Consistent_Hash" computerName="MAIN-HOME-PC" duration="00:00:00.0000797" startTime="2025-06-24T23:16:48.3904725+10:00" endTime="2025-06-24T23:16:48.3904726+10:00" testType="13cdc9d9-ddb5-4fa4-a97d-d965ccfc6d4b" outcome="Passed" testListId="8c84fa94-04c1-424b-9868-57a2d4851a1d" relativeResultsDirectory="5613c166-b22f-46ba-b6a9-1f08f8a53412" />
    <UnitTestResult executionId="d457cb32-2f67-4971-95c1-eca234286eec" testId="925daedb-9b80-5dc3-c0fb-70f7105d46d8" testName="core.jarvis.api.tests.Integration.Functions.ComponentValidationMiddlewareTests.IsValidComponentOrGuid_With_Component_Missing_OwnerEntityId_Should_Return_False" computerName="MAIN-HOME-PC" duration="00:00:00.0001565" startTime="2025-06-24T23:16:47.7731404+10:00" endTime="2025-06-24T23:16:47.7731404+10:00" testType="13cdc9d9-ddb5-4fa4-a97d-d965ccfc6d4b" outcome="Passed" testListId="8c84fa94-04c1-424b-9868-57a2d4851a1d" relativeResultsDirectory="d457cb32-2f67-4971-95c1-eca234286eec" />
    <UnitTestResult executionId="06ea7656-9231-4db5-bf57-e3163bc107fa" testId="f67a8551-3c44-c156-39f2-44291d88df44" testName="core.jarvis.api.tests.Security.CryptographicSecurityTests.PasswordHashing_MustUseSecureAlgorithm" computerName="MAIN-HOME-PC" duration="00:00:00.2834010" startTime="2025-06-24T23:16:50.6338888+10:00" endTime="2025-06-24T23:16:50.6338889+10:00" testType="13cdc9d9-ddb5-4fa4-a97d-d965ccfc6d4b" outcome="Passed" testListId="8c84fa94-04c1-424b-9868-57a2d4851a1d" relativeResultsDirectory="06ea7656-9231-4db5-bf57-e3163bc107fa" />
    <UnitTestResult executionId="cb10f8f3-d758-4d49-ba8b-9407507cccb7" testId="22d5a959-925c-daeb-eea8-4e9dc99a2d3f" testName="core.jarvis.api.tests.Unit.Services.TokenServiceTests.GenerateRefreshToken_Should_Create_Unique_Tokens" computerName="MAIN-HOME-PC" duration="00:00:00.0000855" startTime="2025-06-24T23:16:48.3921992+10:00" endTime="2025-06-24T23:16:48.3921992+10:00" testType="13cdc9d9-ddb5-4fa4-a97d-d965ccfc6d4b" outcome="Passed" testListId="8c84fa94-04c1-424b-9868-57a2d4851a1d" relativeResultsDirectory="cb10f8f3-d758-4d49-ba8b-9407507cccb7" />
    <UnitTestResult executionId="18780a63-9087-40c2-96cd-92762dfb8b6c" testId="08991b98-c9ed-ca60-8a47-4fd02fc24cd5" testName="core.jarvis.api.tests.Functions.SwaggerFunctionsTests.RenderOpenApiDocument_Json_ShouldReturnValidOpenApiDocument" computerName="MAIN-HOME-PC" duration="00:00:00.0013569" startTime="2025-06-24T23:16:47.8515496+10:00" endTime="2025-06-24T23:16:47.8515496+10:00" testType="13cdc9d9-ddb5-4fa4-a97d-d965ccfc6d4b" outcome="Passed" testListId="8c84fa94-04c1-424b-9868-57a2d4851a1d" relativeResultsDirectory="18780a63-9087-40c2-96cd-92762dfb8b6c" />
    <UnitTestResult executionId="5c33e913-baae-4887-ab4f-8f48c313564f" testId="5647e39c-6c61-fbcc-7f92-501375424e46" testName="core.jarvis.api.tests.Security.TimingAttackTests.ExecuteWithMinimumTime_ShouldMaintainTimingOnException" computerName="MAIN-HOME-PC" duration="00:00:00.1020552" startTime="2025-06-24T23:16:49.8945778+10:00" endTime="2025-06-24T23:16:49.8945781+10:00" testType="13cdc9d9-ddb5-4fa4-a97d-d965ccfc6d4b" outcome="Passed" testListId="8c84fa94-04c1-424b-9868-57a2d4851a1d" relativeResultsDirectory="5c33e913-baae-4887-ab4f-8f48c313564f" />
    <UnitTestResult executionId="5564ac4f-d8e7-4e10-8f28-1b82a7076e29" testId="3ae5048f-a732-b14c-c213-cfe50e23f3a0" testName="core.jarvis.api.tests.Integration.Functions.ComponentValidationMiddlewareTests.IsValidComponentOrGuid_With_Component_Missing_Id_Should_Return_False" computerName="MAIN-HOME-PC" duration="00:00:00.0015992" startTime="2025-06-24T23:16:47.7499781+10:00" endTime="2025-06-24T23:16:47.7499781+10:00" testType="13cdc9d9-ddb5-4fa4-a97d-d965ccfc6d4b" outcome="Passed" testListId="8c84fa94-04c1-424b-9868-57a2d4851a1d" relativeResultsDirectory="5564ac4f-d8e7-4e10-8f28-1b82a7076e29" />
    <UnitTestResult executionId="5a449593-a454-4593-8dbc-c60c6271c49b" testId="676864d9-0483-dcb4-654f-9e0f5da9124f" testName="core.jarvis.api.tests.Security.ApiPenetrationTests.Auth_MustBeImmuneToNoSQLInjection" computerName="MAIN-HOME-PC" duration="00:00:00.0851312" startTime="2025-06-24T23:16:48.0619217+10:00" endTime="2025-06-24T23:16:48.0619217+10:00" testType="13cdc9d9-ddb5-4fa4-a97d-d965ccfc6d4b" outcome="Passed" testListId="8c84fa94-04c1-424b-9868-57a2d4851a1d" relativeResultsDirectory="5a449593-a454-4593-8dbc-c60c6271c49b" />
    <UnitTestResult executionId="1db7ffea-15cd-4179-b125-b83cac2154d8" testId="a5e829e2-1951-cd83-cd45-515cd0b9cbd7" testName="core.jarvis.api.tests.Security.ApiPenetrationTests.Auth_MustBeImmuneToLDAPInjection" computerName="MAIN-HOME-PC" duration="00:00:00.6300894" startTime="2025-06-24T23:16:59.3292827+10:00" endTime="2025-06-24T23:16:59.3292829+10:00" testType="13cdc9d9-ddb5-4fa4-a97d-d965ccfc6d4b" outcome="Passed" testListId="8c84fa94-04c1-424b-9868-57a2d4851a1d" relativeResultsDirectory="1db7ffea-15cd-4179-b125-b83cac2154d8" />
    <UnitTestResult executionId="7da2aae8-52dc-4674-b6f1-9ce2e0f20c05" testId="f342fc53-aabd-cfe7-87d0-2cdea7e1a083" testName="core.jarvis.api.tests.Security.TimingAttackTests.ExecuteWithMinimumTime_ShouldEnforceMinimum" computerName="MAIN-HOME-PC" duration="00:00:00.2291026" startTime="2025-06-24T23:16:50.1253471+10:00" endTime="2025-06-24T23:16:50.1253472+10:00" testType="13cdc9d9-ddb5-4fa4-a97d-d965ccfc6d4b" outcome="Passed" testListId="8c84fa94-04c1-424b-9868-57a2d4851a1d" relativeResultsDirectory="7da2aae8-52dc-4674-b6f1-9ce2e0f20c05" />
    <UnitTestResult executionId="c46fafdf-bdbf-4f4a-85bb-3ec3a6b9f724" testId="f652a3f5-c6c9-49d2-2f43-6608fddd893f" testName="core.jarvis.api.tests.Integration.Functions.ComponentValidationMiddlewareTests.IsValidComponentOrGuid_With_Case_Insensitive_Properties_Should_Return_True" computerName="MAIN-HOME-PC" duration="00:00:00.0001800" startTime="2025-06-24T23:16:47.7502138+10:00" endTime="2025-06-24T23:16:47.7502138+10:00" testType="13cdc9d9-ddb5-4fa4-a97d-d965ccfc6d4b" outcome="Passed" testListId="8c84fa94-04c1-424b-9868-57a2d4851a1d" relativeResultsDirectory="c46fafdf-bdbf-4f4a-85bb-3ec3a6b9f724" />
    <UnitTestResult executionId="cc3c5e7f-3da9-4de8-aff8-89ead94ee0d3" testId="09b235ae-290c-448c-aaf1-dcb9c8299697" testName="core.jarvis.api.tests.Unit.Services.TokenServiceTests.VerifyRefreshToken_With_Correct_Token_Should_Return_True" computerName="MAIN-HOME-PC" duration="00:00:00.0000998" startTime="2025-06-24T23:16:48.3902795+10:00" endTime="2025-06-24T23:16:48.3902796+10:00" testType="13cdc9d9-ddb5-4fa4-a97d-d965ccfc6d4b" outcome="Passed" testListId="8c84fa94-04c1-424b-9868-57a2d4851a1d" relativeResultsDirectory="cc3c5e7f-3da9-4de8-aff8-89ead94ee0d3" />
    <UnitTestResult executionId="d9e2b5b3-6592-4583-9748-e00d9043490c" testId="82ab64f1-4f80-295c-6e32-4a63f1b67333" testName="core.jarvis.api.tests.Security.ApiPenetrationTests.Authorization_MustPreventBypass" computerName="MAIN-HOME-PC" duration="00:00:00.0026620" startTime="2025-06-24T23:16:48.2314301+10:00" endTime="2025-06-24T23:16:48.2314301+10:00" testType="13cdc9d9-ddb5-4fa4-a97d-d965ccfc6d4b" outcome="Passed" testListId="8c84fa94-04c1-424b-9868-57a2d4851a1d" relativeResultsDirectory="d9e2b5b3-6592-4583-9748-e00d9043490c" />
    <UnitTestResult executionId="6696081d-25b1-48ce-b3c8-d62dbb21f959" testId="c7060a89-c05f-5276-a5dc-16293b9fe821" testName="core.jarvis.api.tests.Security.ApiPenetrationTests.RateLimiting_MustPreventBruteForce" computerName="MAIN-HOME-PC" duration="00:00:01.0853254" startTime="2025-06-24T23:16:50.3081074+10:00" endTime="2025-06-24T23:16:50.3081084+10:00" testType="13cdc9d9-ddb5-4fa4-a97d-d965ccfc6d4b" outcome="Passed" testListId="8c84fa94-04c1-424b-9868-57a2d4851a1d" relativeResultsDirectory="6696081d-25b1-48ce-b3c8-d62dbb21f959" />
    <UnitTestResult executionId="35e76934-bc87-42bd-b31d-cf9215a5e4a1" testId="e2737a33-1d90-d331-3419-033cecd062ae" testName="core.jarvis.api.tests.Security.EssentialSecurityValidationTests.RefreshTokens_MustBeHashed_NotPlainText" computerName="MAIN-HOME-PC" duration="00:00:00.0002387" startTime="2025-06-24T23:16:48.3854230+10:00" endTime="2025-06-24T23:16:48.3854230+10:00" testType="13cdc9d9-ddb5-4fa4-a97d-d965ccfc6d4b" outcome="Passed" testListId="8c84fa94-04c1-424b-9868-57a2d4851a1d" relativeResultsDirectory="35e76934-bc87-42bd-b31d-cf9215a5e4a1" />
    <UnitTestResult executionId="c8436f06-442d-4046-88df-8daabbd58d20" testId="bde50300-29cb-191f-f3b0-fbbcb0aea446" testName="core.jarvis.api.tests.Security.EssentialSecurityValidationTests.JWT_MustValidateSignatures_OrKittensWillBeHarmed" computerName="MAIN-HOME-PC" duration="00:00:00.0009645" startTime="2025-06-24T23:16:48.3864686+10:00" endTime="2025-06-24T23:16:48.3864687+10:00" testType="13cdc9d9-ddb5-4fa4-a97d-d965ccfc6d4b" outcome="Passed" testListId="8c84fa94-04c1-424b-9868-57a2d4851a1d" relativeResultsDirectory="c8436f06-442d-4046-88df-8daabbd58d20" />
    <UnitTestResult executionId="676ef3af-f71d-49fd-9a42-f5d124fffaec" testId="0319f766-9219-a5ce-55a5-0be6ae917910" testName="core.jarvis.api.tests.Security.CryptographicSecurityTests.SecureComparison_MustBeConstantTime" computerName="MAIN-HOME-PC" duration="00:00:00.0504436" startTime="2025-06-24T23:16:50.3485482+10:00" endTime="2025-06-24T23:16:50.3485484+10:00" testType="13cdc9d9-ddb5-4fa4-a97d-d965ccfc6d4b" outcome="Failed" testListId="8c84fa94-04c1-424b-9868-57a2d4851a1d" relativeResultsDirectory="676ef3af-f71d-49fd-9a42-f5d124fffaec">
      <Output>
        <ErrorInfo>
          <Message>Shouldly.ShouldAssertException : 77.25136254494174d&#xD;
    should be less than&#xD;
2d&#xD;
    but was not&#xD;
&#xD;
Additional Info:&#xD;
    Timing should be similar for correct/incorrect tokens</Message>
          <StackTrace>   at core.jarvis.api.tests.Security.CryptographicSecurityTests.SecureComparison_MustBeConstantTime() in C:\Code\github\Jarvis\core.jarvis.api.tests\Security\CryptographicSecurityTests.cs:line 343
   at System.RuntimeMethodHandle.InvokeMethod(Object target, Void** arguments, Signature sig, Boolean isConstructor)
   at System.Reflection.MethodBaseInvoker.InvokeWithNoArgs(Object obj, BindingFlags invokeAttr)</StackTrace>
        </ErrorInfo>
      </Output>
    </UnitTestResult>
    <UnitTestResult executionId="48be2fa0-1927-4b14-b4a7-a56d36dd50ff" testId="96b3f8e4-04e1-6643-cef6-67e547b6d96f" testName="core.jarvis.api.tests.Security.CryptographicSecurityTests.Hashing_MustUseSalts" computerName="MAIN-HOME-PC" duration="00:00:00.0017070" startTime="2025-06-24T23:16:48.0656288+10:00" endTime="2025-06-24T23:16:48.0656290+10:00" testType="13cdc9d9-ddb5-4fa4-a97d-d965ccfc6d4b" outcome="Passed" testListId="8c84fa94-04c1-424b-9868-57a2d4851a1d" relativeResultsDirectory="48be2fa0-1927-4b14-b4a7-a56d36dd50ff" />
    <UnitTestResult executionId="3009f83c-0671-4c68-be28-ab0206dc6ee2" testId="3dbd7d37-5f5e-3d2d-a330-189b46079636" testName="core.jarvis.api.tests.Security.ApiPenetrationTests.Auth_MustBeImmuneToCommandInjection" computerName="MAIN-HOME-PC" duration="00:00:00.7549386" startTime="2025-06-24T23:16:52.2333594+10:00" endTime="2025-06-24T23:16:52.2333596+10:00" testType="13cdc9d9-ddb5-4fa4-a97d-d965ccfc6d4b" outcome="Passed" testListId="8c84fa94-04c1-424b-9868-57a2d4851a1d" relativeResultsDirectory="3009f83c-0671-4c68-be28-ab0206dc6ee2" />
    <UnitTestResult executionId="6a556fb1-7f85-4dda-b498-995343771d26" testId="61bb5a14-f326-f7ab-2b7f-8fb8cdf29470" testName="core.jarvis.api.tests.Functions.SwaggerFunctionsTests.RenderOpenApiDocument_ShouldReturnCorrectContentType(extension: &quot;yml&quot;, expectedContentType: &quot;text/yaml&quot;)" computerName="MAIN-HOME-PC" duration="00:00:00.0011994" startTime="2025-06-24T23:16:47.8431310+10:00" endTime="2025-06-24T23:16:47.8431311+10:00" testType="13cdc9d9-ddb5-4fa4-a97d-d965ccfc6d4b" outcome="Passed" testListId="8c84fa94-04c1-424b-9868-57a2d4851a1d" relativeResultsDirectory="6a556fb1-7f85-4dda-b498-995343771d26" />
    <UnitTestResult executionId="343c9f0a-52bf-4a26-adda-d0bce60b55b9" testId="58ee0ad8-ac78-fad4-76ff-56558e3c72b4" testName="core.jarvis.api.tests.Unit.Services.TokenServiceTests.VerifyRefreshToken_With_Incorrect_Token_Should_Return_False" computerName="MAIN-HOME-PC" duration="00:00:00.0001115" startTime="2025-06-24T23:16:48.3920776+10:00" endTime="2025-06-24T23:16:48.3920776+10:00" testType="13cdc9d9-ddb5-4fa4-a97d-d965ccfc6d4b" outcome="Passed" testListId="8c84fa94-04c1-424b-9868-57a2d4851a1d" relativeResultsDirectory="343c9f0a-52bf-4a26-adda-d0bce60b55b9" />
    <UnitTestResult executionId="f0a5fd15-9a94-4237-ad4d-db32b5a45cf4" testId="a513eda7-ec6c-a2c9-575d-00ecb9f6ce35" testName="core.jarvis.api.tests.Unit.Services.TokenServiceTests.GenerateAccessToken_Should_Create_Valid_JWT_Token" computerName="MAIN-HOME-PC" duration="00:00:00.0001421" startTime="2025-06-24T23:16:48.3907926+10:00" endTime="2025-06-24T23:16:48.3907926+10:00" testType="13cdc9d9-ddb5-4fa4-a97d-d965ccfc6d4b" outcome="Passed" testListId="8c84fa94-04c1-424b-9868-57a2d4851a1d" relativeResultsDirectory="f0a5fd15-9a94-4237-ad4d-db32b5a45cf4" />
    <UnitTestResult executionId="98dc117c-1efb-4f42-9a2a-aaafb8add9d1" testId="65200d15-d7d4-ca03-b0aa-9a4fac76c393" testName="core.jarvis.api.tests.Security.CryptographicSecurityTests.JWT_SecretKey_MustBeStrong" computerName="MAIN-HOME-PC" duration="00:00:00.0017044" startTime="2025-06-24T23:16:48.0512212+10:00" endTime="2025-06-24T23:16:48.0512213+10:00" testType="13cdc9d9-ddb5-4fa4-a97d-d965ccfc6d4b" outcome="Passed" testListId="8c84fa94-04c1-424b-9868-57a2d4851a1d" relativeResultsDirectory="98dc117c-1efb-4f42-9a2a-aaafb8add9d1" />
    <UnitTestResult executionId="269e857a-afda-45f7-9ffb-80c64e2efb66" testId="1819066a-64ae-2486-997f-a72f8fe5053c" testName="core.jarvis.api.tests.Security.ApiPenetrationTests.Auth_MustBeImmuneToSQLInjection" computerName="MAIN-HOME-PC" duration="00:00:01.0218300" startTime="2025-06-24T23:16:51.4727008+10:00" endTime="2025-06-24T23:16:51.4727009+10:00" testType="13cdc9d9-ddb5-4fa4-a97d-d965ccfc6d4b" outcome="Passed" testListId="8c84fa94-04c1-424b-9868-57a2d4851a1d" relativeResultsDirectory="269e857a-afda-45f7-9ffb-80c64e2efb66" />
    <UnitTestResult executionId="d479c5f0-b77b-428d-a372-28ab16b34a1f" testId="c3b2ba51-3af3-22bc-15c2-0b04342ca0cb" testName="core.jarvis.api.tests.Functions.SwaggerFunctionsTests.RenderOpenApiDocument_ShouldHandleUnknownExtension" computerName="MAIN-HOME-PC" duration="00:00:00.0010073" startTime="2025-06-24T23:16:47.8442257+10:00" endTime="2025-06-24T23:16:47.8442257+10:00" testType="13cdc9d9-ddb5-4fa4-a97d-d965ccfc6d4b" outcome="Passed" testListId="8c84fa94-04c1-424b-9868-57a2d4851a1d" relativeResultsDirectory="d479c5f0-b77b-428d-a372-28ab16b34a1f" />
    <UnitTestResult executionId="1eb7750d-f826-42a6-bf33-599467a53ba8" testId="4182e745-861a-3cda-deb6-702f086d1f7d" testName="core.jarvis.api.tests.Functions.SwaggerFunctionsTests.RenderSwaggerUI_ShouldReturnHtmlContent" computerName="MAIN-HOME-PC" duration="00:00:00.0023360" startTime="2025-06-24T23:16:47.8467733+10:00" endTime="2025-06-24T23:16:47.8467734+10:00" testType="13cdc9d9-ddb5-4fa4-a97d-d965ccfc6d4b" outcome="Passed" testListId="8c84fa94-04c1-424b-9868-57a2d4851a1d" relativeResultsDirectory="1eb7750d-f826-42a6-bf33-599467a53ba8" />
    <UnitTestResult executionId="af92b9f8-be16-410c-a11c-88b5f458b756" testId="c4d39697-2cd8-0889-e0d8-0ab08873a09e" testName="core.jarvis.api.tests.Security.PasswordPolicyDebugTest.Debug_PasswordPolicy_Score" computerName="MAIN-HOME-PC" duration="00:00:00.0019735" startTime="2025-06-24T23:16:48.3890235+10:00" endTime="2025-06-24T23:16:48.3890235+10:00" testType="13cdc9d9-ddb5-4fa4-a97d-d965ccfc6d4b" outcome="Passed" testListId="8c84fa94-04c1-424b-9868-57a2d4851a1d" relativeResultsDirectory="af92b9f8-be16-410c-a11c-88b5f458b756">
      <Output>
        <StdOut>Password: MySecure#Pass123!
IsValid: True
Score: 100
Strength: VeryStrong
Errors:</StdOut>
      </Output>
    </UnitTestResult>
    <UnitTestResult executionId="8a8a0f88-88df-4feb-be95-153ec877da9a" testId="b74b8f75-aa42-a557-4cb0-debd86a998ff" testName="core.jarvis.api.tests.Functions.SwaggerFunctionsTests.RenderOpenApiDocument_ShouldReturnCorrectContentType(extension: &quot;json&quot;, expectedContentType: &quot;application/json&quot;)" computerName="MAIN-HOME-PC" duration="00:00:00.0778906" startTime="2025-06-24T23:16:47.8327062+10:00" endTime="2025-06-24T23:16:47.8327063+10:00" testType="13cdc9d9-ddb5-4fa4-a97d-d965ccfc6d4b" outcome="Passed" testListId="8c84fa94-04c1-424b-9868-57a2d4851a1d" relativeResultsDirectory="8a8a0f88-88df-4feb-be95-153ec877da9a" />
    <UnitTestResult executionId="82fe9978-5d86-49f1-af5e-35813fe07b6e" testId="e0ede63a-3f1b-2b0d-f2c7-3c0b32c240ee" testName="core.jarvis.api.tests.Integration.Security.CoreSecurityValidationTests.PasswordPolicy_MustEnforceStrongPasswords" computerName="MAIN-HOME-PC" duration="00:00:00.0012537" startTime="2025-06-24T23:16:48.3825943+10:00" endTime="2025-06-24T23:16:48.3825943+10:00" testType="13cdc9d9-ddb5-4fa4-a97d-d965ccfc6d4b" outcome="Passed" testListId="8c84fa94-04c1-424b-9868-57a2d4851a1d" relativeResultsDirectory="82fe9978-5d86-49f1-af5e-35813fe07b6e" />
    <UnitTestResult executionId="0f07eb04-0f12-442c-91b7-b7261e15eaa9" testId="2f2546e0-3e20-dd15-2e13-535f253b68f4" testName="core.jarvis.api.tests.Security.EssentialSecurityValidationTests.ErrorMessages_MustBeGeneric_ToHideFromAttackers" computerName="MAIN-HOME-PC" duration="00:00:00.0003333" startTime="2025-06-24T23:16:48.3851365+10:00" endTime="2025-06-24T23:16:48.3851365+10:00" testType="13cdc9d9-ddb5-4fa4-a97d-d965ccfc6d4b" outcome="Passed" testListId="8c84fa94-04c1-424b-9868-57a2d4851a1d" relativeResultsDirectory="0f07eb04-0f12-442c-91b7-b7261e15eaa9" />
    <UnitTestResult executionId="bec6fc04-7b71-4bab-9449-fd18b1df63b4" testId="f95c2d79-2ccd-6054-8306-cb49e1c17720" testName="core.jarvis.api.tests.Security.ApiPenetrationTests.Errors_MustNotLeakInformation" computerName="MAIN-HOME-PC" duration="00:00:00.1270616" startTime="2025-06-24T23:16:50.4454017+10:00" endTime="2025-06-24T23:16:50.4454017+10:00" testType="13cdc9d9-ddb5-4fa4-a97d-d965ccfc6d4b" outcome="Passed" testListId="8c84fa94-04c1-424b-9868-57a2d4851a1d" relativeResultsDirectory="bec6fc04-7b71-4bab-9449-fd18b1df63b4" />
    <UnitTestResult executionId="152908e5-b015-4e3f-a9a1-aaf586dc36a3" testId="c90f8cd4-1f12-fa38-41d4-abf2b054036b" testName="core.jarvis.api.tests.Integration.Security.CoreSecurityValidationTests.ErrorMessages_MustNotLeakInformation" computerName="MAIN-HOME-PC" duration="00:00:00.0003886" startTime="2025-06-24T23:16:48.2911132+10:00" endTime="2025-06-24T23:16:48.2911133+10:00" testType="13cdc9d9-ddb5-4fa4-a97d-d965ccfc6d4b" outcome="Passed" testListId="8c84fa94-04c1-424b-9868-57a2d4851a1d" relativeResultsDirectory="152908e5-b015-4e3f-a9a1-aaf586dc36a3" />
    <UnitTestResult executionId="07d7f2b6-0e32-4715-af0a-2538c1e63496" testId="1b232fdb-d517-6336-d4a3-9aebf63e1666" testName="core.jarvis.api.tests.Security.CryptographicSecurityTests.TokenGeneration_MustUseCryptoRandom" computerName="MAIN-HOME-PC" duration="00:00:00.0598784" startTime="2025-06-24T23:16:48.0408363+10:00" endTime="2025-06-24T23:16:48.0408363+10:00" testType="13cdc9d9-ddb5-4fa4-a97d-d965ccfc6d4b" outcome="Passed" testListId="8c84fa94-04c1-424b-9868-57a2d4851a1d" relativeResultsDirectory="07d7f2b6-0e32-4715-af0a-2538c1e63496" />
    <UnitTestResult executionId="17d82138-be1e-45e9-826d-9918183d4510" testId="1673f9cd-4e23-5f09-3bb9-467d5e00bb7c" testName="core.jarvis.api.tests.Security.ApiPenetrationTests.Auth_MustBeImmuneToXMLInjection" computerName="MAIN-HOME-PC" duration="00:00:00.0151750" startTime="2025-06-24T23:16:59.3494501+10:00" endTime="2025-06-24T23:16:59.3494502+10:00" testType="13cdc9d9-ddb5-4fa4-a97d-d965ccfc6d4b" outcome="Passed" testListId="8c84fa94-04c1-424b-9868-57a2d4851a1d" relativeResultsDirectory="17d82138-be1e-45e9-826d-9918183d4510" />
    <UnitTestResult executionId="d047c5a7-108f-4917-be4b-b6cb6eef5a1e" testId="c28efe45-1b8a-d9b1-0847-3645ebbae062" testName="core.jarvis.api.tests.Integration.Security.CoreSecurityValidationTests.TokenRotation_MustGenerateDifferentTokens" computerName="MAIN-HOME-PC" duration="00:00:00.0027009" startTime="2025-06-24T23:16:48.3655447+10:00" endTime="2025-06-24T23:16:48.3655447+10:00" testType="13cdc9d9-ddb5-4fa4-a97d-d965ccfc6d4b" outcome="Passed" testListId="8c84fa94-04c1-424b-9868-57a2d4851a1d" relativeResultsDirectory="d047c5a7-108f-4917-be4b-b6cb6eef5a1e" />
    <UnitTestResult executionId="612c6032-d262-46c9-af17-aa5d6d9cd07c" testId="4ae42201-a0f2-1c0d-460e-217d98edc73e" testName="core.jarvis.api.tests.Integration.Security.CoreSecurityValidationTests.CompleteAuthFlow_MustBeSecure" computerName="MAIN-HOME-PC" duration="00:00:00.2929859" startTime="2025-06-24T23:16:48.2851604+10:00" endTime="2025-06-24T23:16:48.2851605+10:00" testType="13cdc9d9-ddb5-4fa4-a97d-d965ccfc6d4b" outcome="Passed" testListId="8c84fa94-04c1-424b-9868-57a2d4851a1d" relativeResultsDirectory="612c6032-d262-46c9-af17-aa5d6d9cd07c" />
    <UnitTestResult executionId="26d2928f-89ff-49db-8968-cf3d506f4086" testId="2abfe03f-f0d0-dcf2-6e62-611f7c2b97a4" testName="core.jarvis.api.tests.Integration.Security.CoreSecurityValidationTests.JWT_MustValidateSignatures" computerName="MAIN-HOME-PC" duration="00:00:00.0070396" startTime="2025-06-24T23:16:48.3572029+10:00" endTime="2025-06-24T23:16:48.3572029+10:00" testType="13cdc9d9-ddb5-4fa4-a97d-d965ccfc6d4b" outcome="Passed" testListId="8c84fa94-04c1-424b-9868-57a2d4851a1d" relativeResultsDirectory="26d2928f-89ff-49db-8968-cf3d506f4086" />
    <UnitTestResult executionId="8eb9af8c-8717-4de2-bf68-ddc910d9eff8" testId="312d10e6-50f7-1681-2203-8659b76b9e2d" testName="core.jarvis.api.tests.Security.ApiPenetrationTests.CORS_MustBeProperlyConfigured" computerName="MAIN-HOME-PC" duration="00:00:00.1249332" startTime="2025-06-24T23:16:48.3614256+10:00" endTime="2025-06-24T23:16:48.3614256+10:00" testType="13cdc9d9-ddb5-4fa4-a97d-d965ccfc6d4b" outcome="Passed" testListId="8c84fa94-04c1-424b-9868-57a2d4851a1d" relativeResultsDirectory="8eb9af8c-8717-4de2-bf68-ddc910d9eff8" />
    <UnitTestResult executionId="0c7961ed-a657-42f6-a477-04068126b629" testId="e0ff652c-b0bf-8b63-ef97-1e503e5cffc3" testName="core.jarvis.api.tests.Unit.Services.TokenServiceTests.GenerateAccessToken_With_Additional_Claims_Should_Include_Claims" computerName="MAIN-HOME-PC" duration="00:00:00.0004079" startTime="2025-06-24T23:16:48.3905999+10:00" endTime="2025-06-24T23:16:48.3905999+10:00" testType="13cdc9d9-ddb5-4fa4-a97d-d965ccfc6d4b" outcome="Passed" testListId="8c84fa94-04c1-424b-9868-57a2d4851a1d" relativeResultsDirectory="0c7961ed-a657-42f6-a477-04068126b629" />
    <UnitTestResult executionId="fe587406-a6fc-473c-9a74-0f092d15516b" testId="00948cd3-db21-7d30-6797-b29de9110710" testName="core.jarvis.api.tests.Security.TimingAttackTests.AddRandomDelay_ShouldGenerateVariableDelays" computerName="MAIN-HOME-PC" duration="00:00:02.0679794" startTime="2025-06-24T23:16:49.7789518+10:00" endTime="2025-06-24T23:16:49.7789518+10:00" testType="13cdc9d9-ddb5-4fa4-a97d-d965ccfc6d4b" outcome="Passed" testListId="8c84fa94-04c1-424b-9868-57a2d4851a1d" relativeResultsDirectory="fe587406-a6fc-473c-9a74-0f092d15516b" />
    <UnitTestResult executionId="75a24a5a-611f-49e1-a766-20e377acbc66" testId="1a60cd81-308a-b67a-4935-d5630bbc5861" testName="core.jarvis.api.tests.Security.ApiPenetrationTests.SecurityPenetrationTest_Summary" computerName="MAIN-HOME-PC" duration="00:00:00.0005776" startTime="2025-06-24T23:16:59.3546561+10:00" endTime="2025-06-24T23:16:59.3546563+10:00" testType="13cdc9d9-ddb5-4fa4-a97d-d965ccfc6d4b" outcome="Passed" testListId="8c84fa94-04c1-424b-9868-57a2d4851a1d" relativeResultsDirectory="75a24a5a-611f-49e1-a766-20e377acbc66" />
    <UnitTestResult executionId="21a700cf-65b8-4e9b-a3a8-16cf12a8c735" testId="24d64ae6-bb30-4277-89b8-bbf37abe6ba1" testName="core.jarvis.api.tests.Unit.Services.TokenServiceTests.ValidateToken_With_Valid_Token_Should_Return_Claims" computerName="MAIN-HOME-PC" duration="00:00:00.0004430" startTime="2025-06-24T23:16:48.3896205+10:00" endTime="2025-06-24T23:16:48.3896206+10:00" testType="13cdc9d9-ddb5-4fa4-a97d-d965ccfc6d4b" outcome="Passed" testListId="8c84fa94-04c1-424b-9868-57a2d4851a1d" relativeResultsDirectory="21a700cf-65b8-4e9b-a3a8-16cf12a8c735" />
    <UnitTestResult executionId="5dbd60bd-4ab9-43d1-b9b3-70a707009653" testId="e3d4d8f6-91ba-a967-1705-0c3d04535377" testName="core.jarvis.api.tests.Security.CryptographicSecurityTests.Cryptography_MustUseStrongAlgorithms" computerName="MAIN-HOME-PC" duration="00:00:00.1066674" startTime="2025-06-24T23:16:48.1797233+10:00" endTime="2025-06-24T23:16:48.1797234+10:00" testType="13cdc9d9-ddb5-4fa4-a97d-d965ccfc6d4b" outcome="Passed" testListId="8c84fa94-04c1-424b-9868-57a2d4851a1d" relativeResultsDirectory="5dbd60bd-4ab9-43d1-b9b3-70a707009653" />
    <UnitTestResult executionId="65bcc99f-56dc-4c84-b158-11f16c7f547d" testId="a41459ad-ebf2-5992-637b-c9d853b105b7" testName="core.jarvis.api.tests.Security.TimingAttackTests.AuthenticationSimulation_ShouldHaveConsistentTiming" computerName="MAIN-HOME-PC" duration="00:00:04.1333148" startTime="2025-06-24T23:17:04.3968699+10:00" endTime="2025-06-24T23:17:04.3968710+10:00" testType="13cdc9d9-ddb5-4fa4-a97d-d965ccfc6d4b" outcome="Passed" testListId="8c84fa94-04c1-424b-9868-57a2d4851a1d" relativeResultsDirectory="65bcc99f-56dc-4c84-b158-11f16c7f547d" />
    <UnitTestResult executionId="fcaf4bdf-7040-4da4-8557-472748d186a1" testId="3635a21e-2d2a-2ef6-589e-3ec47a022923" testName="core.jarvis.api.tests.Unit.Services.TokenServiceTests.ValidateToken_With_Expired_Token_Should_Return_Null" computerName="MAIN-HOME-PC" duration="00:00:00.0010000" startTime="2025-06-24T23:16:48.3911011+10:00" endTime="2025-06-24T23:16:48.3911011+10:00" testType="13cdc9d9-ddb5-4fa4-a97d-d965ccfc6d4b" outcome="NotExecuted" testListId="8c84fa94-04c1-424b-9868-57a2d4851a1d" relativeResultsDirectory="fcaf4bdf-7040-4da4-8557-472748d186a1">
      <Output>
        <ErrorInfo>
          <Message>JWT library doesn't allow creating tokens with expiration in the past</Message>
        </ErrorInfo>
      </Output>
    </UnitTestResult>
    <UnitTestResult executionId="a51b57b7-c6ec-4152-910d-5e40095a0233" testId="c5894143-a6fb-0121-79c3-da293b2cf0f2" testName="core.jarvis.api.tests.Security.EssentialSecurityValidationTests.SecuritySummary_AllKittensAreSafe" computerName="MAIN-HOME-PC" duration="00:00:00.0003217" startTime="2025-06-24T23:16:48.3842903+10:00" endTime="2025-06-24T23:16:48.3842904+10:00" testType="13cdc9d9-ddb5-4fa4-a97d-d965ccfc6d4b" outcome="Passed" testListId="8c84fa94-04c1-424b-9868-57a2d4851a1d" relativeResultsDirectory="a51b57b7-c6ec-4152-910d-5e40095a0233" />
    <UnitTestResult executionId="75898be0-87f3-4577-93e9-8ae13ff94a4b" testId="b0674ab9-1af4-1db0-b669-52756008cffa" testName="core.jarvis.api.tests.Unit.Services.TokenServiceTests.ValidateToken_With_Wrong_Audience_Should_Return_Null" computerName="MAIN-HOME-PC" duration="00:00:00.0005962" startTime="2025-06-24T23:16:48.3919310+10:00" endTime="2025-06-24T23:16:48.3919310+10:00" testType="13cdc9d9-ddb5-4fa4-a97d-d965ccfc6d4b" outcome="Passed" testListId="8c84fa94-04c1-424b-9868-57a2d4851a1d" relativeResultsDirectory="75898be0-87f3-4577-93e9-8ae13ff94a4b" />
    <UnitTestResult executionId="8548755a-ecc7-4e9f-9ec1-9f2fc7fdcf9d" testId="a1605c0e-87e0-c542-f692-ab0d83e0780a" testName="core.jarvis.api.tests.Integration.Functions.ComponentValidationMiddlewareTests.IsValidComponentOrGuid_With_Plain_String_Should_Return_False" computerName="MAIN-HOME-PC" duration="00:00:00.0041491" startTime="2025-06-24T23:16:47.7497737+10:00" endTime="2025-06-24T23:16:47.7497737+10:00" testType="13cdc9d9-ddb5-4fa4-a97d-d965ccfc6d4b" outcome="Passed" testListId="8c84fa94-04c1-424b-9868-57a2d4851a1d" relativeResultsDirectory="8548755a-ecc7-4e9f-9ec1-9f2fc7fdcf9d" />
    <UnitTestResult executionId="4c256737-13bd-4cd8-84fb-c8d8c3469d58" testId="04071e69-285b-f7fd-ec67-e22c8b57ebe0" testName="core.jarvis.api.tests.Integration.Functions.ComponentValidationMiddlewareTests.IsValidComponentOrGuid_With_Component_Missing_UpdatedAt_Should_Return_False" computerName="MAIN-HOME-PC" duration="00:00:00.1374827" startTime="2025-06-24T23:16:47.7476651+10:00" endTime="2025-06-24T23:16:47.7476652+10:00" testType="13cdc9d9-ddb5-4fa4-a97d-d965ccfc6d4b" outcome="Passed" testListId="8c84fa94-04c1-424b-9868-57a2d4851a1d" relativeResultsDirectory="4c256737-13bd-4cd8-84fb-c8d8c3469d58" />
    <UnitTestResult executionId="d5e17999-99a1-4c67-aed7-6a8be3850c42" testId="192f29e1-c40b-fe30-f755-fd7248f17f4c" testName="core.jarvis.api.tests.Integration.Functions.ComponentValidationMiddlewareTests.IsValidComponentOrGuid_With_Valid_Component_Should_Return_True" computerName="MAIN-HOME-PC" duration="00:00:00.0066017" startTime="2025-06-24T23:16:47.7729877+10:00" endTime="2025-06-24T23:16:47.7729877+10:00" testType="13cdc9d9-ddb5-4fa4-a97d-d965ccfc6d4b" outcome="Passed" testListId="8c84fa94-04c1-424b-9868-57a2d4851a1d" relativeResultsDirectory="d5e17999-99a1-4c67-aed7-6a8be3850c42" />
    <UnitTestResult executionId="ad649017-03fd-4b33-87a2-edc7cd813c14" testId="f8dc6025-b278-ab1b-f86d-c768485c31c7" testName="core.jarvis.api.tests.Security.CryptographicSecurityTests.CryptographicSecurity_Summary" computerName="MAIN-HOME-PC" duration="00:00:00.0008815" startTime="2025-06-24T23:16:48.0581302+10:00" endTime="2025-06-24T23:16:48.0581311+10:00" testType="13cdc9d9-ddb5-4fa4-a97d-d965ccfc6d4b" outcome="Passed" testListId="8c84fa94-04c1-424b-9868-57a2d4851a1d" relativeResultsDirectory="ad649017-03fd-4b33-87a2-edc7cd813c14" />
    <UnitTestResult executionId="5ff1323f-4d04-49b6-8884-211a03ee743f" testId="3ce850d2-2081-da81-fd0f-ced7dbea3fc3" testName="core.jarvis.api.tests.Integration.Functions.ComponentValidationMiddlewareTests.IsValidComponentOrGuid_With_Valid_Guid_Should_Return_True" computerName="MAIN-HOME-PC" duration="00:00:00.0004619" startTime="2025-06-24T23:16:47.7504902+10:00" endTime="2025-06-24T23:16:47.7504903+10:00" testType="13cdc9d9-ddb5-4fa4-a97d-d965ccfc6d4b" outcome="Passed" testListId="8c84fa94-04c1-424b-9868-57a2d4851a1d" relativeResultsDirectory="5ff1323f-4d04-49b6-8884-211a03ee743f" />
    <UnitTestResult executionId="668bcab7-3cd4-4eaf-ba3a-100689409af9" testId="ee6b9d1a-0113-4bf6-5b47-69488e520bdc" testName="core.jarvis.api.tests.Security.CryptographicSecurityTests.Authentication_MustResistTimingAttacks" computerName="MAIN-HOME-PC" duration="00:00:02.1058664" startTime="2025-06-24T23:16:50.2843067+10:00" endTime="2025-06-24T23:16:50.2843069+10:00" testType="13cdc9d9-ddb5-4fa4-a97d-d965ccfc6d4b" outcome="Passed" testListId="8c84fa94-04c1-424b-9868-57a2d4851a1d" relativeResultsDirectory="668bcab7-3cd4-4eaf-ba3a-100689409af9" />
    <UnitTestResult executionId="eec7525f-a774-4820-bc61-4e2275136975" testId="33da7288-f3e5-b105-fe97-efcc65757d3b" testName="core.jarvis.api.tests.Security.CryptographicSecurityTests.TokenExpiration_MustBeSecure" computerName="MAIN-HOME-PC" duration="00:00:00.0016729" startTime="2025-06-24T23:16:48.1992915+10:00" endTime="2025-06-24T23:16:48.1992916+10:00" testType="13cdc9d9-ddb5-4fa4-a97d-d965ccfc6d4b" outcome="Passed" testListId="8c84fa94-04c1-424b-9868-57a2d4851a1d" relativeResultsDirectory="eec7525f-a774-4820-bc61-4e2275136975" />
    <UnitTestResult executionId="21089872-17eb-4df9-819b-aa84fe4c3a53" testId="02893a9f-d308-a689-7ffb-c8591dba5b6a" testName="core.jarvis.api.tests.Integration.Functions.ComponentValidationMiddlewareTests.IsValidComponentOrGuid_With_Invalid_Json_Should_Return_False" computerName="MAIN-HOME-PC" duration="00:00:00.0009210" startTime="2025-06-24T23:16:47.7724724+10:00" endTime="2025-06-24T23:16:47.7724725+10:00" testType="13cdc9d9-ddb5-4fa4-a97d-d965ccfc6d4b" outcome="Passed" testListId="8c84fa94-04c1-424b-9868-57a2d4851a1d" relativeResultsDirectory="21089872-17eb-4df9-819b-aa84fe4c3a53" />
  </Results>
  <TestDefinitions>
    <UnitTest name="core.jarvis.api.tests.Integration.Functions.ComponentValidationMiddlewareTests.IsValidComponentOrGuid_With_Valid_Guid_Should_Return_True" storage="/mnt/c/code/github/jarvis/core.jarvis.api.tests/bin/debug/net8.0/core.jarvis.api.tests.dll" id="3ce850d2-2081-da81-fd0f-ced7dbea3fc3">
      <Execution id="5ff1323f-4d04-49b6-8884-211a03ee743f" />
      <TestMethod codeBase="/mnt/c/code/github/jarvis/core.jarvis.api.tests/bin/Debug/net8.0/core.jarvis.api.tests.dll" adapterTypeName="executor://xunit/VsTestRunner2/netcoreapp" className="core.jarvis.api.tests.Integration.Functions.ComponentValidationMiddlewareTests" name="IsValidComponentOrGuid_With_Valid_Guid_Should_Return_True" />
    </UnitTest>
    <UnitTest name="core.jarvis.api.tests.Security.CryptographicSecurityTests.SecureComparison_MustBeConstantTime" storage="/mnt/c/code/github/jarvis/core.jarvis.api.tests/bin/debug/net8.0/core.jarvis.api.tests.dll" id="0319f766-9219-a5ce-55a5-0be6ae917910">
      <Execution id="676ef3af-f71d-49fd-9a42-f5d124fffaec" />
      <TestMethod codeBase="/mnt/c/code/github/jarvis/core.jarvis.api.tests/bin/Debug/net8.0/core.jarvis.api.tests.dll" adapterTypeName="executor://xunit/VsTestRunner2/netcoreapp" className="core.jarvis.api.tests.Security.CryptographicSecurityTests" name="SecureComparison_MustBeConstantTime" />
    </UnitTest>
    <UnitTest name="core.jarvis.api.tests.Security.ApiPenetrationTests.Authorization_MustPreventBypass" storage="/mnt/c/code/github/jarvis/core.jarvis.api.tests/bin/debug/net8.0/core.jarvis.api.tests.dll" id="82ab64f1-4f80-295c-6e32-4a63f1b67333">
      <Execution id="d9e2b5b3-6592-4583-9748-e00d9043490c" />
      <TestMethod codeBase="/mnt/c/code/github/jarvis/core.jarvis.api.tests/bin/Debug/net8.0/core.jarvis.api.tests.dll" adapterTypeName="executor://xunit/VsTestRunner2/netcoreapp" className="core.jarvis.api.tests.Security.ApiPenetrationTests" name="Authorization_MustPreventBypass" />
    </UnitTest>
    <UnitTest name="core.jarvis.api.tests.Integration.Functions.ComponentValidationMiddlewareTests.IsValidComponentOrGuid_With_Invalid_Json_Should_Return_False" storage="/mnt/c/code/github/jarvis/core.jarvis.api.tests/bin/debug/net8.0/core.jarvis.api.tests.dll" id="02893a9f-d308-a689-7ffb-c8591dba5b6a">
      <Execution id="21089872-17eb-4df9-819b-aa84fe4c3a53" />
      <TestMethod codeBase="/mnt/c/code/github/jarvis/core.jarvis.api.tests/bin/Debug/net8.0/core.jarvis.api.tests.dll" adapterTypeName="executor://xunit/VsTestRunner2/netcoreapp" className="core.jarvis.api.tests.Integration.Functions.ComponentValidationMiddlewareTests" name="IsValidComponentOrGuid_With_Invalid_Json_Should_Return_False" />
    </UnitTest>
    <UnitTest name="core.jarvis.api.tests.Security.CryptographicSecurityTests.PasswordHashing_MustUseSecureAlgorithm" storage="/mnt/c/code/github/jarvis/core.jarvis.api.tests/bin/debug/net8.0/core.jarvis.api.tests.dll" id="f67a8551-3c44-c156-39f2-44291d88df44">
      <Execution id="06ea7656-9231-4db5-bf57-e3163bc107fa" />
      <TestMethod codeBase="/mnt/c/code/github/jarvis/core.jarvis.api.tests/bin/Debug/net8.0/core.jarvis.api.tests.dll" adapterTypeName="executor://xunit/VsTestRunner2/netcoreapp" className="core.jarvis.api.tests.Security.CryptographicSecurityTests" name="PasswordHashing_MustUseSecureAlgorithm" />
    </UnitTest>
    <UnitTest name="core.jarvis.api.tests.Integration.Functions.ComponentValidationMiddlewareTests.IsValidComponentOrGuid_With_Component_Missing_OwnerEntityId_Should_Return_False" storage="/mnt/c/code/github/jarvis/core.jarvis.api.tests/bin/debug/net8.0/core.jarvis.api.tests.dll" id="925daedb-9b80-5dc3-c0fb-70f7105d46d8">
      <Execution id="d457cb32-2f67-4971-95c1-eca234286eec" />
      <TestMethod codeBase="/mnt/c/code/github/jarvis/core.jarvis.api.tests/bin/Debug/net8.0/core.jarvis.api.tests.dll" adapterTypeName="executor://xunit/VsTestRunner2/netcoreapp" className="core.jarvis.api.tests.Integration.Functions.ComponentValidationMiddlewareTests" name="IsValidComponentOrGuid_With_Component_Missing_OwnerEntityId_Should_Return_False" />
    </UnitTest>
    <UnitTest name="core.jarvis.api.tests.Integration.Security.CoreSecurityValidationTests.SecurityAudit_MustLogAllEvents" storage="/mnt/c/code/github/jarvis/core.jarvis.api.tests/bin/debug/net8.0/core.jarvis.api.tests.dll" id="5685fbde-686d-5dd3-4b98-033e19d69cd1">
      <Execution id="aa2a1cf4-1c28-4e2b-8d64-774af3af395c" />
      <TestMethod codeBase="/mnt/c/code/github/jarvis/core.jarvis.api.tests/bin/Debug/net8.0/core.jarvis.api.tests.dll" adapterTypeName="executor://xunit/VsTestRunner2/netcoreapp" className="core.jarvis.api.tests.Integration.Security.CoreSecurityValidationTests" name="SecurityAudit_MustLogAllEvents" />
    </UnitTest>
    <UnitTest name="core.jarvis.api.tests.Security.ApiPenetrationTests.Auth_MustBeImmuneToSQLInjection" storage="/mnt/c/code/github/jarvis/core.jarvis.api.tests/bin/debug/net8.0/core.jarvis.api.tests.dll" id="1819066a-64ae-2486-997f-a72f8fe5053c">
      <Execution id="269e857a-afda-45f7-9ffb-80c64e2efb66" />
      <TestMethod codeBase="/mnt/c/code/github/jarvis/core.jarvis.api.tests/bin/Debug/net8.0/core.jarvis.api.tests.dll" adapterTypeName="executor://xunit/VsTestRunner2/netcoreapp" className="core.jarvis.api.tests.Security.ApiPenetrationTests" name="Auth_MustBeImmuneToSQLInjection" />
    </UnitTest>
    <UnitTest name="core.jarvis.api.tests.Security.EssentialSecurityValidationTests.RefreshTokens_MustBeHashed_NotPlainText" storage="/mnt/c/code/github/jarvis/core.jarvis.api.tests/bin/debug/net8.0/core.jarvis.api.tests.dll" id="e2737a33-1d90-d331-3419-033cecd062ae">
      <Execution id="35e76934-bc87-42bd-b31d-cf9215a5e4a1" />
      <TestMethod codeBase="/mnt/c/code/github/jarvis/core.jarvis.api.tests/bin/Debug/net8.0/core.jarvis.api.tests.dll" adapterTypeName="executor://xunit/VsTestRunner2/netcoreapp" className="core.jarvis.api.tests.Security.EssentialSecurityValidationTests" name="RefreshTokens_MustBeHashed_NotPlainText" />
    </UnitTest>
    <UnitTest name="core.jarvis.api.tests.Security.CryptographicSecurityTests.JWT_SecretKey_MustBeStrong" storage="/mnt/c/code/github/jarvis/core.jarvis.api.tests/bin/debug/net8.0/core.jarvis.api.tests.dll" id="65200d15-d7d4-ca03-b0aa-9a4fac76c393">
      <Execution id="98dc117c-1efb-4f42-9a2a-aaafb8add9d1" />
      <TestMethod codeBase="/mnt/c/code/github/jarvis/core.jarvis.api.tests/bin/Debug/net8.0/core.jarvis.api.tests.dll" adapterTypeName="executor://xunit/VsTestRunner2/netcoreapp" className="core.jarvis.api.tests.Security.CryptographicSecurityTests" name="JWT_SecretKey_MustBeStrong" />
    </UnitTest>
    <UnitTest name="core.jarvis.api.tests.Unit.Services.TokenServiceTests.ValidateToken_With_Expired_Token_Should_Return_Null" storage="/mnt/c/code/github/jarvis/core.jarvis.api.tests/bin/debug/net8.0/core.jarvis.api.tests.dll" id="3635a21e-2d2a-2ef6-589e-3ec47a022923">
      <Execution id="fcaf4bdf-7040-4da4-8557-472748d186a1" />
      <TestMethod codeBase="/mnt/c/code/github/jarvis/core.jarvis.api.tests/bin/Debug/net8.0/core.jarvis.api.tests.dll" adapterTypeName="executor://xunit/VsTestRunner2/netcoreapp" className="core.jarvis.api.tests.Unit.Services.TokenServiceTests" name="ValidateToken_With_Expired_Token_Should_Return_Null" />
    </UnitTest>
    <UnitTest name="core.jarvis.api.tests.Unit.Services.TokenServiceTests.GenerateAccessToken_With_Additional_Claims_Should_Include_Claims" storage="/mnt/c/code/github/jarvis/core.jarvis.api.tests/bin/debug/net8.0/core.jarvis.api.tests.dll" id="e0ff652c-b0bf-8b63-ef97-1e503e5cffc3">
      <Execution id="0c7961ed-a657-42f6-a477-04068126b629" />
      <TestMethod codeBase="/mnt/c/code/github/jarvis/core.jarvis.api.tests/bin/Debug/net8.0/core.jarvis.api.tests.dll" adapterTypeName="executor://xunit/VsTestRunner2/netcoreapp" className="core.jarvis.api.tests.Unit.Services.TokenServiceTests" name="GenerateAccessToken_With_Additional_Claims_Should_Include_Claims" />
    </UnitTest>
    <UnitTest name="core.jarvis.api.tests.Security.PasswordPolicyDebugTest.Debug_PasswordPolicy_Score" storage="/mnt/c/code/github/jarvis/core.jarvis.api.tests/bin/debug/net8.0/core.jarvis.api.tests.dll" id="c4d39697-2cd8-0889-e0d8-0ab08873a09e">
      <Execution id="af92b9f8-be16-410c-a11c-88b5f458b756" />
      <TestMethod codeBase="/mnt/c/code/github/jarvis/core.jarvis.api.tests/bin/Debug/net8.0/core.jarvis.api.tests.dll" adapterTypeName="executor://xunit/VsTestRunner2/netcoreapp" className="core.jarvis.api.tests.Security.PasswordPolicyDebugTest" name="Debug_PasswordPolicy_Score" />
    </UnitTest>
    <UnitTest name="core.jarvis.api.tests.Unit.Services.TokenServiceTests.ValidateToken_With_Wrong_Audience_Should_Return_Null" storage="/mnt/c/code/github/jarvis/core.jarvis.api.tests/bin/debug/net8.0/core.jarvis.api.tests.dll" id="b0674ab9-1af4-1db0-b669-52756008cffa">
      <Execution id="75898be0-87f3-4577-93e9-8ae13ff94a4b" />
      <TestMethod codeBase="/mnt/c/code/github/jarvis/core.jarvis.api.tests/bin/Debug/net8.0/core.jarvis.api.tests.dll" adapterTypeName="executor://xunit/VsTestRunner2/netcoreapp" className="core.jarvis.api.tests.Unit.Services.TokenServiceTests" name="ValidateToken_With_Wrong_Audience_Should_Return_Null" />
    </UnitTest>
    <UnitTest name="core.jarvis.api.tests.Security.ApiPenetrationTests.CORS_MustBeProperlyConfigured" storage="/mnt/c/code/github/jarvis/core.jarvis.api.tests/bin/debug/net8.0/core.jarvis.api.tests.dll" id="312d10e6-50f7-1681-2203-8659b76b9e2d">
      <Execution id="8eb9af8c-8717-4de2-bf68-ddc910d9eff8" />
      <TestMethod codeBase="/mnt/c/code/github/jarvis/core.jarvis.api.tests/bin/Debug/net8.0/core.jarvis.api.tests.dll" adapterTypeName="executor://xunit/VsTestRunner2/netcoreapp" className="core.jarvis.api.tests.Security.ApiPenetrationTests" name="CORS_MustBeProperlyConfigured" />
    </UnitTest>
    <UnitTest name="core.jarvis.api.tests.Security.TimingAttackTests.TimingProtection_ComprehensiveValidation" storage="/mnt/c/code/github/jarvis/core.jarvis.api.tests/bin/debug/net8.0/core.jarvis.api.tests.dll" id="328960f7-f3c3-c259-5f98-15a998132eff">
      <Execution id="7998c061-2f41-48d9-88de-af23e43043b5" />
      <TestMethod codeBase="/mnt/c/code/github/jarvis/core.jarvis.api.tests/bin/Debug/net8.0/core.jarvis.api.tests.dll" adapterTypeName="executor://xunit/VsTestRunner2/netcoreapp" className="core.jarvis.api.tests.Security.TimingAttackTests" name="TimingProtection_ComprehensiveValidation" />
    </UnitTest>
    <UnitTest name="core.jarvis.api.tests.Security.EssentialSecurityValidationTests.ErrorMessages_MustBeGeneric_ToHideFromAttackers" storage="/mnt/c/code/github/jarvis/core.jarvis.api.tests/bin/debug/net8.0/core.jarvis.api.tests.dll" id="2f2546e0-3e20-dd15-2e13-535f253b68f4">
      <Execution id="0f07eb04-0f12-442c-91b7-b7261e15eaa9" />
      <TestMethod codeBase="/mnt/c/code/github/jarvis/core.jarvis.api.tests/bin/Debug/net8.0/core.jarvis.api.tests.dll" adapterTypeName="executor://xunit/VsTestRunner2/netcoreapp" className="core.jarvis.api.tests.Security.EssentialSecurityValidationTests" name="ErrorMessages_MustBeGeneric_ToHideFromAttackers" />
    </UnitTest>
    <UnitTest name="core.jarvis.api.tests.Security.TimingAttackTests.ConstantTimeEquals_ShouldHaveConsistentTiming" storage="/mnt/c/code/github/jarvis/core.jarvis.api.tests/bin/debug/net8.0/core.jarvis.api.tests.dll" id="23887283-d4ab-1433-13dd-8c54e277998c">
      <Execution id="731fba9c-dd5a-4974-a4b1-2c3ad4af64c3" />
      <TestMethod codeBase="/mnt/c/code/github/jarvis/core.jarvis.api.tests/bin/Debug/net8.0/core.jarvis.api.tests.dll" adapterTypeName="executor://xunit/VsTestRunner2/netcoreapp" className="core.jarvis.api.tests.Security.TimingAttackTests" name="ConstantTimeEquals_ShouldHaveConsistentTiming" />
    </UnitTest>
    <UnitTest name="core.jarvis.api.tests.Security.ApiPenetrationTests.Auth_MustBeImmuneToNoSQLInjection" storage="/mnt/c/code/github/jarvis/core.jarvis.api.tests/bin/debug/net8.0/core.jarvis.api.tests.dll" id="676864d9-0483-dcb4-654f-9e0f5da9124f">
      <Execution id="5a449593-a454-4593-8dbc-c60c6271c49b" />
      <TestMethod codeBase="/mnt/c/code/github/jarvis/core.jarvis.api.tests/bin/Debug/net8.0/core.jarvis.api.tests.dll" adapterTypeName="executor://xunit/VsTestRunner2/netcoreapp" className="core.jarvis.api.tests.Security.ApiPenetrationTests" name="Auth_MustBeImmuneToNoSQLInjection" />
    </UnitTest>
    <UnitTest name="core.jarvis.api.tests.Unit.Services.TokenServiceTests.ValidateToken_With_Valid_Token_Should_Return_Claims" storage="/mnt/c/code/github/jarvis/core.jarvis.api.tests/bin/debug/net8.0/core.jarvis.api.tests.dll" id="24d64ae6-bb30-4277-89b8-bbf37abe6ba1">
      <Execution id="21a700cf-65b8-4e9b-a3a8-16cf12a8c735" />
      <TestMethod codeBase="/mnt/c/code/github/jarvis/core.jarvis.api.tests/bin/Debug/net8.0/core.jarvis.api.tests.dll" adapterTypeName="executor://xunit/VsTestRunner2/netcoreapp" className="core.jarvis.api.tests.Unit.Services.TokenServiceTests" name="ValidateToken_With_Valid_Token_Should_Return_Claims" />
    </UnitTest>
    <UnitTest name="core.jarvis.api.tests.Integration.Functions.ComponentValidationMiddlewareTests.IsValidComponentOrGuid_With_Component_Missing_UpdatedAt_Should_Return_False" storage="/mnt/c/code/github/jarvis/core.jarvis.api.tests/bin/debug/net8.0/core.jarvis.api.tests.dll" id="04071e69-285b-f7fd-ec67-e22c8b57ebe0">
      <Execution id="4c256737-13bd-4cd8-84fb-c8d8c3469d58" />
      <TestMethod codeBase="/mnt/c/code/github/jarvis/core.jarvis.api.tests/bin/Debug/net8.0/core.jarvis.api.tests.dll" adapterTypeName="executor://xunit/VsTestRunner2/netcoreapp" className="core.jarvis.api.tests.Integration.Functions.ComponentValidationMiddlewareTests" name="IsValidComponentOrGuid_With_Component_Missing_UpdatedAt_Should_Return_False" />
    </UnitTest>
    <UnitTest name="core.jarvis.api.tests.Security.ApiPenetrationTests.Errors_MustNotLeakInformation" storage="/mnt/c/code/github/jarvis/core.jarvis.api.tests/bin/debug/net8.0/core.jarvis.api.tests.dll" id="f95c2d79-2ccd-6054-8306-cb49e1c17720">
      <Execution id="bec6fc04-7b71-4bab-9449-fd18b1df63b4" />
      <TestMethod codeBase="/mnt/c/code/github/jarvis/core.jarvis.api.tests/bin/Debug/net8.0/core.jarvis.api.tests.dll" adapterTypeName="executor://xunit/VsTestRunner2/netcoreapp" className="core.jarvis.api.tests.Security.ApiPenetrationTests" name="Errors_MustNotLeakInformation" />
    </UnitTest>
    <UnitTest name="core.jarvis.api.tests.Security.EssentialSecurityValidationTests.JWT_MustValidateSignatures_OrKittensWillBeHarmed" storage="/mnt/c/code/github/jarvis/core.jarvis.api.tests/bin/debug/net8.0/core.jarvis.api.tests.dll" id="bde50300-29cb-191f-f3b0-fbbcb0aea446">
      <Execution id="c8436f06-442d-4046-88df-8daabbd58d20" />
      <TestMethod codeBase="/mnt/c/code/github/jarvis/core.jarvis.api.tests/bin/Debug/net8.0/core.jarvis.api.tests.dll" adapterTypeName="executor://xunit/VsTestRunner2/netcoreapp" className="core.jarvis.api.tests.Security.EssentialSecurityValidationTests" name="JWT_MustValidateSignatures_OrKittensWillBeHarmed" />
    </UnitTest>
    <UnitTest name="core.jarvis.api.tests.Functions.SwaggerFunctionsTests.RenderOpenApiDocument_ShouldIncludeAllSchemas" storage="/mnt/c/code/github/jarvis/core.jarvis.api.tests/bin/debug/net8.0/core.jarvis.api.tests.dll" id="46ef6f2b-b5f8-f07d-5e66-c94cd87ca722">
      <Execution id="ee44ab47-72d9-404e-9de8-25a5afc21fc8" />
      <TestMethod codeBase="/mnt/c/code/github/jarvis/core.jarvis.api.tests/bin/Debug/net8.0/core.jarvis.api.tests.dll" adapterTypeName="executor://xunit/VsTestRunner2/netcoreapp" className="core.jarvis.api.tests.Functions.SwaggerFunctionsTests" name="RenderOpenApiDocument_ShouldIncludeAllSchemas" />
    </UnitTest>
    <UnitTest name="core.jarvis.api.tests.Security.ApiPenetrationTests.Sessions_MustRegenerateOnAuth" storage="/mnt/c/code/github/jarvis/core.jarvis.api.tests/bin/debug/net8.0/core.jarvis.api.tests.dll" id="d4799eea-c13f-bdcb-7a6d-32f1194386ad">
      <Execution id="cece8641-6137-4d74-9466-551b1647b123" />
      <TestMethod codeBase="/mnt/c/code/github/jarvis/core.jarvis.api.tests/bin/Debug/net8.0/core.jarvis.api.tests.dll" adapterTypeName="executor://xunit/VsTestRunner2/netcoreapp" className="core.jarvis.api.tests.Security.ApiPenetrationTests" name="Sessions_MustRegenerateOnAuth" />
    </UnitTest>
    <UnitTest name="core.jarvis.api.tests.Security.CryptographicSecurityTests.CryptographicSecurity_Summary" storage="/mnt/c/code/github/jarvis/core.jarvis.api.tests/bin/debug/net8.0/core.jarvis.api.tests.dll" id="f8dc6025-b278-ab1b-f86d-c768485c31c7">
      <Execution id="ad649017-03fd-4b33-87a2-edc7cd813c14" />
      <TestMethod codeBase="/mnt/c/code/github/jarvis/core.jarvis.api.tests/bin/Debug/net8.0/core.jarvis.api.tests.dll" adapterTypeName="executor://xunit/VsTestRunner2/netcoreapp" className="core.jarvis.api.tests.Security.CryptographicSecurityTests" name="CryptographicSecurity_Summary" />
    </UnitTest>
    <UnitTest name="core.jarvis.api.tests.Integration.Functions.ComponentValidationMiddlewareTests.IsValidComponentOrGuid_With_Plain_String_Should_Return_False" storage="/mnt/c/code/github/jarvis/core.jarvis.api.tests/bin/debug/net8.0/core.jarvis.api.tests.dll" id="a1605c0e-87e0-c542-f692-ab0d83e0780a">
      <Execution id="8548755a-ecc7-4e9f-9ec1-9f2fc7fdcf9d" />
      <TestMethod codeBase="/mnt/c/code/github/jarvis/core.jarvis.api.tests/bin/Debug/net8.0/core.jarvis.api.tests.dll" adapterTypeName="executor://xunit/VsTestRunner2/netcoreapp" className="core.jarvis.api.tests.Integration.Functions.ComponentValidationMiddlewareTests" name="IsValidComponentOrGuid_With_Plain_String_Should_Return_False" />
    </UnitTest>
    <UnitTest name="core.jarvis.api.tests.Integration.Functions.ComponentValidationMiddlewareTests.IsValidComponentOrGuid_With_Component_Missing_Id_Should_Return_False" storage="/mnt/c/code/github/jarvis/core.jarvis.api.tests/bin/debug/net8.0/core.jarvis.api.tests.dll" id="3ae5048f-a732-b14c-c213-cfe50e23f3a0">
      <Execution id="5564ac4f-d8e7-4e10-8f28-1b82a7076e29" />
      <TestMethod codeBase="/mnt/c/code/github/jarvis/core.jarvis.api.tests/bin/Debug/net8.0/core.jarvis.api.tests.dll" adapterTypeName="executor://xunit/VsTestRunner2/netcoreapp" className="core.jarvis.api.tests.Integration.Functions.ComponentValidationMiddlewareTests" name="IsValidComponentOrGuid_With_Component_Missing_Id_Should_Return_False" />
    </UnitTest>
    <UnitTest name="core.jarvis.api.tests.Security.CryptographicSecurityTests.Hashing_MustUseSalts" storage="/mnt/c/code/github/jarvis/core.jarvis.api.tests/bin/debug/net8.0/core.jarvis.api.tests.dll" id="96b3f8e4-04e1-6643-cef6-67e547b6d96f">
      <Execution id="48be2fa0-1927-4b14-b4a7-a56d36dd50ff" />
      <TestMethod codeBase="/mnt/c/code/github/jarvis/core.jarvis.api.tests/bin/Debug/net8.0/core.jarvis.api.tests.dll" adapterTypeName="executor://xunit/VsTestRunner2/netcoreapp" className="core.jarvis.api.tests.Security.CryptographicSecurityTests" name="Hashing_MustUseSalts" />
    </UnitTest>
    <UnitTest name="core.jarvis.api.tests.Functions.SwaggerFunctionsTests.RenderOpenApiDocument_ShouldReturnCorrectContentType(extension: &quot;yml&quot;, expectedContentType: &quot;text/yaml&quot;)" storage="/mnt/c/code/github/jarvis/core.jarvis.api.tests/bin/debug/net8.0/core.jarvis.api.tests.dll" id="61bb5a14-f326-f7ab-2b7f-8fb8cdf29470">
      <Execution id="6a556fb1-7f85-4dda-b498-995343771d26" />
      <TestMethod codeBase="/mnt/c/code/github/jarvis/core.jarvis.api.tests/bin/Debug/net8.0/core.jarvis.api.tests.dll" adapterTypeName="executor://xunit/VsTestRunner2/netcoreapp" className="core.jarvis.api.tests.Functions.SwaggerFunctionsTests" name="RenderOpenApiDocument_ShouldReturnCorrectContentType" />
    </UnitTest>
    <UnitTest name="core.jarvis.api.tests.Security.EssentialSecurityValidationTests.SecuritySummary_AllKittensAreSafe" storage="/mnt/c/code/github/jarvis/core.jarvis.api.tests/bin/debug/net8.0/core.jarvis.api.tests.dll" id="c5894143-a6fb-0121-79c3-da293b2cf0f2">
      <Execution id="a51b57b7-c6ec-4152-910d-5e40095a0233" />
      <TestMethod codeBase="/mnt/c/code/github/jarvis/core.jarvis.api.tests/bin/Debug/net8.0/core.jarvis.api.tests.dll" adapterTypeName="executor://xunit/VsTestRunner2/netcoreapp" className="core.jarvis.api.tests.Security.EssentialSecurityValidationTests" name="SecuritySummary_AllKittensAreSafe" />
    </UnitTest>
    <UnitTest name="core.jarvis.api.tests.Functions.SwaggerFunctionsTests.RenderOpenApiDocument_ShouldReturnCorrectContentType(extension: &quot;yaml&quot;, expectedContentType: &quot;text/yaml&quot;)" storage="/mnt/c/code/github/jarvis/core.jarvis.api.tests/bin/debug/net8.0/core.jarvis.api.tests.dll" id="f58477e8-0346-be6d-14f8-d9167f605aba">
      <Execution id="8cdd882e-5800-4b0a-8b0d-b55c7e7b7078" />
      <TestMethod codeBase="/mnt/c/code/github/jarvis/core.jarvis.api.tests/bin/Debug/net8.0/core.jarvis.api.tests.dll" adapterTypeName="executor://xunit/VsTestRunner2/netcoreapp" className="core.jarvis.api.tests.Functions.SwaggerFunctionsTests" name="RenderOpenApiDocument_ShouldReturnCorrectContentType" />
    </UnitTest>
    <UnitTest name="core.jarvis.api.tests.Integration.Security.CoreSecurityValidationTests.JWT_MustValidateSignatures" storage="/mnt/c/code/github/jarvis/core.jarvis.api.tests/bin/debug/net8.0/core.jarvis.api.tests.dll" id="2abfe03f-f0d0-dcf2-6e62-611f7c2b97a4">
      <Execution id="26d2928f-89ff-49db-8968-cf3d506f4086" />
      <TestMethod codeBase="/mnt/c/code/github/jarvis/core.jarvis.api.tests/bin/Debug/net8.0/core.jarvis.api.tests.dll" adapterTypeName="executor://xunit/VsTestRunner2/netcoreapp" className="core.jarvis.api.tests.Integration.Security.CoreSecurityValidationTests" name="JWT_MustValidateSignatures" />
    </UnitTest>
    <UnitTest name="core.jarvis.api.tests.Security.ApiPenetrationTests.RateLimiting_MustPreventBruteForce" storage="/mnt/c/code/github/jarvis/core.jarvis.api.tests/bin/debug/net8.0/core.jarvis.api.tests.dll" id="c7060a89-c05f-5276-a5dc-16293b9fe821">
      <Execution id="6696081d-25b1-48ce-b3c8-d62dbb21f959" />
      <TestMethod codeBase="/mnt/c/code/github/jarvis/core.jarvis.api.tests/bin/Debug/net8.0/core.jarvis.api.tests.dll" adapterTypeName="executor://xunit/VsTestRunner2/netcoreapp" className="core.jarvis.api.tests.Security.ApiPenetrationTests" name="RateLimiting_MustPreventBruteForce" />
    </UnitTest>
    <UnitTest name="core.jarvis.api.tests.Security.CryptographicSecurityTests.TokenExpiration_MustBeSecure" storage="/mnt/c/code/github/jarvis/core.jarvis.api.tests/bin/debug/net8.0/core.jarvis.api.tests.dll" id="33da7288-f3e5-b105-fe97-efcc65757d3b">
      <Execution id="eec7525f-a774-4820-bc61-4e2275136975" />
      <TestMethod codeBase="/mnt/c/code/github/jarvis/core.jarvis.api.tests/bin/Debug/net8.0/core.jarvis.api.tests.dll" adapterTypeName="executor://xunit/VsTestRunner2/netcoreapp" className="core.jarvis.api.tests.Security.CryptographicSecurityTests" name="TokenExpiration_MustBeSecure" />
    </UnitTest>
    <UnitTest name="core.jarvis.api.tests.Integration.Functions.ComponentValidationMiddlewareTests.IsValidComponentOrGuid_With_Case_Insensitive_Properties_Should_Return_True" storage="/mnt/c/code/github/jarvis/core.jarvis.api.tests/bin/debug/net8.0/core.jarvis.api.tests.dll" id="f652a3f5-c6c9-49d2-2f43-6608fddd893f">
      <Execution id="c46fafdf-bdbf-4f4a-85bb-3ec3a6b9f724" />
      <TestMethod codeBase="/mnt/c/code/github/jarvis/core.jarvis.api.tests/bin/Debug/net8.0/core.jarvis.api.tests.dll" adapterTypeName="executor://xunit/VsTestRunner2/netcoreapp" className="core.jarvis.api.tests.Integration.Functions.ComponentValidationMiddlewareTests" name="IsValidComponentOrGuid_With_Case_Insensitive_Properties_Should_Return_True" />
    </UnitTest>
    <UnitTest name="core.jarvis.api.tests.Security.ApiPenetrationTests.Auth_MustBeImmuneToXMLInjection" storage="/mnt/c/code/github/jarvis/core.jarvis.api.tests/bin/debug/net8.0/core.jarvis.api.tests.dll" id="1673f9cd-4e23-5f09-3bb9-467d5e00bb7c">
      <Execution id="17d82138-be1e-45e9-826d-9918183d4510" />
      <TestMethod codeBase="/mnt/c/code/github/jarvis/core.jarvis.api.tests/bin/Debug/net8.0/core.jarvis.api.tests.dll" adapterTypeName="executor://xunit/VsTestRunner2/netcoreapp" className="core.jarvis.api.tests.Security.ApiPenetrationTests" name="Auth_MustBeImmuneToXMLInjection" />
    </UnitTest>
    <UnitTest name="core.jarvis.api.tests.Security.ApiPenetrationTests.JWT_MustBeImmuneToManipulation" storage="/mnt/c/code/github/jarvis/core.jarvis.api.tests/bin/debug/net8.0/core.jarvis.api.tests.dll" id="b7989615-8e75-26eb-df6f-03184ebdc65e">
      <Execution id="3e312dfe-f8f2-4733-8217-f28f20d4a232" />
      <TestMethod codeBase="/mnt/c/code/github/jarvis/core.jarvis.api.tests/bin/Debug/net8.0/core.jarvis.api.tests.dll" adapterTypeName="executor://xunit/VsTestRunner2/netcoreapp" className="core.jarvis.api.tests.Security.ApiPenetrationTests" name="JWT_MustBeImmuneToManipulation" />
    </UnitTest>
    <UnitTest name="core.jarvis.api.tests.Functions.SwaggerFunctionsTests.RenderOpenApiDocument_ShouldHandleUnknownExtension" storage="/mnt/c/code/github/jarvis/core.jarvis.api.tests/bin/debug/net8.0/core.jarvis.api.tests.dll" id="c3b2ba51-3af3-22bc-15c2-0b04342ca0cb">
      <Execution id="d479c5f0-b77b-428d-a372-28ab16b34a1f" />
      <TestMethod codeBase="/mnt/c/code/github/jarvis/core.jarvis.api.tests/bin/Debug/net8.0/core.jarvis.api.tests.dll" adapterTypeName="executor://xunit/VsTestRunner2/netcoreapp" className="core.jarvis.api.tests.Functions.SwaggerFunctionsTests" name="RenderOpenApiDocument_ShouldHandleUnknownExtension" />
    </UnitTest>
    <UnitTest name="core.jarvis.api.tests.Security.EssentialSecurityValidationTests.PasswordPolicy_MustEnforceStrength_ToProtectKittens" storage="/mnt/c/code/github/jarvis/core.jarvis.api.tests/bin/debug/net8.0/core.jarvis.api.tests.dll" id="344faad3-993b-6569-070e-23e579a86adc">
      <Execution id="cffced3a-f519-4ae4-9a51-e31dcf4e5c9d" />
      <TestMethod codeBase="/mnt/c/code/github/jarvis/core.jarvis.api.tests/bin/Debug/net8.0/core.jarvis.api.tests.dll" adapterTypeName="executor://xunit/VsTestRunner2/netcoreapp" className="core.jarvis.api.tests.Security.EssentialSecurityValidationTests" name="PasswordPolicy_MustEnforceStrength_ToProtectKittens" />
    </UnitTest>
    <UnitTest name="core.jarvis.api.tests.Unit.Services.TokenServiceTests.GenerateRefreshToken_Should_Create_Unique_Tokens" storage="/mnt/c/code/github/jarvis/core.jarvis.api.tests/bin/debug/net8.0/core.jarvis.api.tests.dll" id="22d5a959-925c-daeb-eea8-4e9dc99a2d3f">
      <Execution id="cb10f8f3-d758-4d49-ba8b-9407507cccb7" />
      <TestMethod codeBase="/mnt/c/code/github/jarvis/core.jarvis.api.tests/bin/Debug/net8.0/core.jarvis.api.tests.dll" adapterTypeName="executor://xunit/VsTestRunner2/netcoreapp" className="core.jarvis.api.tests.Unit.Services.TokenServiceTests" name="GenerateRefreshToken_Should_Create_Unique_Tokens" />
    </UnitTest>
    <UnitTest name="core.jarvis.api.tests.Security.CryptographicSecurityTests.Authentication_MustResistTimingAttacks" storage="/mnt/c/code/github/jarvis/core.jarvis.api.tests/bin/debug/net8.0/core.jarvis.api.tests.dll" id="ee6b9d1a-0113-4bf6-5b47-69488e520bdc">
      <Execution id="668bcab7-3cd4-4eaf-ba3a-100689409af9" />
      <TestMethod codeBase="/mnt/c/code/github/jarvis/core.jarvis.api.tests/bin/Debug/net8.0/core.jarvis.api.tests.dll" adapterTypeName="executor://xunit/VsTestRunner2/netcoreapp" className="core.jarvis.api.tests.Security.CryptographicSecurityTests" name="Authentication_MustResistTimingAttacks" />
    </UnitTest>
    <UnitTest name="core.jarvis.api.tests.Unit.Services.TokenServiceTests.VerifyRefreshToken_With_Correct_Token_Should_Return_True" storage="/mnt/c/code/github/jarvis/core.jarvis.api.tests/bin/debug/net8.0/core.jarvis.api.tests.dll" id="09b235ae-290c-448c-aaf1-dcb9c8299697">
      <Execution id="cc3c5e7f-3da9-4de8-aff8-89ead94ee0d3" />
      <TestMethod codeBase="/mnt/c/code/github/jarvis/core.jarvis.api.tests/bin/Debug/net8.0/core.jarvis.api.tests.dll" adapterTypeName="executor://xunit/VsTestRunner2/netcoreapp" className="core.jarvis.api.tests.Unit.Services.TokenServiceTests" name="VerifyRefreshToken_With_Correct_Token_Should_Return_True" />
    </UnitTest>
    <UnitTest name="core.jarvis.api.tests.Security.TimingAttackTests.ExecuteWithMinimumTime_ShouldMaintainTimingOnException" storage="/mnt/c/code/github/jarvis/core.jarvis.api.tests/bin/debug/net8.0/core.jarvis.api.tests.dll" id="5647e39c-6c61-fbcc-7f92-501375424e46">
      <Execution id="5c33e913-baae-4887-ab4f-8f48c313564f" />
      <TestMethod codeBase="/mnt/c/code/github/jarvis/core.jarvis.api.tests/bin/Debug/net8.0/core.jarvis.api.tests.dll" adapterTypeName="executor://xunit/VsTestRunner2/netcoreapp" className="core.jarvis.api.tests.Security.TimingAttackTests" name="ExecuteWithMinimumTime_ShouldMaintainTimingOnException" />
    </UnitTest>
    <UnitTest name="core.jarvis.api.tests.Security.ApiPenetrationTests.Auth_MustBeImmuneToCommandInjection" storage="/mnt/c/code/github/jarvis/core.jarvis.api.tests/bin/debug/net8.0/core.jarvis.api.tests.dll" id="3dbd7d37-5f5e-3d2d-a330-189b46079636">
      <Execution id="3009f83c-0671-4c68-be28-ab0206dc6ee2" />
      <TestMethod codeBase="/mnt/c/code/github/jarvis/core.jarvis.api.tests/bin/Debug/net8.0/core.jarvis.api.tests.dll" adapterTypeName="executor://xunit/VsTestRunner2/netcoreapp" className="core.jarvis.api.tests.Security.ApiPenetrationTests" name="Auth_MustBeImmuneToCommandInjection" />
    </UnitTest>
    <UnitTest name="core.jarvis.api.tests.Integration.Security.CoreSecurityValidationTests.PasswordPolicy_MustEnforceStrongPasswords" storage="/mnt/c/code/github/jarvis/core.jarvis.api.tests/bin/debug/net8.0/core.jarvis.api.tests.dll" id="e0ede63a-3f1b-2b0d-f2c7-3c0b32c240ee">
      <Execution id="82fe9978-5d86-49f1-af5e-35813fe07b6e" />
      <TestMethod codeBase="/mnt/c/code/github/jarvis/core.jarvis.api.tests/bin/Debug/net8.0/core.jarvis.api.tests.dll" adapterTypeName="executor://xunit/VsTestRunner2/netcoreapp" className="core.jarvis.api.tests.Integration.Security.CoreSecurityValidationTests" name="PasswordPolicy_MustEnforceStrongPasswords" />
    </UnitTest>
    <UnitTest name="core.jarvis.api.tests.Unit.Services.TokenServiceTests.ValidateToken_With_Wrong_Issuer_Should_Return_Null" storage="/mnt/c/code/github/jarvis/core.jarvis.api.tests/bin/debug/net8.0/core.jarvis.api.tests.dll" id="cd4bea3e-8c6c-5933-752c-085581bebeb0">
      <Execution id="60a4e86c-1ea3-4498-a948-d127b7b21839" />
      <TestMethod codeBase="/mnt/c/code/github/jarvis/core.jarvis.api.tests/bin/Debug/net8.0/core.jarvis.api.tests.dll" adapterTypeName="executor://xunit/VsTestRunner2/netcoreapp" className="core.jarvis.api.tests.Unit.Services.TokenServiceTests" name="ValidateToken_With_Wrong_Issuer_Should_Return_Null" />
    </UnitTest>
    <UnitTest name="core.jarvis.api.tests.Security.TimingAttackTests.AddRandomDelay_ShouldGenerateVariableDelays" storage="/mnt/c/code/github/jarvis/core.jarvis.api.tests/bin/debug/net8.0/core.jarvis.api.tests.dll" id="00948cd3-db21-7d30-6797-b29de9110710">
      <Execution id="fe587406-a6fc-473c-9a74-0f092d15516b" />
      <TestMethod codeBase="/mnt/c/code/github/jarvis/core.jarvis.api.tests/bin/Debug/net8.0/core.jarvis.api.tests.dll" adapterTypeName="executor://xunit/VsTestRunner2/netcoreapp" className="core.jarvis.api.tests.Security.TimingAttackTests" name="AddRandomDelay_ShouldGenerateVariableDelays" />
    </UnitTest>
    <UnitTest name="core.jarvis.api.tests.Integration.Security.CoreSecurityValidationTests.TokenRotation_MustGenerateDifferentTokens" storage="/mnt/c/code/github/jarvis/core.jarvis.api.tests/bin/debug/net8.0/core.jarvis.api.tests.dll" id="c28efe45-1b8a-d9b1-0847-3645ebbae062">
      <Execution id="d047c5a7-108f-4917-be4b-b6cb6eef5a1e" />
      <TestMethod codeBase="/mnt/c/code/github/jarvis/core.jarvis.api.tests/bin/Debug/net8.0/core.jarvis.api.tests.dll" adapterTypeName="executor://xunit/VsTestRunner2/netcoreapp" className="core.jarvis.api.tests.Integration.Security.CoreSecurityValidationTests" name="TokenRotation_MustGenerateDifferentTokens" />
    </UnitTest>
    <UnitTest name="core.jarvis.api.tests.Functions.SwaggerFunctionsTests.RenderOpenApiDocument_ShouldReturnCorrectContentType(extension: &quot;json&quot;, expectedContentType: &quot;application/json&quot;)" storage="/mnt/c/code/github/jarvis/core.jarvis.api.tests/bin/debug/net8.0/core.jarvis.api.tests.dll" id="b74b8f75-aa42-a557-4cb0-debd86a998ff">
      <Execution id="8a8a0f88-88df-4feb-be95-153ec877da9a" />
      <TestMethod codeBase="/mnt/c/code/github/jarvis/core.jarvis.api.tests/bin/Debug/net8.0/core.jarvis.api.tests.dll" adapterTypeName="executor://xunit/VsTestRunner2/netcoreapp" className="core.jarvis.api.tests.Functions.SwaggerFunctionsTests" name="RenderOpenApiDocument_ShouldReturnCorrectContentType" />
    </UnitTest>
    <UnitTest name="core.jarvis.api.tests.Integration.Security.CoreSecurityValidationTests.ErrorMessages_MustNotLeakInformation" storage="/mnt/c/code/github/jarvis/core.jarvis.api.tests/bin/debug/net8.0/core.jarvis.api.tests.dll" id="c90f8cd4-1f12-fa38-41d4-abf2b054036b">
      <Execution id="152908e5-b015-4e3f-a9a1-aaf586dc36a3" />
      <TestMethod codeBase="/mnt/c/code/github/jarvis/core.jarvis.api.tests/bin/Debug/net8.0/core.jarvis.api.tests.dll" adapterTypeName="executor://xunit/VsTestRunner2/netcoreapp" className="core.jarvis.api.tests.Integration.Security.CoreSecurityValidationTests" name="ErrorMessages_MustNotLeakInformation" />
    </UnitTest>
    <UnitTest name="core.jarvis.api.tests.Integration.Functions.ComponentValidationMiddlewareTests.IsValidComponentOrGuid_With_Valid_Component_Should_Return_True" storage="/mnt/c/code/github/jarvis/core.jarvis.api.tests/bin/debug/net8.0/core.jarvis.api.tests.dll" id="192f29e1-c40b-fe30-f755-fd7248f17f4c">
      <Execution id="d5e17999-99a1-4c67-aed7-6a8be3850c42" />
      <TestMethod codeBase="/mnt/c/code/github/jarvis/core.jarvis.api.tests/bin/Debug/net8.0/core.jarvis.api.tests.dll" adapterTypeName="executor://xunit/VsTestRunner2/netcoreapp" className="core.jarvis.api.tests.Integration.Functions.ComponentValidationMiddlewareTests" name="IsValidComponentOrGuid_With_Valid_Component_Should_Return_True" />
    </UnitTest>
    <UnitTest name="core.jarvis.api.tests.Security.TimingAttackTests.ExecuteWithMinimumTime_ShouldEnforceMinimum" storage="/mnt/c/code/github/jarvis/core.jarvis.api.tests/bin/debug/net8.0/core.jarvis.api.tests.dll" id="f342fc53-aabd-cfe7-87d0-2cdea7e1a083">
      <Execution id="7da2aae8-52dc-4674-b6f1-9ce2e0f20c05" />
      <TestMethod codeBase="/mnt/c/code/github/jarvis/core.jarvis.api.tests/bin/Debug/net8.0/core.jarvis.api.tests.dll" adapterTypeName="executor://xunit/VsTestRunner2/netcoreapp" className="core.jarvis.api.tests.Security.TimingAttackTests" name="ExecuteWithMinimumTime_ShouldEnforceMinimum" />
    </UnitTest>
    <UnitTest name="core.jarvis.api.tests.Security.CryptographicSecurityTests.Cryptography_MustUseStrongAlgorithms" storage="/mnt/c/code/github/jarvis/core.jarvis.api.tests/bin/debug/net8.0/core.jarvis.api.tests.dll" id="e3d4d8f6-91ba-a967-1705-0c3d04535377">
      <Execution id="5dbd60bd-4ab9-43d1-b9b3-70a707009653" />
      <TestMethod codeBase="/mnt/c/code/github/jarvis/core.jarvis.api.tests/bin/Debug/net8.0/core.jarvis.api.tests.dll" adapterTypeName="executor://xunit/VsTestRunner2/netcoreapp" className="core.jarvis.api.tests.Security.CryptographicSecurityTests" name="Cryptography_MustUseStrongAlgorithms" />
    </UnitTest>
    <UnitTest name="core.jarvis.api.tests.Security.CryptographicSecurityTests.TokenGeneration_MustUseCryptoRandom" storage="/mnt/c/code/github/jarvis/core.jarvis.api.tests/bin/debug/net8.0/core.jarvis.api.tests.dll" id="1b232fdb-d517-6336-d4a3-9aebf63e1666">
      <Execution id="07d7f2b6-0e32-4715-af0a-2538c1e63496" />
      <TestMethod codeBase="/mnt/c/code/github/jarvis/core.jarvis.api.tests/bin/Debug/net8.0/core.jarvis.api.tests.dll" adapterTypeName="executor://xunit/VsTestRunner2/netcoreapp" className="core.jarvis.api.tests.Security.CryptographicSecurityTests" name="TokenGeneration_MustUseCryptoRandom" />
    </UnitTest>
    <UnitTest name="core.jarvis.api.tests.Unit.Services.TokenServiceTests.GenerateAccessToken_Should_Create_Valid_JWT_Token" storage="/mnt/c/code/github/jarvis/core.jarvis.api.tests/bin/debug/net8.0/core.jarvis.api.tests.dll" id="a513eda7-ec6c-a2c9-575d-00ecb9f6ce35">
      <Execution id="f0a5fd15-9a94-4237-ad4d-db32b5a45cf4" />
      <TestMethod codeBase="/mnt/c/code/github/jarvis/core.jarvis.api.tests/bin/Debug/net8.0/core.jarvis.api.tests.dll" adapterTypeName="executor://xunit/VsTestRunner2/netcoreapp" className="core.jarvis.api.tests.Unit.Services.TokenServiceTests" name="GenerateAccessToken_Should_Create_Valid_JWT_Token" />
    </UnitTest>
    <UnitTest name="core.jarvis.api.tests.Unit.Services.TokenServiceTests.HashRefreshToken_Should_Create_Consistent_Hash" storage="/mnt/c/code/github/jarvis/core.jarvis.api.tests/bin/debug/net8.0/core.jarvis.api.tests.dll" id="2f775ddc-70d7-92b7-3647-546b58ec57a8">
      <Execution id="5613c166-b22f-46ba-b6a9-1f08f8a53412" />
      <TestMethod codeBase="/mnt/c/code/github/jarvis/core.jarvis.api.tests/bin/Debug/net8.0/core.jarvis.api.tests.dll" adapterTypeName="executor://xunit/VsTestRunner2/netcoreapp" className="core.jarvis.api.tests.Unit.Services.TokenServiceTests" name="HashRefreshToken_Should_Create_Consistent_Hash" />
    </UnitTest>
    <UnitTest name="core.jarvis.api.tests.Functions.SwaggerFunctionsTests.RenderSwaggerUI_ShouldReturnHtmlContent" storage="/mnt/c/code/github/jarvis/core.jarvis.api.tests/bin/debug/net8.0/core.jarvis.api.tests.dll" id="4182e745-861a-3cda-deb6-702f086d1f7d">
      <Execution id="1eb7750d-f826-42a6-bf33-599467a53ba8" />
      <TestMethod codeBase="/mnt/c/code/github/jarvis/core.jarvis.api.tests/bin/Debug/net8.0/core.jarvis.api.tests.dll" adapterTypeName="executor://xunit/VsTestRunner2/netcoreapp" className="core.jarvis.api.tests.Functions.SwaggerFunctionsTests" name="RenderSwaggerUI_ShouldReturnHtmlContent" />
    </UnitTest>
    <UnitTest name="core.jarvis.api.tests.Functions.SwaggerFunctionsTests.RenderOpenApiDocument_Json_ShouldReturnValidOpenApiDocument" storage="/mnt/c/code/github/jarvis/core.jarvis.api.tests/bin/debug/net8.0/core.jarvis.api.tests.dll" id="08991b98-c9ed-ca60-8a47-4fd02fc24cd5">
      <Execution id="18780a63-9087-40c2-96cd-92762dfb8b6c" />
      <TestMethod codeBase="/mnt/c/code/github/jarvis/core.jarvis.api.tests/bin/Debug/net8.0/core.jarvis.api.tests.dll" adapterTypeName="executor://xunit/VsTestRunner2/netcoreapp" className="core.jarvis.api.tests.Functions.SwaggerFunctionsTests" name="RenderOpenApiDocument_Json_ShouldReturnValidOpenApiDocument" />
    </UnitTest>
    <UnitTest name="core.jarvis.api.tests.Security.ApiPenetrationTests.SecurityPenetrationTest_Summary" storage="/mnt/c/code/github/jarvis/core.jarvis.api.tests/bin/debug/net8.0/core.jarvis.api.tests.dll" id="1a60cd81-308a-b67a-4935-d5630bbc5861">
      <Execution id="75a24a5a-611f-49e1-a766-20e377acbc66" />
      <TestMethod codeBase="/mnt/c/code/github/jarvis/core.jarvis.api.tests/bin/Debug/net8.0/core.jarvis.api.tests.dll" adapterTypeName="executor://xunit/VsTestRunner2/netcoreapp" className="core.jarvis.api.tests.Security.ApiPenetrationTests" name="SecurityPenetrationTest_Summary" />
    </UnitTest>
    <UnitTest name="core.jarvis.api.tests.Unit.Services.TokenServiceTests.ValidateToken_With_Invalid_Token_Should_Return_Null" storage="/mnt/c/code/github/jarvis/core.jarvis.api.tests/bin/debug/net8.0/core.jarvis.api.tests.dll" id="d79fed56-affa-14da-8ec4-5102cba1b4a6">
      <Execution id="192d3ea2-5aa0-4f8f-a640-c8bd3755148a" />
      <TestMethod codeBase="/mnt/c/code/github/jarvis/core.jarvis.api.tests/bin/Debug/net8.0/core.jarvis.api.tests.dll" adapterTypeName="executor://xunit/VsTestRunner2/netcoreapp" className="core.jarvis.api.tests.Unit.Services.TokenServiceTests" name="ValidateToken_With_Invalid_Token_Should_Return_Null" />
    </UnitTest>
    <UnitTest name="core.jarvis.api.tests.Integration.Security.CoreSecurityValidationTests.CompleteAuthFlow_MustBeSecure" storage="/mnt/c/code/github/jarvis/core.jarvis.api.tests/bin/debug/net8.0/core.jarvis.api.tests.dll" id="4ae42201-a0f2-1c0d-460e-217d98edc73e">
      <Execution id="612c6032-d262-46c9-af17-aa5d6d9cd07c" />
      <TestMethod codeBase="/mnt/c/code/github/jarvis/core.jarvis.api.tests/bin/Debug/net8.0/core.jarvis.api.tests.dll" adapterTypeName="executor://xunit/VsTestRunner2/netcoreapp" className="core.jarvis.api.tests.Integration.Security.CoreSecurityValidationTests" name="CompleteAuthFlow_MustBeSecure" />
    </UnitTest>
    <UnitTest name="core.jarvis.api.tests.Security.TimingAttackTests.AuthenticationSimulation_ShouldHaveConsistentTiming" storage="/mnt/c/code/github/jarvis/core.jarvis.api.tests/bin/debug/net8.0/core.jarvis.api.tests.dll" id="a41459ad-ebf2-5992-637b-c9d853b105b7">
      <Execution id="65bcc99f-56dc-4c84-b158-11f16c7f547d" />
      <TestMethod codeBase="/mnt/c/code/github/jarvis/core.jarvis.api.tests/bin/Debug/net8.0/core.jarvis.api.tests.dll" adapterTypeName="executor://xunit/VsTestRunner2/netcoreapp" className="core.jarvis.api.tests.Security.TimingAttackTests" name="AuthenticationSimulation_ShouldHaveConsistentTiming" />
    </UnitTest>
    <UnitTest name="core.jarvis.api.tests.Security.ApiPenetrationTests.Auth_MustBeImmuneToLDAPInjection" storage="/mnt/c/code/github/jarvis/core.jarvis.api.tests/bin/debug/net8.0/core.jarvis.api.tests.dll" id="a5e829e2-1951-cd83-cd45-515cd0b9cbd7">
      <Execution id="1db7ffea-15cd-4179-b125-b83cac2154d8" />
      <TestMethod codeBase="/mnt/c/code/github/jarvis/core.jarvis.api.tests/bin/Debug/net8.0/core.jarvis.api.tests.dll" adapterTypeName="executor://xunit/VsTestRunner2/netcoreapp" className="core.jarvis.api.tests.Security.ApiPenetrationTests" name="Auth_MustBeImmuneToLDAPInjection" />
    </UnitTest>
    <UnitTest name="core.jarvis.api.tests.Functions.SwaggerFunctionsTests.RenderOpenApiDocument_Yaml_ShouldReturnValidYamlDocument" storage="/mnt/c/code/github/jarvis/core.jarvis.api.tests/bin/debug/net8.0/core.jarvis.api.tests.dll" id="6ccd858a-848b-7c06-8a81-bdff7c720780">
      <Execution id="d1d6dbae-2afa-4451-ae98-6417e5828127" />
      <TestMethod codeBase="/mnt/c/code/github/jarvis/core.jarvis.api.tests/bin/Debug/net8.0/core.jarvis.api.tests.dll" adapterTypeName="executor://xunit/VsTestRunner2/netcoreapp" className="core.jarvis.api.tests.Functions.SwaggerFunctionsTests" name="RenderOpenApiDocument_Yaml_ShouldReturnValidYamlDocument" />
    </UnitTest>
    <UnitTest name="core.jarvis.api.tests.Unit.Services.TokenServiceTests.VerifyRefreshToken_With_Incorrect_Token_Should_Return_False" storage="/mnt/c/code/github/jarvis/core.jarvis.api.tests/bin/debug/net8.0/core.jarvis.api.tests.dll" id="58ee0ad8-ac78-fad4-76ff-56558e3c72b4">
      <Execution id="343c9f0a-52bf-4a26-adda-d0bce60b55b9" />
      <TestMethod codeBase="/mnt/c/code/github/jarvis/core.jarvis.api.tests/bin/Debug/net8.0/core.jarvis.api.tests.dll" adapterTypeName="executor://xunit/VsTestRunner2/netcoreapp" className="core.jarvis.api.tests.Unit.Services.TokenServiceTests" name="VerifyRefreshToken_With_Incorrect_Token_Should_Return_False" />
    </UnitTest>
  </TestDefinitions>
  <TestEntries>
    <TestEntry testId="344faad3-993b-6569-070e-23e579a86adc" executionId="cffced3a-f519-4ae4-9a51-e31dcf4e5c9d" testListId="8c84fa94-04c1-424b-9868-57a2d4851a1d" />
    <TestEntry testId="23887283-d4ab-1433-13dd-8c54e277998c" executionId="731fba9c-dd5a-4974-a4b1-2c3ad4af64c3" testListId="8c84fa94-04c1-424b-9868-57a2d4851a1d" />
    <TestEntry testId="328960f7-f3c3-c259-5f98-15a998132eff" executionId="7998c061-2f41-48d9-88de-af23e43043b5" testListId="8c84fa94-04c1-424b-9868-57a2d4851a1d" />
    <TestEntry testId="f58477e8-0346-be6d-14f8-d9167f605aba" executionId="8cdd882e-5800-4b0a-8b0d-b55c7e7b7078" testListId="8c84fa94-04c1-424b-9868-57a2d4851a1d" />
    <TestEntry testId="cd4bea3e-8c6c-5933-752c-085581bebeb0" executionId="60a4e86c-1ea3-4498-a948-d127b7b21839" testListId="8c84fa94-04c1-424b-9868-57a2d4851a1d" />
    <TestEntry testId="b7989615-8e75-26eb-df6f-03184ebdc65e" executionId="3e312dfe-f8f2-4733-8217-f28f20d4a232" testListId="8c84fa94-04c1-424b-9868-57a2d4851a1d" />
    <TestEntry testId="5685fbde-686d-5dd3-4b98-033e19d69cd1" executionId="aa2a1cf4-1c28-4e2b-8d64-774af3af395c" testListId="8c84fa94-04c1-424b-9868-57a2d4851a1d" />
    <TestEntry testId="d4799eea-c13f-bdcb-7a6d-32f1194386ad" executionId="cece8641-6137-4d74-9466-551b1647b123" testListId="8c84fa94-04c1-424b-9868-57a2d4851a1d" />
    <TestEntry testId="46ef6f2b-b5f8-f07d-5e66-c94cd87ca722" executionId="ee44ab47-72d9-404e-9de8-25a5afc21fc8" testListId="8c84fa94-04c1-424b-9868-57a2d4851a1d" />
    <TestEntry testId="6ccd858a-848b-7c06-8a81-bdff7c720780" executionId="d1d6dbae-2afa-4451-ae98-6417e5828127" testListId="8c84fa94-04c1-424b-9868-57a2d4851a1d" />
    <TestEntry testId="d79fed56-affa-14da-8ec4-5102cba1b4a6" executionId="192d3ea2-5aa0-4f8f-a640-c8bd3755148a" testListId="8c84fa94-04c1-424b-9868-57a2d4851a1d" />
    <TestEntry testId="2f775ddc-70d7-92b7-3647-546b58ec57a8" executionId="5613c166-b22f-46ba-b6a9-1f08f8a53412" testListId="8c84fa94-04c1-424b-9868-57a2d4851a1d" />
    <TestEntry testId="925daedb-9b80-5dc3-c0fb-70f7105d46d8" executionId="d457cb32-2f67-4971-95c1-eca234286eec" testListId="8c84fa94-04c1-424b-9868-57a2d4851a1d" />
    <TestEntry testId="f67a8551-3c44-c156-39f2-44291d88df44" executionId="06ea7656-9231-4db5-bf57-e3163bc107fa" testListId="8c84fa94-04c1-424b-9868-57a2d4851a1d" />
    <TestEntry testId="22d5a959-925c-daeb-eea8-4e9dc99a2d3f" executionId="cb10f8f3-d758-4d49-ba8b-9407507cccb7" testListId="8c84fa94-04c1-424b-9868-57a2d4851a1d" />
    <TestEntry testId="08991b98-c9ed-ca60-8a47-4fd02fc24cd5" executionId="18780a63-9087-40c2-96cd-92762dfb8b6c" testListId="8c84fa94-04c1-424b-9868-57a2d4851a1d" />
    <TestEntry testId="5647e39c-6c61-fbcc-7f92-501375424e46" executionId="5c33e913-baae-4887-ab4f-8f48c313564f" testListId="8c84fa94-04c1-424b-9868-57a2d4851a1d" />
    <TestEntry testId="3ae5048f-a732-b14c-c213-cfe50e23f3a0" executionId="5564ac4f-d8e7-4e10-8f28-1b82a7076e29" testListId="8c84fa94-04c1-424b-9868-57a2d4851a1d" />
    <TestEntry testId="676864d9-0483-dcb4-654f-9e0f5da9124f" executionId="5a449593-a454-4593-8dbc-c60c6271c49b" testListId="8c84fa94-04c1-424b-9868-57a2d4851a1d" />
    <TestEntry testId="a5e829e2-1951-cd83-cd45-515cd0b9cbd7" executionId="1db7ffea-15cd-4179-b125-b83cac2154d8" testListId="8c84fa94-04c1-424b-9868-57a2d4851a1d" />
    <TestEntry testId="f342fc53-aabd-cfe7-87d0-2cdea7e1a083" executionId="7da2aae8-52dc-4674-b6f1-9ce2e0f20c05" testListId="8c84fa94-04c1-424b-9868-57a2d4851a1d" />
    <TestEntry testId="f652a3f5-c6c9-49d2-2f43-6608fddd893f" executionId="c46fafdf-bdbf-4f4a-85bb-3ec3a6b9f724" testListId="8c84fa94-04c1-424b-9868-57a2d4851a1d" />
    <TestEntry testId="09b235ae-290c-448c-aaf1-dcb9c8299697" executionId="cc3c5e7f-3da9-4de8-aff8-89ead94ee0d3" testListId="8c84fa94-04c1-424b-9868-57a2d4851a1d" />
    <TestEntry testId="82ab64f1-4f80-295c-6e32-4a63f1b67333" executionId="d9e2b5b3-6592-4583-9748-e00d9043490c" testListId="8c84fa94-04c1-424b-9868-57a2d4851a1d" />
    <TestEntry testId="c7060a89-c05f-5276-a5dc-16293b9fe821" executionId="6696081d-25b1-48ce-b3c8-d62dbb21f959" testListId="8c84fa94-04c1-424b-9868-57a2d4851a1d" />
    <TestEntry testId="e2737a33-1d90-d331-3419-033cecd062ae" executionId="35e76934-bc87-42bd-b31d-cf9215a5e4a1" testListId="8c84fa94-04c1-424b-9868-57a2d4851a1d" />
    <TestEntry testId="bde50300-29cb-191f-f3b0-fbbcb0aea446" executionId="c8436f06-442d-4046-88df-8daabbd58d20" testListId="8c84fa94-04c1-424b-9868-57a2d4851a1d" />
    <TestEntry testId="0319f766-9219-a5ce-55a5-0be6ae917910" executionId="676ef3af-f71d-49fd-9a42-f5d124fffaec" testListId="8c84fa94-04c1-424b-9868-57a2d4851a1d" />
    <TestEntry testId="96b3f8e4-04e1-6643-cef6-67e547b6d96f" executionId="48be2fa0-1927-4b14-b4a7-a56d36dd50ff" testListId="8c84fa94-04c1-424b-9868-57a2d4851a1d" />
    <TestEntry testId="3dbd7d37-5f5e-3d2d-a330-189b46079636" executionId="3009f83c-0671-4c68-be28-ab0206dc6ee2" testListId="8c84fa94-04c1-424b-9868-57a2d4851a1d" />
    <TestEntry testId="61bb5a14-f326-f7ab-2b7f-8fb8cdf29470" executionId="6a556fb1-7f85-4dda-b498-995343771d26" testListId="8c84fa94-04c1-424b-9868-57a2d4851a1d" />
    <TestEntry testId="58ee0ad8-ac78-fad4-76ff-56558e3c72b4" executionId="343c9f0a-52bf-4a26-adda-d0bce60b55b9" testListId="8c84fa94-04c1-424b-9868-57a2d4851a1d" />
    <TestEntry testId="a513eda7-ec6c-a2c9-575d-00ecb9f6ce35" executionId="f0a5fd15-9a94-4237-ad4d-db32b5a45cf4" testListId="8c84fa94-04c1-424b-9868-57a2d4851a1d" />
    <TestEntry testId="65200d15-d7d4-ca03-b0aa-9a4fac76c393" executionId="98dc117c-1efb-4f42-9a2a-aaafb8add9d1" testListId="8c84fa94-04c1-424b-9868-57a2d4851a1d" />
    <TestEntry testId="1819066a-64ae-2486-997f-a72f8fe5053c" executionId="269e857a-afda-45f7-9ffb-80c64e2efb66" testListId="8c84fa94-04c1-424b-9868-57a2d4851a1d" />
    <TestEntry testId="c3b2ba51-3af3-22bc-15c2-0b04342ca0cb" executionId="d479c5f0-b77b-428d-a372-28ab16b34a1f" testListId="8c84fa94-04c1-424b-9868-57a2d4851a1d" />
    <TestEntry testId="4182e745-861a-3cda-deb6-702f086d1f7d" executionId="1eb7750d-f826-42a6-bf33-599467a53ba8" testListId="8c84fa94-04c1-424b-9868-57a2d4851a1d" />
    <TestEntry testId="c4d39697-2cd8-0889-e0d8-0ab08873a09e" executionId="af92b9f8-be16-410c-a11c-88b5f458b756" testListId="8c84fa94-04c1-424b-9868-57a2d4851a1d" />
    <TestEntry testId="b74b8f75-aa42-a557-4cb0-debd86a998ff" executionId="8a8a0f88-88df-4feb-be95-153ec877da9a" testListId="8c84fa94-04c1-424b-9868-57a2d4851a1d" />
    <TestEntry testId="e0ede63a-3f1b-2b0d-f2c7-3c0b32c240ee" executionId="82fe9978-5d86-49f1-af5e-35813fe07b6e" testListId="8c84fa94-04c1-424b-9868-57a2d4851a1d" />
    <TestEntry testId="2f2546e0-3e20-dd15-2e13-535f253b68f4" executionId="0f07eb04-0f12-442c-91b7-b7261e15eaa9" testListId="8c84fa94-04c1-424b-9868-57a2d4851a1d" />
    <TestEntry testId="f95c2d79-2ccd-6054-8306-cb49e1c17720" executionId="bec6fc04-7b71-4bab-9449-fd18b1df63b4" testListId="8c84fa94-04c1-424b-9868-57a2d4851a1d" />
    <TestEntry testId="c90f8cd4-1f12-fa38-41d4-abf2b054036b" executionId="152908e5-b015-4e3f-a9a1-aaf586dc36a3" testListId="8c84fa94-04c1-424b-9868-57a2d4851a1d" />
    <TestEntry testId="1b232fdb-d517-6336-d4a3-9aebf63e1666" executionId="07d7f2b6-0e32-4715-af0a-2538c1e63496" testListId="8c84fa94-04c1-424b-9868-57a2d4851a1d" />
    <TestEntry testId="1673f9cd-4e23-5f09-3bb9-467d5e00bb7c" executionId="17d82138-be1e-45e9-826d-9918183d4510" testListId="8c84fa94-04c1-424b-9868-57a2d4851a1d" />
    <TestEntry testId="c28efe45-1b8a-d9b1-0847-3645ebbae062" executionId="d047c5a7-108f-4917-be4b-b6cb6eef5a1e" testListId="8c84fa94-04c1-424b-9868-57a2d4851a1d" />
    <TestEntry testId="4ae42201-a0f2-1c0d-460e-217d98edc73e" executionId="612c6032-d262-46c9-af17-aa5d6d9cd07c" testListId="8c84fa94-04c1-424b-9868-57a2d4851a1d" />
    <TestEntry testId="2abfe03f-f0d0-dcf2-6e62-611f7c2b97a4" executionId="26d2928f-89ff-49db-8968-cf3d506f4086" testListId="8c84fa94-04c1-424b-9868-57a2d4851a1d" />
    <TestEntry testId="312d10e6-50f7-1681-2203-8659b76b9e2d" executionId="8eb9af8c-8717-4de2-bf68-ddc910d9eff8" testListId="8c84fa94-04c1-424b-9868-57a2d4851a1d" />
    <TestEntry testId="e0ff652c-b0bf-8b63-ef97-1e503e5cffc3" executionId="0c7961ed-a657-42f6-a477-04068126b629" testListId="8c84fa94-04c1-424b-9868-57a2d4851a1d" />
    <TestEntry testId="00948cd3-db21-7d30-6797-b29de9110710" executionId="fe587406-a6fc-473c-9a74-0f092d15516b" testListId="8c84fa94-04c1-424b-9868-57a2d4851a1d" />
    <TestEntry testId="1a60cd81-308a-b67a-4935-d5630bbc5861" executionId="75a24a5a-611f-49e1-a766-20e377acbc66" testListId="8c84fa94-04c1-424b-9868-57a2d4851a1d" />
    <TestEntry testId="24d64ae6-bb30-4277-89b8-bbf37abe6ba1" executionId="21a700cf-65b8-4e9b-a3a8-16cf12a8c735" testListId="8c84fa94-04c1-424b-9868-57a2d4851a1d" />
    <TestEntry testId="e3d4d8f6-91ba-a967-1705-0c3d04535377" executionId="5dbd60bd-4ab9-43d1-b9b3-70a707009653" testListId="8c84fa94-04c1-424b-9868-57a2d4851a1d" />
    <TestEntry testId="a41459ad-ebf2-5992-637b-c9d853b105b7" executionId="65bcc99f-56dc-4c84-b158-11f16c7f547d" testListId="8c84fa94-04c1-424b-9868-57a2d4851a1d" />
    <TestEntry testId="3635a21e-2d2a-2ef6-589e-3ec47a022923" executionId="fcaf4bdf-7040-4da4-8557-472748d186a1" testListId="8c84fa94-04c1-424b-9868-57a2d4851a1d" />
    <TestEntry testId="c5894143-a6fb-0121-79c3-da293b2cf0f2" executionId="a51b57b7-c6ec-4152-910d-5e40095a0233" testListId="8c84fa94-04c1-424b-9868-57a2d4851a1d" />
    <TestEntry testId="b0674ab9-1af4-1db0-b669-52756008cffa" executionId="75898be0-87f3-4577-93e9-8ae13ff94a4b" testListId="8c84fa94-04c1-424b-9868-57a2d4851a1d" />
    <TestEntry testId="a1605c0e-87e0-c542-f692-ab0d83e0780a" executionId="8548755a-ecc7-4e9f-9ec1-9f2fc7fdcf9d" testListId="8c84fa94-04c1-424b-9868-57a2d4851a1d" />
    <TestEntry testId="04071e69-285b-f7fd-ec67-e22c8b57ebe0" executionId="4c256737-13bd-4cd8-84fb-c8d8c3469d58" testListId="8c84fa94-04c1-424b-9868-57a2d4851a1d" />
    <TestEntry testId="192f29e1-c40b-fe30-f755-fd7248f17f4c" executionId="d5e17999-99a1-4c67-aed7-6a8be3850c42" testListId="8c84fa94-04c1-424b-9868-57a2d4851a1d" />
    <TestEntry testId="f8dc6025-b278-ab1b-f86d-c768485c31c7" executionId="ad649017-03fd-4b33-87a2-edc7cd813c14" testListId="8c84fa94-04c1-424b-9868-57a2d4851a1d" />
    <TestEntry testId="3ce850d2-2081-da81-fd0f-ced7dbea3fc3" executionId="5ff1323f-4d04-49b6-8884-211a03ee743f" testListId="8c84fa94-04c1-424b-9868-57a2d4851a1d" />
    <TestEntry testId="ee6b9d1a-0113-4bf6-5b47-69488e520bdc" executionId="668bcab7-3cd4-4eaf-ba3a-100689409af9" testListId="8c84fa94-04c1-424b-9868-57a2d4851a1d" />
    <TestEntry testId="33da7288-f3e5-b105-fe97-efcc65757d3b" executionId="eec7525f-a774-4820-bc61-4e2275136975" testListId="8c84fa94-04c1-424b-9868-57a2d4851a1d" />
    <TestEntry testId="02893a9f-d308-a689-7ffb-c8591dba5b6a" executionId="21089872-17eb-4df9-819b-aa84fe4c3a53" testListId="8c84fa94-04c1-424b-9868-57a2d4851a1d" />
  </TestEntries>
  <TestLists>
    <TestList name="Results Not in a List" id="8c84fa94-04c1-424b-9868-57a2d4851a1d" />
    <TestList name="All Loaded Results" id="19431567-8539-422a-85d7-44ee4e166bda" />
  </TestLists>
  <ResultSummary outcome="Failed">
    <Counters total="66" executed="64" passed="63" failed="1" error="0" timeout="0" aborted="0" inconclusive="0" passedButRunAborted="0" notRunnable="0" notExecuted="0" disconnected="0" warning="0" completed="0" inProgress="0" pending="0" />
    <Output>
      <StdOut>[xUnit.net 00:00:00.00] xUnit.net VSTest Adapter v2.8.2+699d445a1a (64-bit .NET 8.0.17)
[xUnit.net 00:00:00.16]   Discovering: core.jarvis.api.tests
[xUnit.net 00:00:00.21]   Discovered:  core.jarvis.api.tests
[xUnit.net 00:00:00.21]   Starting:    core.jarvis.api.tests
[xUnit.net 00:00:00.51]       Schema validation needs update after ECS refactoring
Test 'core.jarvis.api.tests.Functions.SwaggerFunctionsTests.RenderOpenApiDocument_ShouldIncludeAllSchemas' was skipped in the test run.
[xUnit.net 00:00:01.05]       JWT library doesn't allow creating tokens with expiration in the past
Test 'core.jarvis.api.tests.Unit.Services.TokenServiceTests.ValidateToken_With_Expired_Token_Should_Return_Null' was skipped in the test run.
[xUnit.net 00:00:03.03]       Shouldly.ShouldAssertException : 77.25136254494174d&#xD;
[xUnit.net 00:00:03.04]           should be less than&#xD;
[xUnit.net 00:00:03.04]       2d&#xD;
[xUnit.net 00:00:03.04]           but was not&#xD;
[xUnit.net 00:00:03.04]       &#xD;
[xUnit.net 00:00:03.04]       Additional Info:&#xD;
[xUnit.net 00:00:03.04]           Timing should be similar for correct/incorrect tokens
[xUnit.net 00:00:03.04]       Stack Trace:
[xUnit.net 00:00:03.04]         C:\Code\github\Jarvis\core.jarvis.api.tests\Security\CryptographicSecurityTests.cs(343,0): at core.jarvis.api.tests.Security.CryptographicSecurityTests.SecureComparison_MustBeConstantTime()
[xUnit.net 00:00:03.04]            at System.RuntimeMethodHandle.InvokeMethod(Object target, Void** arguments, Signature sig, Boolean isConstructor)
[xUnit.net 00:00:03.04]            at System.Reflection.MethodBaseInvoker.InvokeWithNoArgs(Object obj, BindingFlags invokeAttr)
[xUnit.net 00:00:06.95]   Finished:    core.jarvis.api.tests
</StdOut>
    </Output>
    <RunInfos>
      <RunInfo computerName="MAIN-HOME-PC" outcome="Warning" timestamp="2025-06-24T23:16:47.1677330+10:00">
        <Text>Data collection : Unable to find a datacollector with friendly name 'Code Coverage'.</Text>
      </RunInfo>
      <RunInfo computerName="MAIN-HOME-PC" outcome="Warning" timestamp="2025-06-24T23:16:47.1677890+10:00">
        <Text>Data collection : Could not find data collector 'Code Coverage'</Text>
      </RunInfo>
      <RunInfo computerName="MAIN-HOME-PC" outcome="Warning" timestamp="2025-06-24T23:16:47.1678062+10:00">
        <Text>Data collection : Unable to find a datacollector with friendly name 'XPlat Code Coverage'.</Text>
      </RunInfo>
      <RunInfo computerName="MAIN-HOME-PC" outcome="Warning" timestamp="2025-06-24T23:16:47.1678251+10:00">
        <Text>Data collection : Could not find data collector 'XPlat Code Coverage'</Text>
      </RunInfo>
      <RunInfo computerName="MAIN-HOME-PC" outcome="Warning" timestamp="2025-06-24T23:16:47.8543070+10:00">
        <Text>[xUnit.net 00:00:00.51]     core.jarvis.api.tests.Functions.SwaggerFunctionsTests.RenderOpenApiDocument_ShouldIncludeAllSchemas [SKIP]</Text>
      </RunInfo>
      <RunInfo computerName="MAIN-HOME-PC" outcome="Warning" timestamp="2025-06-24T23:16:48.3913829+10:00">
        <Text>[xUnit.net 00:00:01.05]     core.jarvis.api.tests.Unit.Services.TokenServiceTests.ValidateToken_With_Expired_Token_Should_Return_Null [SKIP]</Text>
      </RunInfo>
      <RunInfo computerName="MAIN-HOME-PC" outcome="Error" timestamp="2025-06-24T23:16:50.3475212+10:00">
        <Text>[xUnit.net 00:00:03.03]     core.jarvis.api.tests.Security.CryptographicSecurityTests.SecureComparison_MustBeConstantTime [FAIL]</Text>
      </RunInfo>
    </RunInfos>
  </ResultSummary>
</TestRun>