<?xml version="1.0" encoding="utf-8"?>
<coverage line-rate="0.7062999999999999" branch-rate="0.5049" version="1.9" timestamp="1743691917" lines-covered="1121" lines-valid="1587" branches-covered="304" branches-valid="602">
  <sources>
    <source>C:\Code\core.jarvis\core.jarvis\</source>
  </sources>
  <packages>
    <package name="core.jarvis" line-rate="0.7062999999999999" branch-rate="0.5049" complexity="719">
      <classes>
        <class name="core.jarvis.JarvisServiceCollectionExtensions" filename="ServiceCollectionExtensions.cs" line-rate="0.85" branch-rate="0.4545" complexity="22">
          <methods>
            <method name="AddJarvis" signature="(Microsoft.Extensions.DependencyInjection.IServiceCollection,core.jarvis.JarvisStorageMode,Microsoft.Extensions.Logging.LogLevel,System.Action`1&lt;core.jarvis.Data.Storage.CosmosDbSettings&gt;,System.Boolean)" line-rate="0.7692" branch-rate="0.3333" complexity="6">
              <lines>
                <line number="36" hits="9" branch="False" />
                <line number="37" hits="9" branch="True" condition-coverage="50% (1/2)">
                  <conditions>
                    <condition number="20" type="jump" coverage="50%" />
                  </conditions>
                </line>
                <line number="42" hits="18" branch="False" />
                <line number="45" hits="9" branch="False" />
                <line number="48" hits="9" branch="True" condition-coverage="25% (1/4)">
                  <conditions>
                    <condition number="66" type="jump" coverage="50%" />
                    <condition number="72" type="jump" coverage="0%" />
                  </conditions>
                </line>
                <line number="52" hits="9" branch="False" />
                <line number="54" hits="9" branch="False" />
                <line number="55" hits="9" branch="False" />
                <line number="59" hits="0" branch="False" />
                <line number="60" hits="0" branch="False" />
                <line number="63" hits="0" branch="False" />
                <line number="66" hits="9" branch="False" />
                <line number="67" hits="9" branch="False" />
              </lines>
            </method>
            <method name="AddJarvisDataContext" signature="(Microsoft.Extensions.DependencyInjection.IServiceCollection,System.Boolean)" line-rate="1" branch-rate="0.6666" complexity="6">
              <lines>
                <line number="80" hits="36" branch="False" />
                <line number="81" hits="36" branch="True" condition-coverage="50% (1/2)">
                  <conditions>
                    <condition number="7" type="jump" coverage="50%" />
                  </conditions>
                </line>
                <line number="85" hits="36" branch="True" condition-coverage="100% (2/2)">
                  <conditions>
                    <condition number="23" type="jump" coverage="100%" />
                  </conditions>
                </line>
                <line number="86" hits="36" branch="False" />
                <line number="87" hits="36" branch="False" />
                <line number="88" hits="36" branch="False" />
                <line number="94" hits="36" branch="False" />
                <line number="95" hits="59" branch="False" />
                <line number="96" hits="108" branch="True" condition-coverage="50% (1/2)">
                  <conditions>
                    <condition number="6" type="jump" coverage="50%" />
                  </conditions>
                </line>
                <line number="97" hits="36" branch="False" />
                <line number="102" hits="36" branch="False" />
                <line number="109" hits="36" branch="False" />
                <line number="110" hits="43" branch="False" />
                <line number="111" hits="43" branch="False" />
                <line number="112" hits="43" branch="False" />
                <line number="113" hits="43" branch="False" />
                <line number="114" hits="43" branch="False" />
                <line number="115" hits="43" branch="False" />
                <line number="116" hits="43" branch="False" />
                <line number="117" hits="36" branch="False" />
                <line number="119" hits="36" branch="False" />
                <line number="120" hits="36" branch="False" />
              </lines>
            </method>
            <method name="AddJarvisCosmosDbInfrastructure" signature="(Microsoft.Extensions.DependencyInjection.IServiceCollection,System.Action`1&lt;core.jarvis.Data.Storage.CosmosDbSettings&gt;)" line-rate="0.8928" branch-rate="0.5" complexity="6">
              <lines>
                <line number="130" hits="9" branch="False" />
                <line number="131" hits="9" branch="True" condition-coverage="50% (1/2)">
                  <conditions>
                    <condition number="20" type="jump" coverage="50%" />
                  </conditions>
                </line>
                <line number="135" hits="9" branch="False" />
                <line number="136" hits="9" branch="False" />
                <line number="137" hits="9" branch="False" />
                <line number="138" hits="9" branch="False" />
                <line number="139" hits="9" branch="False" />
                <line number="140" hits="9" branch="True" condition-coverage="50% (1/2)">
                  <conditions>
                    <condition number="8" type="jump" coverage="50%" />
                  </conditions>
                </line>
                <line number="141" hits="18" branch="False" />
                <line number="145" hits="9" branch="False" />
                <line number="146" hits="9" branch="False" />
                <line number="147" hits="9" branch="False" />
                <line number="148" hits="9" branch="False" />
                <line number="149" hits="9" branch="False" />
                <line number="150" hits="9" branch="False" />
                <line number="151" hits="9" branch="False" />
                <line number="152" hits="9" branch="False" />
                <line number="153" hits="9" branch="False" />
                <line number="154" hits="9" branch="False" />
                <line number="155" hits="9" branch="False" />
                <line number="156" hits="9" branch="False" />
                <line number="157" hits="9" branch="False" />
                <line number="158" hits="9" branch="False" />
                <line number="159" hits="9" branch="True" condition-coverage="50% (1/2)">
                  <conditions>
                    <condition number="90" type="jump" coverage="50%" />
                  </conditions>
                </line>
                <line number="160" hits="0" branch="False" />
                <line number="161" hits="9" branch="False" />
                <line number="162" hits="9" branch="False" />
                <line number="163" hits="9" branch="False" />
                <line number="164" hits="0" branch="False" />
                <line number="165" hits="0" branch="False" />
                <line number="166" hits="0" branch="False" />
                <line number="167" hits="0" branch="False" />
                <line number="168" hits="0" branch="False" />
                <line number="169" hits="0" branch="False" />
                <line number="170" hits="0" branch="False" />
                <line number="171" hits="9" branch="False" />
                <line number="172" hits="9" branch="False" />
                <line number="173" hits="0" branch="False" />
                <line number="174" hits="9" branch="False" />
                <line number="175" hits="9" branch="False" />
                <line number="176" hits="9" branch="False" />
                <line number="177" hits="9" branch="False" />
                <line number="178" hits="9" branch="False" />
                <line number="179" hits="9" branch="False" />
                <line number="180" hits="9" branch="False" />
                <line number="181" hits="9" branch="False" />
                <line number="182" hits="9" branch="False" />
                <line number="183" hits="9" branch="False" />
                <line number="184" hits="9" branch="False" />
                <line number="185" hits="9" branch="False" />
                <line number="186" hits="9" branch="False" />
                <line number="187" hits="9" branch="False" />
                <line number="188" hits="9" branch="False" />
                <line number="189" hits="18" branch="False" />
                <line number="195" hits="9" branch="False" />
                <line number="196" hits="9" branch="False" />
                <line number="197" hits="9" branch="False" />
                <line number="198" hits="9" branch="False" />
                <line number="199" hits="9" branch="False" />
                <line number="200" hits="9" branch="False" />
                <line number="201" hits="9" branch="False" />
                <line number="202" hits="9" branch="False" />
                <line number="203" hits="9" branch="False" />
                <line number="204" hits="9" branch="False" />
                <line number="205" hits="9" branch="False" />
                <line number="206" hits="9" branch="False" />
                <line number="207" hits="9" branch="False" />
                <line number="208" hits="9" branch="False" />
                <line number="209" hits="9" branch="False" />
                <line number="210" hits="9" branch="False" />
                <line number="211" hits="9" branch="False" />
                <line number="212" hits="9" branch="False" />
                <line number="213" hits="9" branch="False" />
                <line number="214" hits="9" branch="False" />
                <line number="215" hits="9" branch="False" />
                <line number="216" hits="9" branch="False" />
                <line number="217" hits="9" branch="False" />
                <line number="218" hits="9" branch="False" />
                <line number="219" hits="9" branch="False" />
                <line number="220" hits="9" branch="False" />
                <line number="221" hits="9" branch="False" />
                <line number="222" hits="18" branch="False" />
                <line number="225" hits="9" branch="False" />
                <line number="226" hits="9" branch="False" />
              </lines>
            </method>
            <method name="AddJarvisCosmosDbPartitionStorage" signature="(Microsoft.Extensions.DependencyInjection.IServiceCollection)" line-rate="1" branch-rate="0.5" complexity="2">
              <lines>
                <line number="238" hits="9" branch="False" />
                <line number="239" hits="9" branch="True" condition-coverage="50% (1/2)">
                  <conditions>
                    <condition number="7" type="jump" coverage="50%" />
                  </conditions>
                </line>
                <line number="244" hits="9" branch="False" />
                <line number="245" hits="16" branch="False" />
                <line number="246" hits="16" branch="False" />
                <line number="247" hits="16" branch="False" />
                <line number="248" hits="16" branch="False" />
                <line number="249" hits="16" branch="False" />
                <line number="250" hits="16" branch="False" />
                <line number="251" hits="9" branch="False" />
                <line number="253" hits="9" branch="False" />
                <line number="254" hits="9" branch="False" />
              </lines>
            </method>
            <method name="AddJarvisInMemoryPartitionStorage" signature="(Microsoft.Extensions.DependencyInjection.IServiceCollection)" line-rate="0" branch-rate="0" complexity="2">
              <lines>
                <line number="267" hits="0" branch="False" />
                <line number="268" hits="0" branch="True" condition-coverage="0% (0/2)">
                  <conditions>
                    <condition number="7" type="jump" coverage="0%" />
                  </conditions>
                </line>
                <line number="274" hits="0" branch="False" />
                <line number="275" hits="0" branch="False" />
                <line number="276" hits="0" branch="False" />
                <line number="277" hits="0" branch="False" />
                <line number="278" hits="0" branch="False" />
                <line number="280" hits="0" branch="False" />
                <line number="281" hits="0" branch="False" />
              </lines>
            </method>
          </methods>
          <lines>
            <line number="36" hits="9" branch="False" />
            <line number="37" hits="9" branch="True" condition-coverage="50% (1/2)">
              <conditions>
                <condition number="20" type="jump" coverage="50%" />
              </conditions>
            </line>
            <line number="42" hits="18" branch="False" />
            <line number="45" hits="9" branch="False" />
            <line number="48" hits="9" branch="True" condition-coverage="25% (1/4)">
              <conditions>
                <condition number="66" type="jump" coverage="50%" />
                <condition number="72" type="jump" coverage="0%" />
              </conditions>
            </line>
            <line number="52" hits="9" branch="False" />
            <line number="54" hits="9" branch="False" />
            <line number="55" hits="9" branch="False" />
            <line number="59" hits="0" branch="False" />
            <line number="60" hits="0" branch="False" />
            <line number="63" hits="0" branch="False" />
            <line number="66" hits="9" branch="False" />
            <line number="67" hits="9" branch="False" />
            <line number="80" hits="36" branch="False" />
            <line number="81" hits="36" branch="True" condition-coverage="50% (1/2)">
              <conditions>
                <condition number="7" type="jump" coverage="50%" />
              </conditions>
            </line>
            <line number="85" hits="36" branch="True" condition-coverage="100% (2/2)">
              <conditions>
                <condition number="23" type="jump" coverage="100%" />
              </conditions>
            </line>
            <line number="86" hits="36" branch="False" />
            <line number="87" hits="36" branch="False" />
            <line number="88" hits="36" branch="False" />
            <line number="94" hits="36" branch="False" />
            <line number="95" hits="59" branch="False" />
            <line number="96" hits="108" branch="True" condition-coverage="50% (1/2)">
              <conditions>
                <condition number="6" type="jump" coverage="50%" />
              </conditions>
            </line>
            <line number="97" hits="36" branch="False" />
            <line number="102" hits="36" branch="False" />
            <line number="109" hits="36" branch="False" />
            <line number="110" hits="43" branch="False" />
            <line number="111" hits="43" branch="False" />
            <line number="112" hits="43" branch="False" />
            <line number="113" hits="43" branch="False" />
            <line number="114" hits="43" branch="False" />
            <line number="115" hits="43" branch="False" />
            <line number="116" hits="43" branch="False" />
            <line number="117" hits="36" branch="False" />
            <line number="119" hits="36" branch="False" />
            <line number="120" hits="36" branch="False" />
            <line number="130" hits="9" branch="False" />
            <line number="131" hits="9" branch="True" condition-coverage="50% (1/2)">
              <conditions>
                <condition number="20" type="jump" coverage="50%" />
              </conditions>
            </line>
            <line number="135" hits="9" branch="False" />
            <line number="136" hits="9" branch="False" />
            <line number="137" hits="9" branch="False" />
            <line number="138" hits="9" branch="False" />
            <line number="139" hits="9" branch="False" />
            <line number="140" hits="9" branch="True" condition-coverage="50% (1/2)">
              <conditions>
                <condition number="8" type="jump" coverage="50%" />
              </conditions>
            </line>
            <line number="141" hits="18" branch="False" />
            <line number="145" hits="9" branch="False" />
            <line number="146" hits="9" branch="False" />
            <line number="147" hits="9" branch="False" />
            <line number="148" hits="9" branch="False" />
            <line number="149" hits="9" branch="False" />
            <line number="150" hits="9" branch="False" />
            <line number="151" hits="9" branch="False" />
            <line number="152" hits="9" branch="False" />
            <line number="153" hits="9" branch="False" />
            <line number="154" hits="9" branch="False" />
            <line number="155" hits="9" branch="False" />
            <line number="156" hits="9" branch="False" />
            <line number="157" hits="9" branch="False" />
            <line number="158" hits="9" branch="False" />
            <line number="159" hits="9" branch="True" condition-coverage="50% (1/2)">
              <conditions>
                <condition number="90" type="jump" coverage="50%" />
              </conditions>
            </line>
            <line number="160" hits="0" branch="False" />
            <line number="161" hits="9" branch="False" />
            <line number="162" hits="9" branch="False" />
            <line number="163" hits="9" branch="False" />
            <line number="164" hits="0" branch="False" />
            <line number="165" hits="0" branch="False" />
            <line number="166" hits="0" branch="False" />
            <line number="167" hits="0" branch="False" />
            <line number="168" hits="0" branch="False" />
            <line number="169" hits="0" branch="False" />
            <line number="170" hits="0" branch="False" />
            <line number="171" hits="9" branch="False" />
            <line number="172" hits="9" branch="False" />
            <line number="173" hits="0" branch="False" />
            <line number="174" hits="9" branch="False" />
            <line number="175" hits="9" branch="False" />
            <line number="176" hits="9" branch="False" />
            <line number="177" hits="9" branch="False" />
            <line number="178" hits="9" branch="False" />
            <line number="179" hits="9" branch="False" />
            <line number="180" hits="9" branch="False" />
            <line number="181" hits="9" branch="False" />
            <line number="182" hits="9" branch="False" />
            <line number="183" hits="9" branch="False" />
            <line number="184" hits="9" branch="False" />
            <line number="185" hits="9" branch="False" />
            <line number="186" hits="9" branch="False" />
            <line number="187" hits="9" branch="False" />
            <line number="188" hits="9" branch="False" />
            <line number="189" hits="18" branch="False" />
            <line number="195" hits="9" branch="False" />
            <line number="196" hits="9" branch="False" />
            <line number="197" hits="9" branch="False" />
            <line number="198" hits="9" branch="False" />
            <line number="199" hits="9" branch="False" />
            <line number="200" hits="9" branch="False" />
            <line number="201" hits="9" branch="False" />
            <line number="202" hits="9" branch="False" />
            <line number="203" hits="9" branch="False" />
            <line number="204" hits="9" branch="False" />
            <line number="205" hits="9" branch="False" />
            <line number="206" hits="9" branch="False" />
            <line number="207" hits="9" branch="False" />
            <line number="208" hits="9" branch="False" />
            <line number="209" hits="9" branch="False" />
            <line number="210" hits="9" branch="False" />
            <line number="211" hits="9" branch="False" />
            <line number="212" hits="9" branch="False" />
            <line number="213" hits="9" branch="False" />
            <line number="214" hits="9" branch="False" />
            <line number="215" hits="9" branch="False" />
            <line number="216" hits="9" branch="False" />
            <line number="217" hits="9" branch="False" />
            <line number="218" hits="9" branch="False" />
            <line number="219" hits="9" branch="False" />
            <line number="220" hits="9" branch="False" />
            <line number="221" hits="9" branch="False" />
            <line number="222" hits="18" branch="False" />
            <line number="225" hits="9" branch="False" />
            <line number="226" hits="9" branch="False" />
            <line number="238" hits="9" branch="False" />
            <line number="239" hits="9" branch="True" condition-coverage="50% (1/2)">
              <conditions>
                <condition number="7" type="jump" coverage="50%" />
              </conditions>
            </line>
            <line number="244" hits="9" branch="False" />
            <line number="245" hits="16" branch="False" />
            <line number="246" hits="16" branch="False" />
            <line number="247" hits="16" branch="False" />
            <line number="248" hits="16" branch="False" />
            <line number="249" hits="16" branch="False" />
            <line number="250" hits="16" branch="False" />
            <line number="251" hits="9" branch="False" />
            <line number="253" hits="9" branch="False" />
            <line number="254" hits="9" branch="False" />
            <line number="267" hits="0" branch="False" />
            <line number="268" hits="0" branch="True" condition-coverage="0% (0/2)">
              <conditions>
                <condition number="7" type="jump" coverage="0%" />
              </conditions>
            </line>
            <line number="274" hits="0" branch="False" />
            <line number="275" hits="0" branch="False" />
            <line number="276" hits="0" branch="False" />
            <line number="277" hits="0" branch="False" />
            <line number="278" hits="0" branch="False" />
            <line number="280" hits="0" branch="False" />
            <line number="281" hits="0" branch="False" />
          </lines>
        </class>
        <class name="core.jarvis.Data.ComponentListConverter" filename="Data\ComponentListConverter.cs" line-rate="0.6739" branch-rate="0.5416" complexity="27">
          <methods>
            <method name="get_CanWrite" signature="()" line-rate="1" branch-rate="1" complexity="1">
              <lines>
                <line number="39" hits="19" branch="False" />
              </lines>
            </method>
            <method name="WriteJson" signature="(Newtonsoft.Json.JsonWriter,System.Collections.Generic.List`1&lt;core.jarvis.Data.IComponent&gt;,Newtonsoft.Json.JsonSerializer)" line-rate="0" branch-rate="1" complexity="1">
              <lines>
                <line number="41" hits="0" branch="False" />
                <line number="44" hits="0" branch="False" />
                <line number="45" hits="0" branch="False" />
              </lines>
            </method>
            <method name="ReadJson" signature="(Newtonsoft.Json.JsonReader,System.Type,System.Collections.Generic.List`1&lt;core.jarvis.Data.IComponent&gt;,System.Boolean,Newtonsoft.Json.JsonSerializer)" line-rate="0.7666" branch-rate="0.6666" complexity="18">
              <lines>
                <line number="48" hits="13" branch="False" />
                <line number="49" hits="13" branch="True" condition-coverage="100% (2/2)">
                  <conditions>
                    <condition number="13" type="jump" coverage="100%" />
                  </conditions>
                </line>
                <line number="50" hits="1" branch="False" />
                <line number="51" hits="1" branch="False" />
                <line number="54" hits="12" branch="True" condition-coverage="50% (1/2)">
                  <conditions>
                    <condition number="41" type="jump" coverage="50%" />
                  </conditions>
                </line>
                <line number="55" hits="0" branch="False" />
                <line number="56" hits="0" branch="False" />
                <line number="59" hits="12" branch="True" condition-coverage="100% (2/2)">
                  <conditions>
                    <condition number="96" type="jump" coverage="100%" />
                  </conditions>
                </line>
                <line number="60" hits="12" branch="False" />
                <line number="62" hits="25" branch="True" condition-coverage="100% (2/2)">
                  <conditions>
                    <condition number="295" type="jump" coverage="100%" />
                  </conditions>
                </line>
                <line number="63" hits="25" branch="False" />
                <line number="64" hits="25" branch="True" condition-coverage="100% (2/2)">
                  <conditions>
                    <condition number="132" type="jump" coverage="100%" />
                  </conditions>
                </line>
                <line number="65" hits="11" branch="False" />
                <line number="66" hits="11" branch="False" />
                <line number="69" hits="14" branch="True" condition-coverage="50% (1/2)">
                  <conditions>
                    <condition number="153" type="jump" coverage="50%" />
                  </conditions>
                </line>
                <line number="70" hits="14" branch="False" />
                <line number="73" hits="14" branch="False" />
                <line number="74" hits="13" branch="True" condition-coverage="100% (2/2)">
                  <conditions>
                    <condition number="175" type="jump" coverage="100%" />
                  </conditions>
                </line>
                <line number="75" hits="13" branch="False" />
                <line number="76" hits="13" branch="False" />
                <line number="77" hits="13" branch="False" />
                <line number="79" hits="13" branch="False" />
                <line number="80" hits="0" branch="True" condition-coverage="0% (0/4)">
                  <conditions>
                    <condition number="199" type="jump" coverage="0%" />
                    <condition number="214" type="jump" coverage="0%" />
                  </conditions>
                </line>
                <line number="81" hits="0" branch="False" />
                <line number="84" hits="0" branch="False" />
                <line number="86" hits="0" branch="False" />
                <line number="88" hits="0" branch="False" />
                <line number="90" hits="13" branch="False" />
                <line number="92" hits="11" branch="False" />
                <line number="93" hits="12" branch="False" />
              </lines>
            </method>
            <method name="MapDiscriminatorToType" signature="(System.String)" line-rate="0" branch-rate="0" complexity="4">
              <lines>
                <line number="97" hits="0" branch="False" />
                <line number="98" hits="0" branch="True" condition-coverage="0% (0/2)">
                  <conditions>
                    <condition number="9" type="jump" coverage="0%" />
                  </conditions>
                </line>
                <line number="102" hits="0" branch="True" condition-coverage="0% (0/2)">
                  <conditions>
                    <condition number="22" type="jump" coverage="0%" />
                  </conditions>
                </line>
                <line number="103" hits="0" branch="False" />
                <line number="104" hits="0" branch="False" />
              </lines>
            </method>
            <method name=".ctor" signature="(Microsoft.Extensions.Logging.ILogger`1&lt;core.jarvis.Data.ComponentListConverter&gt;)" line-rate="1" branch-rate="0.5" complexity="2">
              <lines>
                <line number="22" hits="39" branch="False" />
                <line number="23" hits="39" branch="False" />
                <line number="24" hits="39" branch="True" condition-coverage="50% (1/2)">
                  <conditions>
                    <condition number="11" type="jump" coverage="50%" />
                  </conditions>
                </line>
                <line number="25" hits="39" branch="False" />
              </lines>
            </method>
            <method name=".ctor" signature="()" line-rate="1" branch-rate="1" complexity="1">
              <lines>
                <line number="29" hits="35" branch="False" />
                <line number="30" hits="35" branch="False" />
                <line number="32" hits="35" branch="False" />
              </lines>
            </method>
          </methods>
          <lines>
            <line number="39" hits="19" branch="False" />
            <line number="41" hits="0" branch="False" />
            <line number="44" hits="0" branch="False" />
            <line number="45" hits="0" branch="False" />
            <line number="48" hits="13" branch="False" />
            <line number="49" hits="13" branch="True" condition-coverage="100% (2/2)">
              <conditions>
                <condition number="13" type="jump" coverage="100%" />
              </conditions>
            </line>
            <line number="50" hits="1" branch="False" />
            <line number="51" hits="1" branch="False" />
            <line number="54" hits="12" branch="True" condition-coverage="50% (1/2)">
              <conditions>
                <condition number="41" type="jump" coverage="50%" />
              </conditions>
            </line>
            <line number="55" hits="0" branch="False" />
            <line number="56" hits="0" branch="False" />
            <line number="59" hits="12" branch="True" condition-coverage="100% (2/2)">
              <conditions>
                <condition number="96" type="jump" coverage="100%" />
              </conditions>
            </line>
            <line number="60" hits="12" branch="False" />
            <line number="62" hits="25" branch="True" condition-coverage="100% (2/2)">
              <conditions>
                <condition number="295" type="jump" coverage="100%" />
              </conditions>
            </line>
            <line number="63" hits="25" branch="False" />
            <line number="64" hits="25" branch="True" condition-coverage="100% (2/2)">
              <conditions>
                <condition number="132" type="jump" coverage="100%" />
              </conditions>
            </line>
            <line number="65" hits="11" branch="False" />
            <line number="66" hits="11" branch="False" />
            <line number="69" hits="14" branch="True" condition-coverage="50% (1/2)">
              <conditions>
                <condition number="153" type="jump" coverage="50%" />
              </conditions>
            </line>
            <line number="70" hits="14" branch="False" />
            <line number="73" hits="14" branch="False" />
            <line number="74" hits="13" branch="True" condition-coverage="100% (2/2)">
              <conditions>
                <condition number="175" type="jump" coverage="100%" />
              </conditions>
            </line>
            <line number="75" hits="13" branch="False" />
            <line number="76" hits="13" branch="False" />
            <line number="77" hits="13" branch="False" />
            <line number="79" hits="13" branch="False" />
            <line number="80" hits="0" branch="True" condition-coverage="0% (0/4)">
              <conditions>
                <condition number="199" type="jump" coverage="0%" />
                <condition number="214" type="jump" coverage="0%" />
              </conditions>
            </line>
            <line number="81" hits="0" branch="False" />
            <line number="84" hits="0" branch="False" />
            <line number="86" hits="0" branch="False" />
            <line number="88" hits="0" branch="False" />
            <line number="90" hits="13" branch="False" />
            <line number="92" hits="11" branch="False" />
            <line number="93" hits="12" branch="False" />
            <line number="97" hits="0" branch="False" />
            <line number="98" hits="0" branch="True" condition-coverage="0% (0/2)">
              <conditions>
                <condition number="9" type="jump" coverage="0%" />
              </conditions>
            </line>
            <line number="102" hits="0" branch="True" condition-coverage="0% (0/2)">
              <conditions>
                <condition number="22" type="jump" coverage="0%" />
              </conditions>
            </line>
            <line number="103" hits="0" branch="False" />
            <line number="104" hits="0" branch="False" />
            <line number="22" hits="39" branch="False" />
            <line number="23" hits="39" branch="False" />
            <line number="24" hits="39" branch="True" condition-coverage="50% (1/2)">
              <conditions>
                <condition number="11" type="jump" coverage="50%" />
              </conditions>
            </line>
            <line number="25" hits="39" branch="False" />
            <line number="29" hits="35" branch="False" />
            <line number="30" hits="35" branch="False" />
            <line number="32" hits="35" branch="False" />
          </lines>
        </class>
        <class name="core.jarvis.Data.TestDataContext" filename="Data\TestDataContext.cs" line-rate="0.7654000000000001" branch-rate="0.44" complexity="50">
          <methods>
            <method name="Entity" signature="()" line-rate="0.7857" branch-rate="0.5" complexity="8">
              <lines>
                <line number="42" hits="46" branch="False" />
                <line number="43" hits="46" branch="False" />
                <line number="44" hits="46" branch="True" condition-coverage="100% (2/2)">
                  <conditions>
                    <condition number="24" type="jump" coverage="100%" />
                  </conditions>
                </line>
                <line number="45" hits="46" branch="False" />
                <line number="46" hits="46" branch="False" />
                <line number="47" hits="46" branch="False" />
                <line number="48" hits="46" branch="True" condition-coverage="50% (1/2)">
                  <conditions>
                    <condition number="77" type="jump" coverage="50%" />
                  </conditions>
                </line>
                <line number="49" hits="46" branch="False" />
                <line number="50" hits="46" branch="True" condition-coverage="50% (1/2)">
                  <conditions>
                    <condition number="87" type="jump" coverage="50%" />
                  </conditions>
                </line>
                <line number="51" hits="46" branch="False" />
                <line number="54" hits="0" branch="False" />
                <line number="56" hits="0" branch="True" condition-coverage="0% (0/2)">
                  <conditions>
                    <condition number="142" type="jump" coverage="0%" />
                  </conditions>
                </line>
                <line number="57" hits="0" branch="False" />
                <line number="59" hits="46" branch="False" />
              </lines>
            </method>
            <method name="Entity" signature="(System.Guid)" line-rate="0.5555" branch-rate="0.25" complexity="4">
              <lines>
                <line number="62" hits="29" branch="False" />
                <line number="63" hits="29" branch="True" condition-coverage="50% (1/2)">
                  <conditions>
                    <condition number="17" type="jump" coverage="50%" />
                  </conditions>
                </line>
                <line number="64" hits="29" branch="False" />
                <line number="65" hits="29" branch="False" />
                <line number="68" hits="0" branch="True" condition-coverage="0% (0/2)">
                  <conditions>
                    <condition number="37" type="jump" coverage="0%" />
                  </conditions>
                </line>
                <line number="69" hits="0" branch="False" />
                <line number="71" hits="0" branch="False" />
                <line number="72" hits="0" branch="False" />
                <line number="75" hits="29" branch="False" />
              </lines>
            </method>
            <method name="Entity" signature="(System.String)" line-rate="0.7726999999999999" branch-rate="0.5625" complexity="16">
              <lines>
                <line number="78" hits="10" branch="False" />
                <line number="79" hits="10" branch="True" condition-coverage="50% (1/2)">
                  <conditions>
                    <condition number="29" type="jump" coverage="50%" />
                  </conditions>
                </line>
                <line number="80" hits="0" branch="False" />
                <line number="81" hits="0" branch="False" />
                <line number="85" hits="18" branch="False" />
                <line number="86" hits="10" branch="True" condition-coverage="100% (2/2)">
                  <conditions>
                    <condition number="85" type="jump" coverage="100%" />
                  </conditions>
                </line>
                <line number="87" hits="1" branch="False" />
                <line number="88" hits="1" branch="True" condition-coverage="50% (1/2)">
                  <conditions>
                    <condition number="95" type="jump" coverage="50%" />
                  </conditions>
                </line>
                <line number="89" hits="1" branch="False" />
                <line number="93" hits="9" branch="True" condition-coverage="50% (1/2)">
                  <conditions>
                    <condition number="161" type="jump" coverage="50%" />
                  </conditions>
                </line>
                <line number="94" hits="9" branch="False" />
                <line number="95" hits="9" branch="True" condition-coverage="100% (2/2)">
                  <conditions>
                    <condition number="228" type="jump" coverage="100%" />
                  </conditions>
                </line>
                <line number="96" hits="9" branch="False" />
                <line number="97" hits="9" branch="False" />
                <line number="99" hits="9" branch="True" condition-coverage="50% (1/2)">
                  <conditions>
                    <condition number="287" type="jump" coverage="50%" />
                  </conditions>
                </line>
                <line number="100" hits="9" branch="False" />
                <line number="101" hits="9" branch="True" condition-coverage="50% (1/2)">
                  <conditions>
                    <condition number="297" type="jump" coverage="50%" />
                  </conditions>
                </line>
                <line number="102" hits="9" branch="False" />
                <line number="105" hits="0" branch="False" />
                <line number="107" hits="0" branch="True" condition-coverage="0% (0/2)">
                  <conditions>
                    <condition number="363" type="jump" coverage="0%" />
                  </conditions>
                </line>
                <line number="108" hits="0" branch="False" />
                <line number="110" hits="10" branch="False" />
              </lines>
            </method>
            <method name="Query" signature="()" line-rate="0" branch-rate="0" complexity="4">
              <lines>
                <line number="379" hits="0" branch="False" />
                <line number="380" hits="0" branch="True" condition-coverage="0% (0/2)">
                  <conditions>
                    <condition number="8" type="jump" coverage="0%" />
                  </conditions>
                </line>
                <line number="382" hits="0" branch="True" condition-coverage="0% (0/2)">
                  <conditions>
                    <condition number="61" type="jump" coverage="0%" />
                  </conditions>
                </line>
                <line number="383" hits="0" branch="False" />
              </lines>
            </method>
            <method name="Query" signature="()" line-rate="1" branch-rate="0.5" complexity="8">
              <lines>
                <line number="386" hits="1" branch="False" />
                <line number="387" hits="1" branch="True" condition-coverage="50% (1/2)">
                  <conditions>
                    <condition number="8" type="jump" coverage="50%" />
                  </conditions>
                </line>
                <line number="389" hits="1" branch="True" condition-coverage="50% (1/2)">
                  <conditions>
                    <condition number="42" type="jump" coverage="50%" />
                  </conditions>
                </line>
                <line number="390" hits="1" branch="False" />
                <line number="393" hits="1" branch="False" />
                <line number="394" hits="1" branch="True" condition-coverage="50% (1/2)">
                  <conditions>
                    <condition number="8" type="jump" coverage="50%" />
                  </conditions>
                </line>
                <line number="396" hits="1" branch="True" condition-coverage="50% (1/2)">
                  <conditions>
                    <condition number="79" type="jump" coverage="50%" />
                  </conditions>
                </line>
                <line number="397" hits="1" branch="False" />
                <line number="398" hits="1" branch="False" />
                <line number="399" hits="1" branch="False" />
              </lines>
            </method>
            <method name="MarkEntityForDeletion" signature="(System.Guid)" line-rate="0.6666" branch-rate="0.25" complexity="4">
              <lines>
                <line number="407" hits="1" branch="False" />
                <line number="408" hits="1" branch="True" condition-coverage="50% (1/2)">
                  <conditions>
                    <condition number="17" type="jump" coverage="50%" />
                  </conditions>
                </line>
                <line number="409" hits="1" branch="False" />
                <line number="410" hits="1" branch="False" />
                <line number="411" hits="1" branch="False" />
                <line number="413" hits="0" branch="False" />
                <line number="415" hits="0" branch="True" condition-coverage="0% (0/2)">
                  <conditions>
                    <condition number="38" type="jump" coverage="0%" />
                  </conditions>
                </line>
                <line number="418" hits="0" branch="False" />
                <line number="419" hits="1" branch="False" />
              </lines>
            </method>
            <method name=".ctor" signature="(core.jarvis.Data.Storage.IPartitionStorage,core.jarvis.Data.Storage.WorkingSet/Factory,Microsoft.Extensions.Logging.ILogger`1&lt;core.jarvis.Data.TestDataContext&gt;,System.Collections.Concurrent.ConcurrentDictionary`2&lt;System.Guid,core.jarvis.Data.Storage.IWorkingSet&gt;,Microsoft.Extensions.Caching.Memory.IMemoryCache)" line-rate="1" branch-rate="0.5" complexity="6">
              <lines>
                <line number="27" hits="45" branch="False" />
                <line number="28" hits="45" branch="False" />
                <line number="29" hits="45" branch="False" />
                <line number="30" hits="45" branch="False" />
                <line number="31" hits="45" branch="False" />
                <line number="32" hits="45" branch="False" />
                <line number="33" hits="45" branch="False" />
                <line number="34" hits="45" branch="True" condition-coverage="50% (1/2)">
                  <conditions>
                    <condition number="11" type="jump" coverage="50%" />
                  </conditions>
                </line>
                <line number="35" hits="45" branch="True" condition-coverage="50% (1/2)">
                  <conditions>
                    <condition number="33" type="jump" coverage="50%" />
                  </conditions>
                </line>
                <line number="36" hits="45" branch="False" />
                <line number="37" hits="45" branch="False" />
                <line number="38" hits="45" branch="True" condition-coverage="50% (1/2)">
                  <conditions>
                    <condition number="71" type="jump" coverage="50%" />
                  </conditions>
                </line>
                <line number="39" hits="45" branch="False" />
              </lines>
            </method>
          </methods>
          <lines>
            <line number="42" hits="46" branch="False" />
            <line number="43" hits="46" branch="False" />
            <line number="44" hits="46" branch="True" condition-coverage="100% (2/2)">
              <conditions>
                <condition number="24" type="jump" coverage="100%" />
              </conditions>
            </line>
            <line number="45" hits="46" branch="False" />
            <line number="46" hits="46" branch="False" />
            <line number="47" hits="46" branch="False" />
            <line number="48" hits="46" branch="True" condition-coverage="50% (1/2)">
              <conditions>
                <condition number="77" type="jump" coverage="50%" />
              </conditions>
            </line>
            <line number="49" hits="46" branch="False" />
            <line number="50" hits="46" branch="True" condition-coverage="50% (1/2)">
              <conditions>
                <condition number="87" type="jump" coverage="50%" />
              </conditions>
            </line>
            <line number="51" hits="46" branch="False" />
            <line number="54" hits="0" branch="False" />
            <line number="56" hits="0" branch="True" condition-coverage="0% (0/2)">
              <conditions>
                <condition number="142" type="jump" coverage="0%" />
              </conditions>
            </line>
            <line number="57" hits="0" branch="False" />
            <line number="59" hits="46" branch="False" />
            <line number="62" hits="29" branch="False" />
            <line number="63" hits="29" branch="True" condition-coverage="50% (1/2)">
              <conditions>
                <condition number="17" type="jump" coverage="50%" />
              </conditions>
            </line>
            <line number="64" hits="29" branch="False" />
            <line number="65" hits="29" branch="False" />
            <line number="68" hits="0" branch="True" condition-coverage="0% (0/2)">
              <conditions>
                <condition number="37" type="jump" coverage="0%" />
              </conditions>
            </line>
            <line number="69" hits="0" branch="False" />
            <line number="71" hits="0" branch="False" />
            <line number="72" hits="0" branch="False" />
            <line number="75" hits="29" branch="False" />
            <line number="78" hits="10" branch="False" />
            <line number="79" hits="10" branch="True" condition-coverage="50% (1/2)">
              <conditions>
                <condition number="29" type="jump" coverage="50%" />
              </conditions>
            </line>
            <line number="80" hits="0" branch="False" />
            <line number="81" hits="0" branch="False" />
            <line number="85" hits="18" branch="False" />
            <line number="86" hits="10" branch="True" condition-coverage="100% (2/2)">
              <conditions>
                <condition number="85" type="jump" coverage="100%" />
              </conditions>
            </line>
            <line number="87" hits="1" branch="False" />
            <line number="88" hits="1" branch="True" condition-coverage="50% (1/2)">
              <conditions>
                <condition number="95" type="jump" coverage="50%" />
              </conditions>
            </line>
            <line number="89" hits="1" branch="False" />
            <line number="93" hits="9" branch="True" condition-coverage="50% (1/2)">
              <conditions>
                <condition number="161" type="jump" coverage="50%" />
              </conditions>
            </line>
            <line number="94" hits="9" branch="False" />
            <line number="95" hits="9" branch="True" condition-coverage="100% (2/2)">
              <conditions>
                <condition number="228" type="jump" coverage="100%" />
              </conditions>
            </line>
            <line number="96" hits="9" branch="False" />
            <line number="97" hits="9" branch="False" />
            <line number="99" hits="9" branch="True" condition-coverage="50% (1/2)">
              <conditions>
                <condition number="287" type="jump" coverage="50%" />
              </conditions>
            </line>
            <line number="100" hits="9" branch="False" />
            <line number="101" hits="9" branch="True" condition-coverage="50% (1/2)">
              <conditions>
                <condition number="297" type="jump" coverage="50%" />
              </conditions>
            </line>
            <line number="102" hits="9" branch="False" />
            <line number="105" hits="0" branch="False" />
            <line number="107" hits="0" branch="True" condition-coverage="0% (0/2)">
              <conditions>
                <condition number="363" type="jump" coverage="0%" />
              </conditions>
            </line>
            <line number="108" hits="0" branch="False" />
            <line number="110" hits="10" branch="False" />
            <line number="379" hits="0" branch="False" />
            <line number="380" hits="0" branch="True" condition-coverage="0% (0/2)">
              <conditions>
                <condition number="8" type="jump" coverage="0%" />
              </conditions>
            </line>
            <line number="382" hits="0" branch="True" condition-coverage="0% (0/2)">
              <conditions>
                <condition number="61" type="jump" coverage="0%" />
              </conditions>
            </line>
            <line number="383" hits="0" branch="False" />
            <line number="386" hits="1" branch="False" />
            <line number="387" hits="1" branch="True" condition-coverage="50% (1/2)">
              <conditions>
                <condition number="8" type="jump" coverage="50%" />
              </conditions>
            </line>
            <line number="389" hits="1" branch="True" condition-coverage="50% (1/2)">
              <conditions>
                <condition number="42" type="jump" coverage="50%" />
              </conditions>
            </line>
            <line number="390" hits="1" branch="False" />
            <line number="393" hits="1" branch="False" />
            <line number="394" hits="1" branch="True" condition-coverage="50% (1/2)">
              <conditions>
                <condition number="8" type="jump" coverage="50%" />
              </conditions>
            </line>
            <line number="396" hits="1" branch="True" condition-coverage="50% (1/2)">
              <conditions>
                <condition number="79" type="jump" coverage="50%" />
              </conditions>
            </line>
            <line number="397" hits="1" branch="False" />
            <line number="398" hits="1" branch="False" />
            <line number="399" hits="1" branch="False" />
            <line number="407" hits="1" branch="False" />
            <line number="408" hits="1" branch="True" condition-coverage="50% (1/2)">
              <conditions>
                <condition number="17" type="jump" coverage="50%" />
              </conditions>
            </line>
            <line number="409" hits="1" branch="False" />
            <line number="410" hits="1" branch="False" />
            <line number="411" hits="1" branch="False" />
            <line number="413" hits="0" branch="False" />
            <line number="415" hits="0" branch="True" condition-coverage="0% (0/2)">
              <conditions>
                <condition number="38" type="jump" coverage="0%" />
              </conditions>
            </line>
            <line number="418" hits="0" branch="False" />
            <line number="419" hits="1" branch="False" />
            <line number="27" hits="45" branch="False" />
            <line number="28" hits="45" branch="False" />
            <line number="29" hits="45" branch="False" />
            <line number="30" hits="45" branch="False" />
            <line number="31" hits="45" branch="False" />
            <line number="32" hits="45" branch="False" />
            <line number="33" hits="45" branch="False" />
            <line number="34" hits="45" branch="True" condition-coverage="50% (1/2)">
              <conditions>
                <condition number="11" type="jump" coverage="50%" />
              </conditions>
            </line>
            <line number="35" hits="45" branch="True" condition-coverage="50% (1/2)">
              <conditions>
                <condition number="33" type="jump" coverage="50%" />
              </conditions>
            </line>
            <line number="36" hits="45" branch="False" />
            <line number="37" hits="45" branch="False" />
            <line number="38" hits="45" branch="True" condition-coverage="50% (1/2)">
              <conditions>
                <condition number="71" type="jump" coverage="50%" />
              </conditions>
            </line>
            <line number="39" hits="45" branch="False" />
          </lines>
        </class>
        <class name="core.jarvis.Data.TestDataContext/&lt;&lt;Commit&gt;b__13_3&gt;d" filename="Data\TestDataContext.cs" line-rate="0.0909" branch-rate="0" complexity="4">
          <methods>
            <method name="MoveNext" signature="()" line-rate="0.0909" branch-rate="0" complexity="4">
              <lines>
                <line number="200" hits="0" branch="False" />
                <line number="202" hits="0" branch="False" />
                <line number="203" hits="0" branch="False" />
                <line number="204" hits="0" branch="False" />
                <line number="205" hits="0" branch="True" condition-coverage="0% (0/2)">
                  <conditions>
                    <condition number="178" type="jump" coverage="0%" />
                  </conditions>
                </line>
                <line number="206" hits="0" branch="False" />
                <line number="207" hits="0" branch="False" />
                <line number="208" hits="0" branch="False" />
                <line number="209" hits="0" branch="True" condition-coverage="0% (0/2)">
                  <conditions>
                    <condition number="245" type="jump" coverage="0%" />
                  </conditions>
                </line>
                <line number="211" hits="0" branch="False" />
                <line number="213" hits="7" branch="False" />
              </lines>
            </method>
          </methods>
          <lines>
            <line number="200" hits="0" branch="False" />
            <line number="202" hits="0" branch="False" />
            <line number="203" hits="0" branch="False" />
            <line number="204" hits="0" branch="False" />
            <line number="205" hits="0" branch="True" condition-coverage="0% (0/2)">
              <conditions>
                <condition number="178" type="jump" coverage="0%" />
              </conditions>
            </line>
            <line number="206" hits="0" branch="False" />
            <line number="207" hits="0" branch="False" />
            <line number="208" hits="0" branch="False" />
            <line number="209" hits="0" branch="True" condition-coverage="0% (0/2)">
              <conditions>
                <condition number="245" type="jump" coverage="0%" />
              </conditions>
            </line>
            <line number="211" hits="0" branch="False" />
            <line number="213" hits="7" branch="False" />
          </lines>
        </class>
        <class name="core.jarvis.Data.TestDataContext/&lt;&lt;Commit&gt;b__13_4&gt;d" filename="Data\TestDataContext.cs" line-rate="0.6" branch-rate="0.25" complexity="4">
          <methods>
            <method name="MoveNext" signature="()" line-rate="0.6" branch-rate="0.25" complexity="4">
              <lines>
                <line number="217" hits="9" branch="False" />
                <line number="219" hits="9" branch="False" />
                <line number="223" hits="9" branch="False" />
                <line number="224" hits="9" branch="True" condition-coverage="50% (1/2)">
                  <conditions>
                    <condition number="148" type="jump" coverage="50%" />
                  </conditions>
                </line>
                <line number="225" hits="9" branch="False" />
                <line number="226" hits="0" branch="False" />
                <line number="227" hits="0" branch="False" />
                <line number="228" hits="0" branch="True" condition-coverage="0% (0/2)">
                  <conditions>
                    <condition number="213" type="jump" coverage="0%" />
                  </conditions>
                </line>
                <line number="230" hits="0" branch="False" />
                <line number="232" hits="16" branch="False" />
              </lines>
            </method>
          </methods>
          <lines>
            <line number="217" hits="9" branch="False" />
            <line number="219" hits="9" branch="False" />
            <line number="223" hits="9" branch="False" />
            <line number="224" hits="9" branch="True" condition-coverage="50% (1/2)">
              <conditions>
                <condition number="148" type="jump" coverage="50%" />
              </conditions>
            </line>
            <line number="225" hits="9" branch="False" />
            <line number="226" hits="0" branch="False" />
            <line number="227" hits="0" branch="False" />
            <line number="228" hits="0" branch="True" condition-coverage="0% (0/2)">
              <conditions>
                <condition number="213" type="jump" coverage="0%" />
              </conditions>
            </line>
            <line number="230" hits="0" branch="False" />
            <line number="232" hits="16" branch="False" />
          </lines>
        </class>
        <class name="core.jarvis.Data.TestDataContext/&lt;&gt;c" filename="Data\TestDataContext.cs" line-rate="1" branch-rate="1" complexity="3">
          <methods>
            <method name="&lt;Commit&gt;b__13_0" signature="(core.jarvis.Data.Storage.IWorkingSet)" line-rate="1" branch-rate="1" complexity="1">
              <lines>
                <line number="189" hits="16" branch="False" />
              </lines>
            </method>
            <method name="&lt;Commit&gt;b__13_1" signature="(core.jarvis.Data.Storage.IWorkingSet)" line-rate="1" branch-rate="1" complexity="1">
              <lines>
                <line number="191" hits="9" branch="False" />
              </lines>
            </method>
            <method name="&lt;Commit&gt;b__13_2" signature="(core.jarvis.Data.Storage.IWorkingSet)" line-rate="1" branch-rate="1" complexity="1">
              <lines>
                <line number="193" hits="16" branch="False" />
              </lines>
            </method>
          </methods>
          <lines>
            <line number="189" hits="16" branch="False" />
            <line number="191" hits="9" branch="False" />
            <line number="193" hits="16" branch="False" />
          </lines>
        </class>
        <class name="core.jarvis.Data.TestDataContext/&lt;&gt;c__DisplayClass10_0" filename="Data\TestDataContext.cs" line-rate="0.25" branch-rate="0" complexity="2">
          <methods>
            <method name="&lt;FetchById&gt;b__0" signature="(System.Exception)" line-rate="0.25" branch-rate="0" complexity="2">
              <lines>
                <line number="149" hits="0" branch="False" />
                <line number="150" hits="0" branch="True" condition-coverage="0% (0/2)">
                  <conditions>
                    <condition number="13" type="jump" coverage="0%" />
                  </conditions>
                </line>
                <line number="151" hits="0" branch="False" />
                <line number="152" hits="1" branch="False" />
              </lines>
            </method>
          </methods>
          <lines>
            <line number="149" hits="0" branch="False" />
            <line number="150" hits="0" branch="True" condition-coverage="0% (0/2)">
              <conditions>
                <condition number="13" type="jump" coverage="0%" />
              </conditions>
            </line>
            <line number="151" hits="0" branch="False" />
            <line number="152" hits="1" branch="False" />
          </lines>
        </class>
        <class name="core.jarvis.Data.TestDataContext/&lt;CheckAndSyncWorkingSet&gt;d__18" filename="Data\TestDataContext.cs" line-rate="0" branch-rate="0" complexity="4">
          <methods>
            <method name="MoveNext" signature="()" line-rate="0" branch-rate="0" complexity="4">
              <lines>
                <line number="325" hits="0" branch="False" />
                <line number="332" hits="0" branch="True" condition-coverage="0% (0/2)">
                  <conditions>
                    <condition number="30" type="jump" coverage="0%" />
                  </conditions>
                </line>
                <line number="374" hits="0" branch="True" condition-coverage="0% (0/2)">
                  <conditions>
                    <condition number="83" type="jump" coverage="0%" />
                  </conditions>
                </line>
                <line number="375" hits="0" branch="False" />
                <line number="376" hits="0" branch="False" />
              </lines>
            </method>
          </methods>
          <lines>
            <line number="325" hits="0" branch="False" />
            <line number="332" hits="0" branch="True" condition-coverage="0% (0/2)">
              <conditions>
                <condition number="30" type="jump" coverage="0%" />
              </conditions>
            </line>
            <line number="374" hits="0" branch="True" condition-coverage="0% (0/2)">
              <conditions>
                <condition number="83" type="jump" coverage="0%" />
              </conditions>
            </line>
            <line number="375" hits="0" branch="False" />
            <line number="376" hits="0" branch="False" />
          </lines>
        </class>
        <class name="core.jarvis.Data.TestDataContext/&lt;Commit&gt;d__13" filename="Data\TestDataContext.cs" line-rate="0.8461" branch-rate="0.375" complexity="8">
          <methods>
            <method name="MoveNext" signature="()" line-rate="0.8461" branch-rate="0.375" complexity="8">
              <lines>
                <line number="187" hits="7" branch="False" />
                <line number="188" hits="7" branch="True" condition-coverage="50% (1/2)">
                  <conditions>
                    <condition number="30" type="jump" coverage="50%" />
                  </conditions>
                </line>
                <line number="190" hits="7" branch="False" />
                <line number="192" hits="7" branch="False" />
                <line number="195" hits="7" branch="True" condition-coverage="50% (1/2)">
                  <conditions>
                    <condition number="267" type="jump" coverage="50%" />
                  </conditions>
                </line>
                <line number="196" hits="7" branch="False" />
                <line number="199" hits="7" branch="False" />
                <line number="201" hits="7" branch="False" />
                <line number="210" hits="7" branch="False" />
                <line number="212" hits="7" branch="False" />
                <line number="216" hits="7" branch="False" />
                <line number="218" hits="7" branch="False" />
                <line number="220" hits="7" branch="False" />
                <line number="221" hits="7" branch="False" />
                <line number="222" hits="7" branch="False" />
                <line number="229" hits="7" branch="False" />
                <line number="231" hits="7" branch="False" />
                <line number="235" hits="7" branch="False" />
                <line number="236" hits="7" branch="False" />
                <line number="237" hits="7" branch="True" condition-coverage="50% (1/2)">
                  <conditions>
                    <condition number="538" type="jump" coverage="50%" />
                  </conditions>
                </line>
                <line number="238" hits="7" branch="False" />
                <line number="239" hits="0" branch="False" />
                <line number="240" hits="0" branch="False" />
                <line number="241" hits="0" branch="True" condition-coverage="0% (0/2)">
                  <conditions>
                    <condition number="583" type="jump" coverage="0%" />
                  </conditions>
                </line>
                <line number="244" hits="0" branch="False" />
                <line number="246" hits="7" branch="False" />
              </lines>
            </method>
          </methods>
          <lines>
            <line number="187" hits="7" branch="False" />
            <line number="188" hits="7" branch="True" condition-coverage="50% (1/2)">
              <conditions>
                <condition number="30" type="jump" coverage="50%" />
              </conditions>
            </line>
            <line number="190" hits="7" branch="False" />
            <line number="192" hits="7" branch="False" />
            <line number="195" hits="7" branch="True" condition-coverage="50% (1/2)">
              <conditions>
                <condition number="267" type="jump" coverage="50%" />
              </conditions>
            </line>
            <line number="196" hits="7" branch="False" />
            <line number="199" hits="7" branch="False" />
            <line number="201" hits="7" branch="False" />
            <line number="210" hits="7" branch="False" />
            <line number="212" hits="7" branch="False" />
            <line number="216" hits="7" branch="False" />
            <line number="218" hits="7" branch="False" />
            <line number="220" hits="7" branch="False" />
            <line number="221" hits="7" branch="False" />
            <line number="222" hits="7" branch="False" />
            <line number="229" hits="7" branch="False" />
            <line number="231" hits="7" branch="False" />
            <line number="235" hits="7" branch="False" />
            <line number="236" hits="7" branch="False" />
            <line number="237" hits="7" branch="True" condition-coverage="50% (1/2)">
              <conditions>
                <condition number="538" type="jump" coverage="50%" />
              </conditions>
            </line>
            <line number="238" hits="7" branch="False" />
            <line number="239" hits="0" branch="False" />
            <line number="240" hits="0" branch="False" />
            <line number="241" hits="0" branch="True" condition-coverage="0% (0/2)">
              <conditions>
                <condition number="583" type="jump" coverage="0%" />
              </conditions>
            </line>
            <line number="244" hits="0" branch="False" />
            <line number="246" hits="7" branch="False" />
          </lines>
        </class>
        <class name="core.jarvis.Data.TestDataContext/&lt;FetchById&gt;d__10" filename="Data\TestDataContext.cs" line-rate="1" branch-rate="1" complexity="1">
          <methods>
            <method name="MoveNext" signature="()" line-rate="1" branch-rate="1" complexity="1">
              <lines>
                <line number="147" hits="1" branch="False" />
                <line number="148" hits="1" branch="False" />
                <line number="153" hits="1" branch="False" />
              </lines>
            </method>
          </methods>
          <lines>
            <line number="147" hits="1" branch="False" />
            <line number="148" hits="1" branch="False" />
            <line number="153" hits="1" branch="False" />
          </lines>
        </class>
        <class name="core.jarvis.Data.TestDataContext/&lt;FetchById&gt;d__11" filename="Data\TestDataContext.cs" line-rate="0.7646999999999999" branch-rate="0.75" complexity="4">
          <methods>
            <method name="MoveNext" signature="()" line-rate="0.7646999999999999" branch-rate="0.75" complexity="4">
              <lines>
                <line number="157" hits="2" branch="False" />
                <line number="159" hits="2" branch="False" />
                <line number="160" hits="2" branch="False" />
                <line number="161" hits="2" branch="True" condition-coverage="100% (2/2)">
                  <conditions>
                    <condition number="210" type="jump" coverage="100%" />
                  </conditions>
                </line>
                <line number="162" hits="1" branch="False" />
                <line number="163" hits="1" branch="False" />
                <line number="164" hits="1" branch="False" />
                <line number="166" hits="1" branch="False" />
                <line number="168" hits="1" branch="True" condition-coverage="50% (1/2)">
                  <conditions>
                    <condition number="342" type="jump" coverage="50%" />
                  </conditions>
                </line>
                <line number="170" hits="1" branch="False" />
                <line number="171" hits="1" branch="False" />
                <line number="172" hits="2" branch="False" />
                <line number="173" hits="0" branch="False" />
                <line number="174" hits="0" branch="False" />
                <line number="175" hits="0" branch="False" />
                <line number="176" hits="0" branch="False" />
                <line number="177" hits="2" branch="False" />
              </lines>
            </method>
          </methods>
          <lines>
            <line number="157" hits="2" branch="False" />
            <line number="159" hits="2" branch="False" />
            <line number="160" hits="2" branch="False" />
            <line number="161" hits="2" branch="True" condition-coverage="100% (2/2)">
              <conditions>
                <condition number="210" type="jump" coverage="100%" />
              </conditions>
            </line>
            <line number="162" hits="1" branch="False" />
            <line number="163" hits="1" branch="False" />
            <line number="164" hits="1" branch="False" />
            <line number="166" hits="1" branch="False" />
            <line number="168" hits="1" branch="True" condition-coverage="50% (1/2)">
              <conditions>
                <condition number="342" type="jump" coverage="50%" />
              </conditions>
            </line>
            <line number="170" hits="1" branch="False" />
            <line number="171" hits="1" branch="False" />
            <line number="172" hits="2" branch="False" />
            <line number="173" hits="0" branch="False" />
            <line number="174" hits="0" branch="False" />
            <line number="175" hits="0" branch="False" />
            <line number="176" hits="0" branch="False" />
            <line number="177" hits="2" branch="False" />
          </lines>
        </class>
        <class name="core.jarvis.Data.TestDataContext/&lt;FetchById&gt;d__12`1" filename="Data\TestDataContext.cs" line-rate="1" branch-rate="1" complexity="2">
          <methods>
            <method name="MoveNext" signature="()" line-rate="1" branch-rate="1" complexity="2">
              <lines>
                <line number="181" hits="3" branch="False" />
                <line number="182" hits="3" branch="False" />
                <line number="183" hits="3" branch="True" condition-coverage="100% (2/2)">
                  <conditions>
                    <condition number="153" type="jump" coverage="100%" />
                  </conditions>
                </line>
                <line number="184" hits="3" branch="False" />
              </lines>
            </method>
          </methods>
          <lines>
            <line number="181" hits="3" branch="False" />
            <line number="182" hits="3" branch="False" />
            <line number="183" hits="3" branch="True" condition-coverage="100% (2/2)">
              <conditions>
                <condition number="153" type="jump" coverage="100%" />
              </conditions>
            </line>
            <line number="184" hits="3" branch="False" />
          </lines>
        </class>
        <class name="core.jarvis.Data.TestDataContext/&lt;FetchById&gt;d__9" filename="Data\TestDataContext.cs" line-rate="0.5238" branch-rate="0.375" complexity="16">
          <methods>
            <method name="MoveNext" signature="()" line-rate="0.5238" branch-rate="0.375" complexity="16">
              <lines>
                <line number="114" hits="12" branch="False" />
                <line number="115" hits="12" branch="True" condition-coverage="100% (2/2)">
                  <conditions>
                    <condition number="48" type="jump" coverage="100%" />
                  </conditions>
                </line>
                <line number="116" hits="9" branch="False" />
                <line number="117" hits="9" branch="True" condition-coverage="50% (1/2)">
                  <conditions>
                    <condition number="63" type="jump" coverage="50%" />
                  </conditions>
                </line>
                <line number="119" hits="9" branch="False" />
                <line number="122" hits="3" branch="True" condition-coverage="50% (1/2)">
                  <conditions>
                    <condition number="134" type="jump" coverage="50%" />
                  </conditions>
                </line>
                <line number="123" hits="3" branch="False" />
                <line number="124" hits="3" branch="True" condition-coverage="50% (1/2)">
                  <conditions>
                    <condition number="331" type="jump" coverage="50%" />
                  </conditions>
                </line>
                <line number="125" hits="0" branch="False" />
                <line number="126" hits="0" branch="True" condition-coverage="0% (0/2)">
                  <conditions>
                    <condition number="369" type="jump" coverage="0%" />
                  </conditions>
                </line>
                <line number="127" hits="0" branch="False" />
                <line number="128" hits="0" branch="True" condition-coverage="0% (0/2)">
                  <conditions>
                    <condition number="384" type="jump" coverage="0%" />
                  </conditions>
                </line>
                <line number="129" hits="0" branch="False" />
                <line number="132" hits="0" branch="False" />
                <line number="133" hits="0" branch="True" condition-coverage="0% (0/2)">
                  <conditions>
                    <condition number="456" type="jump" coverage="0%" />
                  </conditions>
                </line>
                <line number="134" hits="0" branch="False" />
                <line number="135" hits="0" branch="False" />
                <line number="137" hits="0" branch="False" />
                <line number="141" hits="3" branch="True" condition-coverage="50% (1/2)">
                  <conditions>
                    <condition number="524" type="jump" coverage="50%" />
                  </conditions>
                </line>
                <line number="142" hits="3" branch="False" />
                <line number="143" hits="12" branch="False" />
              </lines>
            </method>
          </methods>
          <lines>
            <line number="114" hits="12" branch="False" />
            <line number="115" hits="12" branch="True" condition-coverage="100% (2/2)">
              <conditions>
                <condition number="48" type="jump" coverage="100%" />
              </conditions>
            </line>
            <line number="116" hits="9" branch="False" />
            <line number="117" hits="9" branch="True" condition-coverage="50% (1/2)">
              <conditions>
                <condition number="63" type="jump" coverage="50%" />
              </conditions>
            </line>
            <line number="119" hits="9" branch="False" />
            <line number="122" hits="3" branch="True" condition-coverage="50% (1/2)">
              <conditions>
                <condition number="134" type="jump" coverage="50%" />
              </conditions>
            </line>
            <line number="123" hits="3" branch="False" />
            <line number="124" hits="3" branch="True" condition-coverage="50% (1/2)">
              <conditions>
                <condition number="331" type="jump" coverage="50%" />
              </conditions>
            </line>
            <line number="125" hits="0" branch="False" />
            <line number="126" hits="0" branch="True" condition-coverage="0% (0/2)">
              <conditions>
                <condition number="369" type="jump" coverage="0%" />
              </conditions>
            </line>
            <line number="127" hits="0" branch="False" />
            <line number="128" hits="0" branch="True" condition-coverage="0% (0/2)">
              <conditions>
                <condition number="384" type="jump" coverage="0%" />
              </conditions>
            </line>
            <line number="129" hits="0" branch="False" />
            <line number="132" hits="0" branch="False" />
            <line number="133" hits="0" branch="True" condition-coverage="0% (0/2)">
              <conditions>
                <condition number="456" type="jump" coverage="0%" />
              </conditions>
            </line>
            <line number="134" hits="0" branch="False" />
            <line number="135" hits="0" branch="False" />
            <line number="137" hits="0" branch="False" />
            <line number="141" hits="3" branch="True" condition-coverage="50% (1/2)">
              <conditions>
                <condition number="524" type="jump" coverage="50%" />
              </conditions>
            </line>
            <line number="142" hits="3" branch="False" />
            <line number="143" hits="12" branch="False" />
          </lines>
        </class>
        <class name="core.jarvis.Data.TestDataContext/&lt;FetchByType&gt;d__14`1" filename="Data\TestDataContext.cs" line-rate="0" branch-rate="0" complexity="10">
          <methods>
            <method name="MoveNext" signature="()" line-rate="0" branch-rate="0" complexity="10">
              <lines>
[...]
            <line number="45" hits="4" branch="False" />
            <line number="46" hits="4" branch="False" />
            <line number="105" hits="2" branch="False" />
            <line number="107" hits="2" branch="False" />
            <line number="109" hits="2" branch="False" />
            <line number="110" hits="2" branch="False" />
            <line number="111" hits="2" branch="True" condition-coverage="50% (3/6)">
              <conditions>
                <condition number="40" type="jump" coverage="50%" />
                <condition number="60" type="jump" coverage="50%" />
                <condition number="72" type="jump" coverage="50%" />
              </conditions>
            </line>
            <line number="112" hits="2" branch="False" />
            <line number="114" hits="0" branch="False" />
            <line number="115" hits="0" branch="False" />
            <line number="116" hits="0" branch="True" condition-coverage="0% (0/2)">
              <conditions>
                <condition number="107" type="jump" coverage="0%" />
              </conditions>
            </line>
            <line number="119" hits="0" branch="False" />
            <line number="121" hits="2" branch="False" />
            <line number="124" hits="2" branch="False" />
            <line number="126" hits="2" branch="False" />
            <line number="127" hits="2" branch="False" />
            <line number="128" hits="2" branch="False" />
            <line number="132" hits="2" branch="False" />
            <line number="134" hits="2" branch="False" />
            <line number="15" hits="20" branch="False" />
            <line number="20" hits="20" branch="False" />
            <line number="21" hits="20" branch="False" />
            <line number="22" hits="20" branch="False" />
            <line number="23" hits="20" branch="False" />
            <line number="24" hits="20" branch="False" />
            <line number="25" hits="20" branch="False" />
          </lines>
        </class>
        <class name="core.jarvis.Data.Query.QueryBuilderBase/&lt;Build&gt;d__14" filename="Data\Query\QueryBuilderBase.cs" line-rate="0.6666" branch-rate="0.44439999999999996" complexity="36">
          <methods>
            <method name="MoveNext" signature="()" line-rate="0.6666" branch-rate="0.44439999999999996" complexity="36">
              <lines>
                <line number="50" hits="2" branch="False" />
                <line number="51" hits="2" branch="True" condition-coverage="50% (1/2)">
                  <conditions>
                    <condition number="98" type="jump" coverage="50%" />
                  </conditions>
                </line>
                <line number="53" hits="2" branch="False" />
                <line number="54" hits="2" branch="False" />
                <line number="55" hits="2" branch="False" />
                <line number="58" hits="2" branch="True" condition-coverage="66.66% (4/6)">
                  <conditions>
                    <condition number="224" type="jump" coverage="50%" />
                    <condition number="237" type="jump" coverage="50%" />
                    <condition number="270" type="jump" coverage="100%" />
                  </conditions>
                </line>
                <line number="59" hits="2" branch="False" />
                <line number="60" hits="2" branch="False" />
                <line number="61" hits="2" branch="True" condition-coverage="50% (1/2)">
                  <conditions>
                    <condition number="311" type="jump" coverage="50%" />
                  </conditions>
                </line>
                <line number="62" hits="2" branch="True" condition-coverage="50% (1/2)">
                  <conditions>
                    <condition number="372" type="jump" coverage="50%" />
                  </conditions>
                </line>
                <line number="63" hits="0" branch="False" />
                <line number="64" hits="0" branch="True" condition-coverage="0% (0/4)">
                  <conditions>
                    <condition number="390" type="jump" coverage="0%" />
                    <condition number="424" type="jump" coverage="0%" />
                  </conditions>
                </line>
                <line number="65" hits="0" branch="True" condition-coverage="0% (0/2)">
                  <conditions>
                    <condition number="460" type="jump" coverage="0%" />
                  </conditions>
                </line>
                <line number="66" hits="0" branch="False" />
                <line number="68" hits="0" branch="True" condition-coverage="0% (0/2)">
                  <conditions>
                    <condition number="579" type="jump" coverage="0%" />
                  </conditions>
                </line>
                <line number="69" hits="0" branch="False" />
                <line number="70" hits="0" branch="False" />
                <line number="71" hits="0" branch="False" />
                <line number="72" hits="0" branch="False" />
                <line number="75" hits="0" branch="False" />
                <line number="76" hits="0" branch="True" condition-coverage="0% (0/2)">
                  <conditions>
                    <condition number="656" type="jump" coverage="0%" />
                  </conditions>
                </line>
                <line number="78" hits="0" branch="False" />
                <line number="79" hits="0" branch="False" />
                <line number="81" hits="2" branch="False" />
                <line number="82" hits="2" branch="True" condition-coverage="50% (1/2)">
                  <conditions>
                    <condition number="704" type="jump" coverage="50%" />
                  </conditions>
                </line>
                <line number="83" hits="2" branch="False" />
                <line number="84" hits="2" branch="False" />
                <line number="88" hits="2" branch="False" />
                <line number="89" hits="14" branch="True" condition-coverage="100% (2/2)">
                  <conditions>
                    <condition number="1048" type="jump" coverage="100%" />
                  </conditions>
                </line>
                <line number="90" hits="4" branch="False" />
                <line number="91" hits="4" branch="False" />
                <line number="92" hits="4" branch="False" />
                <line number="93" hits="4" branch="False" />
                <line number="96" hits="2" branch="True" condition-coverage="62.5% (5/8)">
                  <conditions>
                    <condition number="1277" type="jump" coverage="50%" />
                    <condition number="1290" type="jump" coverage="50%" />
                    <condition number="1298" type="jump" coverage="50%" />
                    <condition number="1316" type="jump" coverage="100%" />
                  </conditions>
                </line>
                <line number="97" hits="2" branch="False" />
                <line number="98" hits="2" branch="True" condition-coverage="50% (1/2)">
                  <conditions>
                    <condition number="1331" type="jump" coverage="50%" />
                  </conditions>
                </line>
                <line number="99" hits="2" branch="False" />
                <line number="100" hits="2" branch="False" />
                <line number="101" hits="2" branch="False" />
              </lines>
            </method>
          </methods>
          <lines>
            <line number="50" hits="2" branch="False" />
            <line number="51" hits="2" branch="True" condition-coverage="50% (1/2)">
              <conditions>
                <condition number="98" type="jump" coverage="50%" />
              </conditions>
            </line>
            <line number="53" hits="2" branch="False" />
            <line number="54" hits="2" branch="False" />
            <line number="55" hits="2" branch="False" />
            <line number="58" hits="2" branch="True" condition-coverage="66.66% (4/6)">
              <conditions>
                <condition number="224" type="jump" coverage="50%" />
                <condition number="237" type="jump" coverage="50%" />
                <condition number="270" type="jump" coverage="100%" />
              </conditions>
            </line>
            <line number="59" hits="2" branch="False" />
            <line number="60" hits="2" branch="False" />
            <line number="61" hits="2" branch="True" condition-coverage="50% (1/2)">
              <conditions>
                <condition number="311" type="jump" coverage="50%" />
              </conditions>
            </line>
            <line number="62" hits="2" branch="True" condition-coverage="50% (1/2)">
              <conditions>
                <condition number="372" type="jump" coverage="50%" />
              </conditions>
            </line>
            <line number="63" hits="0" branch="False" />
            <line number="64" hits="0" branch="True" condition-coverage="0% (0/4)">
              <conditions>
                <condition number="390" type="jump" coverage="0%" />
                <condition number="424" type="jump" coverage="0%" />
              </conditions>
            </line>
            <line number="65" hits="0" branch="True" condition-coverage="0% (0/2)">
              <conditions>
                <condition number="460" type="jump" coverage="0%" />
              </conditions>
            </line>
            <line number="66" hits="0" branch="False" />
            <line number="68" hits="0" branch="True" condition-coverage="0% (0/2)">
              <conditions>
                <condition number="579" type="jump" coverage="0%" />
              </conditions>
            </line>
            <line number="69" hits="0" branch="False" />
            <line number="70" hits="0" branch="False" />
            <line number="71" hits="0" branch="False" />
            <line number="72" hits="0" branch="False" />
            <line number="75" hits="0" branch="False" />
            <line number="76" hits="0" branch="True" condition-coverage="0% (0/2)">
              <conditions>
                <condition number="656" type="jump" coverage="0%" />
              </conditions>
            </line>
            <line number="78" hits="0" branch="False" />
            <line number="79" hits="0" branch="False" />
            <line number="81" hits="2" branch="False" />
            <line number="82" hits="2" branch="True" condition-coverage="50% (1/2)">
              <conditions>
                <condition number="704" type="jump" coverage="50%" />
              </conditions>
            </line>
            <line number="83" hits="2" branch="False" />
            <line number="84" hits="2" branch="False" />
            <line number="88" hits="2" branch="False" />
            <line number="89" hits="14" branch="True" condition-coverage="100% (2/2)">
              <conditions>
                <condition number="1048" type="jump" coverage="100%" />
              </conditions>
            </line>
            <line number="90" hits="4" branch="False" />
            <line number="91" hits="4" branch="False" />
            <line number="92" hits="4" branch="False" />
            <line number="93" hits="4" branch="False" />
            <line number="96" hits="2" branch="True" condition-coverage="62.5% (5/8)">
              <conditions>
                <condition number="1277" type="jump" coverage="50%" />
                <condition number="1290" type="jump" coverage="50%" />
                <condition number="1298" type="jump" coverage="50%" />
                <condition number="1316" type="jump" coverage="100%" />
              </conditions>
            </line>
            <line number="97" hits="2" branch="False" />
            <line number="98" hits="2" branch="True" condition-coverage="50% (1/2)">
              <conditions>
                <condition number="1331" type="jump" coverage="50%" />
              </conditions>
            </line>
            <line number="99" hits="2" branch="False" />
            <line number="100" hits="2" branch="False" />
            <line number="101" hits="2" branch="False" />
          </lines>
        </class>
        <class name="core.jarvis.Data.Query.QueryResultExtensions/&lt;Each&gt;d__0`2" filename="Data\Query\QueryResultExtensions.cs" line-rate="0.7241" branch-rate="0.4583" complexity="24">
          <methods>
            <method name="MoveNext" signature="()" line-rate="0.7241" branch-rate="0.4583" complexity="24">
              <lines>
                <line number="26" hits="1" branch="False" />
                <line number="27" hits="1" branch="True" condition-coverage="50% (1/2)">
                  <conditions>
                    <condition number="40" type="jump" coverage="50%" />
                  </conditions>
                </line>
                <line number="28" hits="1" branch="True" condition-coverage="50% (1/2)">
                  <conditions>
                    <condition number="64" type="jump" coverage="50%" />
                  </conditions>
                </line>
                <line number="30" hits="1" branch="True" condition-coverage="50% (1/2)">
                  <conditions>
                    <condition number="84" type="jump" coverage="50%" />
                  </conditions>
                </line>
                <line number="31" hits="1" branch="False" />
                <line number="32" hits="7" branch="True" condition-coverage="100% (2/2)">
                  <conditions>
                    <condition number="747" type="jump" coverage="100%" />
                  </conditions>
                </line>
                <line number="33" hits="2" branch="False" />
                <line number="34" hits="2" branch="True" condition-coverage="100% (2/2)">
                  <conditions>
                    <condition number="237" type="jump" coverage="100%" />
                  </conditions>
                </line>
                <line number="36" hits="2" branch="False" />
                <line number="37" hits="2" branch="False" />
                <line number="38" hits="2" branch="False" />
                <line number="40" hits="2" branch="True" condition-coverage="50% (3/6)">
                  <conditions>
                    <condition number="301" type="jump" coverage="50%" />
                    <condition number="314" type="jump" coverage="50%" />
                    <condition number="337" type="jump" coverage="50%" />
                  </conditions>
                </line>
                <line number="41" hits="2" branch="False" />
                <line number="43" hits="2" branch="False" />
                <line number="44" hits="2" branch="False" />
                <line number="45" hits="2" branch="False" />
                <line number="46" hits="2" branch="False" />
                <line number="47" hits="0" branch="False" />
                <line number="48" hits="0" branch="False" />
                <line number="49" hits="0" branch="True" condition-coverage="0% (0/2)">
                  <conditions>
                    <condition number="413" type="jump" coverage="0%" />
                  </conditions>
                </line>
                <line number="51" hits="0" branch="False" />
                <line number="53" hits="2" branch="False" />
                <line number="55" hits="0" branch="False" />
                <line number="56" hits="0" branch="True" condition-coverage="0% (0/4)">
                  <conditions>
                    <condition number="487" type="jump" coverage="0%" />
                    <condition number="536" type="jump" coverage="0%" />
                  </conditions>
                </line>
                <line number="57" hits="0" branch="False" />
                <line number="58" hits="0" branch="False" />
                <line number="59" hits="2" branch="False" />
                <line number="60" hits="1" branch="True" condition-coverage="50% (1/2)">
                  <conditions>
                    <condition number="952" type="jump" coverage="50%" />
                  </conditions>
                </line>
                <line number="61" hits="1" branch="False" />
              </lines>
            </method>
          </methods>
          <lines>
            <line number="26" hits="1" branch="False" />
            <line number="27" hits="1" branch="True" condition-coverage="50% (1/2)">
              <conditions>
                <condition number="40" type="jump" coverage="50%" />
              </conditions>
            </line>
            <line number="28" hits="1" branch="True" condition-coverage="50% (1/2)">
              <conditions>
                <condition number="64" type="jump" coverage="50%" />
              </conditions>
            </line>
            <line number="30" hits="1" branch="True" condition-coverage="50% (1/2)">
              <conditions>
                <condition number="84" type="jump" coverage="50%" />
              </conditions>
            </line>
            <line number="31" hits="1" branch="False" />
            <line number="32" hits="7" branch="True" condition-coverage="100% (2/2)">
              <conditions>
                <condition number="747" type="jump" coverage="100%" />
              </conditions>
            </line>
            <line number="33" hits="2" branch="False" />
            <line number="34" hits="2" branch="True" condition-coverage="100% (2/2)">
              <conditions>
                <condition number="237" type="jump" coverage="100%" />
              </conditions>
            </line>
            <line number="36" hits="2" branch="False" />
            <line number="37" hits="2" branch="False" />
            <line number="38" hits="2" branch="False" />
            <line number="40" hits="2" branch="True" condition-coverage="50% (3/6)">
              <conditions>
                <condition number="301" type="jump" coverage="50%" />
                <condition number="314" type="jump" coverage="50%" />
                <condition number="337" type="jump" coverage="50%" />
              </conditions>
            </line>
            <line number="41" hits="2" branch="False" />
            <line number="43" hits="2" branch="False" />
            <line number="44" hits="2" branch="False" />
            <line number="45" hits="2" branch="False" />
            <line number="46" hits="2" branch="False" />
            <line number="47" hits="0" branch="False" />
            <line number="48" hits="0" branch="False" />
            <line number="49" hits="0" branch="True" condition-coverage="0% (0/2)">
              <conditions>
                <condition number="413" type="jump" coverage="0%" />
              </conditions>
            </line>
            <line number="51" hits="0" branch="False" />
            <line number="53" hits="2" branch="False" />
            <line number="55" hits="0" branch="False" />
            <line number="56" hits="0" branch="True" condition-coverage="0% (0/4)">
              <conditions>
                <condition number="487" type="jump" coverage="0%" />
                <condition number="536" type="jump" coverage="0%" />
              </conditions>
            </line>
            <line number="57" hits="0" branch="False" />
            <line number="58" hits="0" branch="False" />
            <line number="59" hits="2" branch="False" />
            <line number="60" hits="1" branch="True" condition-coverage="50% (1/2)">
              <conditions>
                <condition number="952" type="jump" coverage="50%" />
              </conditions>
            </line>
            <line number="61" hits="1" branch="False" />
          </lines>
        </class>
      </classes>
    </package>
  </packages>
</coverage>